ERROR - 2024-05-18 13:00:02 --> Error connecting to the database: mysqli_sql_exception: No connection could be made because the target machine actively refused it in C:\Users\solehudin1725\Documents\MATERI PERKULIAHAN SMT 6\project_skincare_uniba\vendor\codeigniter4\framework\system\Database\MySQLi\Connection.php:186
Stack trace:
#0 C:\Users\solehudin1725\Documents\MATERI PERKULIAHAN SMT 6\project_skincare_uniba\vendor\codeigniter4\framework\system\Database\MySQLi\Connection.php(186): mysqli->real_connect('localhost', 'root', Object(SensitiveParameterValue), 'db_msglow', 3306, '', 0)
#1 C:\Users\solehudin1725\Documents\MATERI PERKULIAHAN SMT 6\project_skincare_uniba\vendor\codeigniter4\framework\system\Database\BaseConnection.php(421): CodeIgniter\Database\MySQLi\Connection->connect(false)
#2 C:\Users\solehudin1725\Documents\MATERI PERKULIAHAN SMT 6\project_skincare_uniba\vendor\codeigniter4\framework\system\Database\BaseConnection.php(604): CodeIgniter\Database\BaseConnection->initialize()
#3 C:\Users\solehudin1725\Documents\MATERI PERKULIAHAN SMT 6\project_skincare_uniba\vendor\codeigniter4\framework\system\Database\BaseBuilder.php(1629): CodeIgniter\Database\BaseConnection->query('SELECT `product...', Array, false)
#4 C:\Users\solehudin1725\Documents\MATERI PERKULIAHAN SMT 6\project_skincare_uniba\app\Models\ModelBuilder.php(26): CodeIgniter\Database\BaseBuilder->get()
#5 C:\Users\solehudin1725\Documents\MATERI PERKULIAHAN SMT 6\project_skincare_uniba\app\Controllers\Pages.php(14): App\Models\ModelBuilder->joinData()
#6 C:\Users\solehudin1725\Documents\MATERI PERKULIAHAN SMT 6\project_skincare_uniba\vendor\codeigniter4\framework\system\CodeIgniter.php(933): App\Controllers\Pages->index()
#7 C:\Users\solehudin1725\Documents\MATERI PERKULIAHAN SMT 6\project_skincare_uniba\vendor\codeigniter4\framework\system\CodeIgniter.php(509): CodeIgniter\CodeIgniter->runController(Object(App\Controllers\Pages))
#8 C:\Users\solehudin1725\Documents\MATERI PERKULIAHAN SMT 6\project_skincare_uniba\vendor\codeigniter4\framework\system\CodeIgniter.php(355): CodeIgniter\CodeIgniter->handleRequest(NULL, Object(Config\Cache), false)
#9 C:\Users\solehudin1725\Documents\MATERI PERKULIAHAN SMT 6\project_skincare_uniba\vendor\codeigniter4\framework\system\Boot.php(312): CodeIgniter\CodeIgniter->run()
#10 C:\Users\solehudin1725\Documents\MATERI PERKULIAHAN SMT 6\project_skincare_uniba\vendor\codeigniter4\framework\system\Boot.php(67): CodeIgniter\Boot::runCodeIgniter(Object(CodeIgniter\CodeIgniter))
#11 C:\Users\solehudin1725\Documents\MATERI PERKULIAHAN SMT 6\project_skincare_uniba\public\index.php(56): CodeIgniter\Boot::bootWeb(Object(Config\Paths))
#12 C:\Users\solehudin1725\Documents\MATERI PERKULIAHAN SMT 6\project_skincare_uniba\vendor\codeigniter4\framework\system\Commands\Server\rewrite.php(49): require_once('C:\\Users\\solehu...')
#13 {main}

Next CodeIgniter\Database\Exceptions\DatabaseException: No connection could be made because the target machine actively refused it in C:\Users\solehudin1725\Documents\MATERI PERKULIAHAN SMT 6\project_skincare_uniba\vendor\codeigniter4\framework\system\Database\MySQLi\Connection.php:231
Stack trace:
#0 C:\Users\solehudin1725\Documents\MATERI PERKULIAHAN SMT 6\project_skincare_uniba\vendor\codeigniter4\framework\system\Database\BaseConnection.php(421): CodeIgniter\Database\MySQLi\Connection->connect(false)
#1 C:\Users\solehudin1725\Documents\MATERI PERKULIAHAN SMT 6\project_skincare_uniba\vendor\codeigniter4\framework\system\Database\BaseConnection.php(604): CodeIgniter\Database\BaseConnection->initialize()
#2 C:\Users\solehudin1725\Documents\MATERI PERKULIAHAN SMT 6\project_skincare_uniba\vendor\codeigniter4\framework\system\Database\BaseBuilder.php(1629): CodeIgniter\Database\BaseConnection->query('SELECT `product...', Array, false)
#3 C:\Users\solehudin1725\Documents\MATERI PERKULIAHAN SMT 6\project_skincare_uniba\app\Models\ModelBuilder.php(26): CodeIgniter\Database\BaseBuilder->get()
#4 C:\Users\solehudin1725\Documents\MATERI PERKULIAHAN SMT 6\project_skincare_uniba\app\Controllers\Pages.php(14): App\Models\ModelBuilder->joinData()
#5 C:\Users\solehudin1725\Documents\MATERI PERKULIAHAN SMT 6\project_skincare_uniba\vendor\codeigniter4\framework\system\CodeIgniter.php(933): App\Controllers\Pages->index()
#6 C:\Users\solehudin1725\Documents\MATERI PERKULIAHAN SMT 6\project_skincare_uniba\vendor\codeigniter4\framework\system\CodeIgniter.php(509): CodeIgniter\CodeIgniter->runController(Object(App\Controllers\Pages))
#7 C:\Users\solehudin1725\Documents\MATERI PERKULIAHAN SMT 6\project_skincare_uniba\vendor\codeigniter4\framework\system\CodeIgniter.php(355): CodeIgniter\CodeIgniter->handleRequest(NULL, Object(Config\Cache), false)
#8 C:\Users\solehudin1725\Documents\MATERI PERKULIAHAN SMT 6\project_skincare_uniba\vendor\codeigniter4\framework\system\Boot.php(312): CodeIgniter\CodeIgniter->run()
#9 C:\Users\solehudin1725\Documents\MATERI PERKULIAHAN SMT 6\project_skincare_uniba\vendor\codeigniter4\framework\system\Boot.php(67): CodeIgniter\Boot::runCodeIgniter(Object(CodeIgniter\CodeIgniter))
#10 C:\Users\solehudin1725\Documents\MATERI PERKULIAHAN SMT 6\project_skincare_uniba\public\index.php(56): CodeIgniter\Boot::bootWeb(Object(Config\Paths))
#11 C:\Users\solehudin1725\Documents\MATERI PERKULIAHAN SMT 6\project_skincare_uniba\vendor\codeigniter4\framework\system\Commands\Server\rewrite.php(49): require_once('C:\\Users\\solehu...')
#12 {main}
CRITICAL - 2024-05-18 13:00:02 --> CodeIgniter\Database\Exceptions\DatabaseException: Unable to connect to the database.
Main connection [MySQLi]: No connection could be made because the target machine actively refused it
[Method: GET, Route: /]
in SYSTEMPATH\Database\BaseConnection.php on line 457.
 1 SYSTEMPATH\Database\BaseConnection.php(604): CodeIgniter\Database\BaseConnection->initialize()
 2 SYSTEMPATH\Database\BaseBuilder.php(1629): CodeIgniter\Database\BaseConnection->query('SELECT `products`.`id`, `products`.`product_name`, `product_details`.`image`, `product_details`.`slug`, `product_details`.`price`
FROM `products`
JOIN `product_details` ON `products`.`id` = `product_details`.`id_product`', [], false)
 3 APPPATH\Models\ModelBuilder.php(26): CodeIgniter\Database\BaseBuilder->get()
 4 APPPATH\Controllers\Pages.php(14): App\Models\ModelBuilder->joinData()
 5 SYSTEMPATH\CodeIgniter.php(933): App\Controllers\Pages->index()
 6 SYSTEMPATH\CodeIgniter.php(509): CodeIgniter\CodeIgniter->runController(Object(App\Controllers\Pages))
 7 SYSTEMPATH\CodeIgniter.php(355): CodeIgniter\CodeIgniter->handleRequest(null, Object(Config\Cache), false)
 8 SYSTEMPATH\Boot.php(312): CodeIgniter\CodeIgniter->run()
 9 SYSTEMPATH\Boot.php(67): CodeIgniter\Boot::runCodeIgniter(Object(CodeIgniter\CodeIgniter))
10 FCPATH\index.php(56): CodeIgniter\Boot::bootWeb(Object(Config\Paths))
11 SYSTEMPATH\Commands\Server\rewrite.php(49): require_once('C:\\Users\\solehudin1725\\Documents\\MATERI PERKULIAHAN SMT 6\\project_skincare_uniba\\public\\index.php')
INFO - 2024-05-18 13:07:58 --> Session: Class initialized using 'CodeIgniter\Session\Handlers\FileHandler' driver.
INFO - 2024-05-18 13:08:07 --> Session: Class initialized using 'CodeIgniter\Session\Handlers\FileHandler' driver.
INFO - 2024-05-18 14:00:13 --> Session: Class initialized using 'CodeIgniter\Session\Handlers\FileHandler' driver.
INFO - 2024-05-18 14:01:46 --> Session: Class initialized using 'CodeIgniter\Session\Handlers\FileHandler' driver.
INFO - 2024-05-18 14:03:04 --> Session: Class initialized using 'CodeIgniter\Session\Handlers\FileHandler' driver.
CRITICAL - 2024-05-18 14:03:06 --> TypeError: number_format(): Argument #2 ($decimals) must be of type int, string given
[Method: GET, Route: detail/loose-powder]
in APPPATH\Views\produk\detail.php on line 105.
 1 APPPATH\Views\produk\detail.php(105): number_format('98000', ',')
 2 SYSTEMPATH\View\View.php(234): include('C:\\Users\\solehudin1725\\Documents\\MATERI PERKULIAHAN SMT 6\\project_skincare_uniba\\app\\Views\\produk\\detail.php')
 3 SYSTEMPATH\View\View.php(237): CodeIgniter\View\View->CodeIgniter\View\{closure}()
 4 SYSTEMPATH\Common.php(1171): CodeIgniter\View\View->render('produk/detail', [], true)
 5 APPPATH\Controllers\ProdukKategori.php(38): view('produk/detail', [...])
 6 SYSTEMPATH\CodeIgniter.php(933): App\Controllers\ProdukKategori->detail('loose-powder')
 7 SYSTEMPATH\CodeIgniter.php(509): CodeIgniter\CodeIgniter->runController(Object(App\Controllers\ProdukKategori))
 8 SYSTEMPATH\CodeIgniter.php(355): CodeIgniter\CodeIgniter->handleRequest(null, Object(Config\Cache), false)
 9 SYSTEMPATH\Boot.php(312): CodeIgniter\CodeIgniter->run()
10 SYSTEMPATH\Boot.php(67): CodeIgniter\Boot::runCodeIgniter(Object(CodeIgniter\CodeIgniter))
11 FCPATH\index.php(56): CodeIgniter\Boot::bootWeb(Object(Config\Paths))
12 SYSTEMPATH\Commands\Server\rewrite.php(49): require_once('C:\\Users\\solehudin1725\\Documents\\MATERI PERKULIAHAN SMT 6\\project_skincare_uniba\\public\\index.php')
CRITICAL - 2024-05-18 14:32:04 --> ErrorException: Undefined property: stdClass::$category_name
[Method: GET, Route: detail/loose-powder]
in APPPATH\Views\produk\detail.php on line 15.
 1 APPPATH\Views\produk\detail.php(15): CodeIgniter\Debug\Exceptions->errorHandler(2, 'Undefined property: stdClass::$category_name', 'C:\\Users\\solehudin1725\\Documents\\MATERI PERKULIAHAN SMT 6\\project_skincare_uniba\\app\\Views\\produk\\detail.php', 15)
 2 SYSTEMPATH\View\View.php(234): include('C:\\Users\\solehudin1725\\Documents\\MATERI PERKULIAHAN SMT 6\\project_skincare_uniba\\app\\Views\\produk\\detail.php')
 3 SYSTEMPATH\View\View.php(237): CodeIgniter\View\View->CodeIgniter\View\{closure}()
 4 SYSTEMPATH\Common.php(1171): CodeIgniter\View\View->render('produk/detail', [], true)
 5 APPPATH\Controllers\ProdukKategori.php(38): view('produk/detail', [...])
 6 SYSTEMPATH\CodeIgniter.php(933): App\Controllers\ProdukKategori->detail('loose-powder')
 7 SYSTEMPATH\CodeIgniter.php(509): CodeIgniter\CodeIgniter->runController(Object(App\Controllers\ProdukKategori))
 8 SYSTEMPATH\CodeIgniter.php(355): CodeIgniter\CodeIgniter->handleRequest(null, Object(Config\Cache), false)
 9 SYSTEMPATH\Boot.php(312): CodeIgniter\CodeIgniter->run()
10 SYSTEMPATH\Boot.php(67): CodeIgniter\Boot::runCodeIgniter(Object(CodeIgniter\CodeIgniter))
11 FCPATH\index.php(56): CodeIgniter\Boot::bootWeb(Object(Config\Paths))
12 SYSTEMPATH\Commands\Server\rewrite.php(49): require_once('C:\\Users\\solehudin1725\\Documents\\MATERI PERKULIAHAN SMT 6\\project_skincare_uniba\\public\\index.php')
CRITICAL - 2024-05-18 14:33:24 --> ErrorException: Undefined property: stdClass::$category_name
[Method: GET, Route: detail/loose-powder]
in APPPATH\Views\produk\detail.php on line 15.
 1 APPPATH\Views\produk\detail.php(15): CodeIgniter\Debug\Exceptions->errorHandler(2, 'Undefined property: stdClass::$category_name', 'C:\\Users\\solehudin1725\\Documents\\MATERI PERKULIAHAN SMT 6\\project_skincare_uniba\\app\\Views\\produk\\detail.php', 15)
 2 SYSTEMPATH\View\View.php(234): include('C:\\Users\\solehudin1725\\Documents\\MATERI PERKULIAHAN SMT 6\\project_skincare_uniba\\app\\Views\\produk\\detail.php')
 3 SYSTEMPATH\View\View.php(237): CodeIgniter\View\View->CodeIgniter\View\{closure}()
 4 SYSTEMPATH\Common.php(1171): CodeIgniter\View\View->render('produk/detail', [], true)
 5 APPPATH\Controllers\ProdukKategori.php(38): view('produk/detail', [...])
 6 SYSTEMPATH\CodeIgniter.php(933): App\Controllers\ProdukKategori->detail('loose-powder')
 7 SYSTEMPATH\CodeIgniter.php(509): CodeIgniter\CodeIgniter->runController(Object(App\Controllers\ProdukKategori))
 8 SYSTEMPATH\CodeIgniter.php(355): CodeIgniter\CodeIgniter->handleRequest(null, Object(Config\Cache), false)
 9 SYSTEMPATH\Boot.php(312): CodeIgniter\CodeIgniter->run()
10 SYSTEMPATH\Boot.php(67): CodeIgniter\Boot::runCodeIgniter(Object(CodeIgniter\CodeIgniter))
11 FCPATH\index.php(56): CodeIgniter\Boot::bootWeb(Object(Config\Paths))
12 SYSTEMPATH\Commands\Server\rewrite.php(49): require_once('C:\\Users\\solehudin1725\\Documents\\MATERI PERKULIAHAN SMT 6\\project_skincare_uniba\\public\\index.php')
CRITICAL - 2024-05-18 14:33:25 --> ErrorException: Undefined property: stdClass::$category_name
[Method: GET, Route: detail/loose-powder]
in APPPATH\Views\produk\detail.php on line 15.
 1 APPPATH\Views\produk\detail.php(15): CodeIgniter\Debug\Exceptions->errorHandler(2, 'Undefined property: stdClass::$category_name', 'C:\\Users\\solehudin1725\\Documents\\MATERI PERKULIAHAN SMT 6\\project_skincare_uniba\\app\\Views\\produk\\detail.php', 15)
 2 SYSTEMPATH\View\View.php(234): include('C:\\Users\\solehudin1725\\Documents\\MATERI PERKULIAHAN SMT 6\\project_skincare_uniba\\app\\Views\\produk\\detail.php')
 3 SYSTEMPATH\View\View.php(237): CodeIgniter\View\View->CodeIgniter\View\{closure}()
 4 SYSTEMPATH\Common.php(1171): CodeIgniter\View\View->render('produk/detail', [], true)
 5 APPPATH\Controllers\ProdukKategori.php(38): view('produk/detail', [...])
 6 SYSTEMPATH\CodeIgniter.php(933): App\Controllers\ProdukKategori->detail('loose-powder')
 7 SYSTEMPATH\CodeIgniter.php(509): CodeIgniter\CodeIgniter->runController(Object(App\Controllers\ProdukKategori))
 8 SYSTEMPATH\CodeIgniter.php(355): CodeIgniter\CodeIgniter->handleRequest(null, Object(Config\Cache), false)
 9 SYSTEMPATH\Boot.php(312): CodeIgniter\CodeIgniter->run()
10 SYSTEMPATH\Boot.php(67): CodeIgniter\Boot::runCodeIgniter(Object(CodeIgniter\CodeIgniter))
11 FCPATH\index.php(56): CodeIgniter\Boot::bootWeb(Object(Config\Paths))
12 SYSTEMPATH\Commands\Server\rewrite.php(49): require_once('C:\\Users\\solehudin1725\\Documents\\MATERI PERKULIAHAN SMT 6\\project_skincare_uniba\\public\\index.php')
CRITICAL - 2024-05-18 14:33:26 --> ErrorException: Undefined property: stdClass::$category_name
[Method: GET, Route: detail/loose-powder]
in APPPATH\Views\produk\detail.php on line 15.
 1 APPPATH\Views\produk\detail.php(15): CodeIgniter\Debug\Exceptions->errorHandler(2, 'Undefined property: stdClass::$category_name', 'C:\\Users\\solehudin1725\\Documents\\MATERI PERKULIAHAN SMT 6\\project_skincare_uniba\\app\\Views\\produk\\detail.php', 15)
 2 SYSTEMPATH\View\View.php(234): include('C:\\Users\\solehudin1725\\Documents\\MATERI PERKULIAHAN SMT 6\\project_skincare_uniba\\app\\Views\\produk\\detail.php')
 3 SYSTEMPATH\View\View.php(237): CodeIgniter\View\View->CodeIgniter\View\{closure}()
 4 SYSTEMPATH\Common.php(1171): CodeIgniter\View\View->render('produk/detail', [], true)
 5 APPPATH\Controllers\ProdukKategori.php(38): view('produk/detail', [...])
 6 SYSTEMPATH\CodeIgniter.php(933): App\Controllers\ProdukKategori->detail('loose-powder')
 7 SYSTEMPATH\CodeIgniter.php(509): CodeIgniter\CodeIgniter->runController(Object(App\Controllers\ProdukKategori))
 8 SYSTEMPATH\CodeIgniter.php(355): CodeIgniter\CodeIgniter->handleRequest(null, Object(Config\Cache), false)
 9 SYSTEMPATH\Boot.php(312): CodeIgniter\CodeIgniter->run()
10 SYSTEMPATH\Boot.php(67): CodeIgniter\Boot::runCodeIgniter(Object(CodeIgniter\CodeIgniter))
11 FCPATH\index.php(56): CodeIgniter\Boot::bootWeb(Object(Config\Paths))
12 SYSTEMPATH\Commands\Server\rewrite.php(49): require_once('C:\\Users\\solehudin1725\\Documents\\MATERI PERKULIAHAN SMT 6\\project_skincare_uniba\\public\\index.php')
INFO - 2024-05-18 14:33:27 --> Session: Class initialized using 'CodeIgniter\Session\Handlers\FileHandler' driver.
CRITICAL - 2024-05-18 14:33:31 --> ErrorException: Undefined property: stdClass::$category_name
[Method: GET, Route: detail/loose-powder]
in APPPATH\Views\produk\detail.php on line 15.
 1 APPPATH\Views\produk\detail.php(15): CodeIgniter\Debug\Exceptions->errorHandler(2, 'Undefined property: stdClass::$category_name', 'C:\\Users\\solehudin1725\\Documents\\MATERI PERKULIAHAN SMT 6\\project_skincare_uniba\\app\\Views\\produk\\detail.php', 15)
 2 SYSTEMPATH\View\View.php(234): include('C:\\Users\\solehudin1725\\Documents\\MATERI PERKULIAHAN SMT 6\\project_skincare_uniba\\app\\Views\\produk\\detail.php')
 3 SYSTEMPATH\View\View.php(237): CodeIgniter\View\View->CodeIgniter\View\{closure}()
 4 SYSTEMPATH\Common.php(1171): CodeIgniter\View\View->render('produk/detail', [], true)
 5 APPPATH\Controllers\ProdukKategori.php(38): view('produk/detail', [...])
 6 SYSTEMPATH\CodeIgniter.php(933): App\Controllers\ProdukKategori->detail('loose-powder')
 7 SYSTEMPATH\CodeIgniter.php(509): CodeIgniter\CodeIgniter->runController(Object(App\Controllers\ProdukKategori))
 8 SYSTEMPATH\CodeIgniter.php(355): CodeIgniter\CodeIgniter->handleRequest(null, Object(Config\Cache), false)
 9 SYSTEMPATH\Boot.php(312): CodeIgniter\CodeIgniter->run()
10 SYSTEMPATH\Boot.php(67): CodeIgniter\Boot::runCodeIgniter(Object(CodeIgniter\CodeIgniter))
11 FCPATH\index.php(56): CodeIgniter\Boot::bootWeb(Object(Config\Paths))
12 SYSTEMPATH\Commands\Server\rewrite.php(49): require_once('C:\\Users\\solehudin1725\\Documents\\MATERI PERKULIAHAN SMT 6\\project_skincare_uniba\\public\\index.php')
CRITICAL - 2024-05-18 14:34:32 --> ErrorException: Undefined property: stdClass::$category_name
[Method: GET, Route: detail/loose-powder]
in APPPATH\Views\produk\detail.php on line 15.
 1 APPPATH\Views\produk\detail.php(15): CodeIgniter\Debug\Exceptions->errorHandler(2, 'Undefined property: stdClass::$category_name', 'C:\\Users\\solehudin1725\\Documents\\MATERI PERKULIAHAN SMT 6\\project_skincare_uniba\\app\\Views\\produk\\detail.php', 15)
 2 SYSTEMPATH\View\View.php(234): include('C:\\Users\\solehudin1725\\Documents\\MATERI PERKULIAHAN SMT 6\\project_skincare_uniba\\app\\Views\\produk\\detail.php')
 3 SYSTEMPATH\View\View.php(237): CodeIgniter\View\View->CodeIgniter\View\{closure}()
 4 SYSTEMPATH\Common.php(1171): CodeIgniter\View\View->render('produk/detail', [], true)
 5 APPPATH\Controllers\ProdukKategori.php(38): view('produk/detail', [...])
 6 SYSTEMPATH\CodeIgniter.php(933): App\Controllers\ProdukKategori->detail('loose-powder')
 7 SYSTEMPATH\CodeIgniter.php(509): CodeIgniter\CodeIgniter->runController(Object(App\Controllers\ProdukKategori))
 8 SYSTEMPATH\CodeIgniter.php(355): CodeIgniter\CodeIgniter->handleRequest(null, Object(Config\Cache), false)
 9 SYSTEMPATH\Boot.php(312): CodeIgniter\CodeIgniter->run()
10 SYSTEMPATH\Boot.php(67): CodeIgniter\Boot::runCodeIgniter(Object(CodeIgniter\CodeIgniter))
11 FCPATH\index.php(56): CodeIgniter\Boot::bootWeb(Object(Config\Paths))
12 SYSTEMPATH\Commands\Server\rewrite.php(49): require_once('C:\\Users\\solehudin1725\\Documents\\MATERI PERKULIAHAN SMT 6\\project_skincare_uniba\\public\\index.php')
CRITICAL - 2024-05-18 14:34:34 --> ErrorException: Undefined property: stdClass::$category_name
[Method: GET, Route: detail/loose-powder]
in APPPATH\Views\produk\detail.php on line 15.
 1 APPPATH\Views\produk\detail.php(15): CodeIgniter\Debug\Exceptions->errorHandler(2, 'Undefined property: stdClass::$category_name', 'C:\\Users\\solehudin1725\\Documents\\MATERI PERKULIAHAN SMT 6\\project_skincare_uniba\\app\\Views\\produk\\detail.php', 15)
 2 SYSTEMPATH\View\View.php(234): include('C:\\Users\\solehudin1725\\Documents\\MATERI PERKULIAHAN SMT 6\\project_skincare_uniba\\app\\Views\\produk\\detail.php')
 3 SYSTEMPATH\View\View.php(237): CodeIgniter\View\View->CodeIgniter\View\{closure}()
 4 SYSTEMPATH\Common.php(1171): CodeIgniter\View\View->render('produk/detail', [], true)
 5 APPPATH\Controllers\ProdukKategori.php(38): view('produk/detail', [...])
 6 SYSTEMPATH\CodeIgniter.php(933): App\Controllers\ProdukKategori->detail('loose-powder')
 7 SYSTEMPATH\CodeIgniter.php(509): CodeIgniter\CodeIgniter->runController(Object(App\Controllers\ProdukKategori))
 8 SYSTEMPATH\CodeIgniter.php(355): CodeIgniter\CodeIgniter->handleRequest(null, Object(Config\Cache), false)
 9 SYSTEMPATH\Boot.php(312): CodeIgniter\CodeIgniter->run()
10 SYSTEMPATH\Boot.php(67): CodeIgniter\Boot::runCodeIgniter(Object(CodeIgniter\CodeIgniter))
11 FCPATH\index.php(56): CodeIgniter\Boot::bootWeb(Object(Config\Paths))
12 SYSTEMPATH\Commands\Server\rewrite.php(49): require_once('C:\\Users\\solehudin1725\\Documents\\MATERI PERKULIAHAN SMT 6\\project_skincare_uniba\\public\\index.php')
INFO - 2024-05-18 14:36:20 --> Session: Class initialized using 'CodeIgniter\Session\Handlers\FileHandler' driver.
INFO - 2024-05-18 14:36:37 --> Session: Class initialized using 'CodeIgniter\Session\Handlers\FileHandler' driver.
CRITICAL - 2024-05-18 14:36:39 --> ErrorException: Undefined property: stdClass::$category_name
[Method: GET, Route: detail/loose-powder]
in APPPATH\Views\produk\detail.php on line 15.
 1 APPPATH\Views\produk\detail.php(15): CodeIgniter\Debug\Exceptions->errorHandler(2, 'Undefined property: stdClass::$category_name', 'C:\\Users\\solehudin1725\\Documents\\MATERI PERKULIAHAN SMT 6\\project_skincare_uniba\\app\\Views\\produk\\detail.php', 15)
 2 SYSTEMPATH\View\View.php(234): include('C:\\Users\\solehudin1725\\Documents\\MATERI PERKULIAHAN SMT 6\\project_skincare_uniba\\app\\Views\\produk\\detail.php')
 3 SYSTEMPATH\View\View.php(237): CodeIgniter\View\View->CodeIgniter\View\{closure}()
 4 SYSTEMPATH\Common.php(1171): CodeIgniter\View\View->render('produk/detail', [], true)
 5 APPPATH\Controllers\ProdukKategori.php(38): view('produk/detail', [...])
 6 SYSTEMPATH\CodeIgniter.php(933): App\Controllers\ProdukKategori->detail('loose-powder')
 7 SYSTEMPATH\CodeIgniter.php(509): CodeIgniter\CodeIgniter->runController(Object(App\Controllers\ProdukKategori))
 8 SYSTEMPATH\CodeIgniter.php(355): CodeIgniter\CodeIgniter->handleRequest(null, Object(Config\Cache), false)
 9 SYSTEMPATH\Boot.php(312): CodeIgniter\CodeIgniter->run()
10 SYSTEMPATH\Boot.php(67): CodeIgniter\Boot::runCodeIgniter(Object(CodeIgniter\CodeIgniter))
11 FCPATH\index.php(56): CodeIgniter\Boot::bootWeb(Object(Config\Paths))
12 SYSTEMPATH\Commands\Server\rewrite.php(49): require_once('C:\\Users\\solehudin1725\\Documents\\MATERI PERKULIAHAN SMT 6\\project_skincare_uniba\\public\\index.php')
CRITICAL - 2024-05-18 14:37:13 --> ErrorException: Undefined property: stdClass::$category_name
[Method: GET, Route: detail/loose-powder]
in APPPATH\Views\produk\detail.php on line 46.
 1 APPPATH\Views\produk\detail.php(46): CodeIgniter\Debug\Exceptions->errorHandler(2, 'Undefined property: stdClass::$category_name', 'C:\\Users\\solehudin1725\\Documents\\MATERI PERKULIAHAN SMT 6\\project_skincare_uniba\\app\\Views\\produk\\detail.php', 46)
 2 SYSTEMPATH\View\View.php(234): include('C:\\Users\\solehudin1725\\Documents\\MATERI PERKULIAHAN SMT 6\\project_skincare_uniba\\app\\Views\\produk\\detail.php')
 3 SYSTEMPATH\View\View.php(237): CodeIgniter\View\View->CodeIgniter\View\{closure}()
 4 SYSTEMPATH\Common.php(1171): CodeIgniter\View\View->render('produk/detail', [], true)
 5 APPPATH\Controllers\ProdukKategori.php(38): view('produk/detail', [...])
 6 SYSTEMPATH\CodeIgniter.php(933): App\Controllers\ProdukKategori->detail('loose-powder')
 7 SYSTEMPATH\CodeIgniter.php(509): CodeIgniter\CodeIgniter->runController(Object(App\Controllers\ProdukKategori))
 8 SYSTEMPATH\CodeIgniter.php(355): CodeIgniter\CodeIgniter->handleRequest(null, Object(Config\Cache), false)
 9 SYSTEMPATH\Boot.php(312): CodeIgniter\CodeIgniter->run()
10 SYSTEMPATH\Boot.php(67): CodeIgniter\Boot::runCodeIgniter(Object(CodeIgniter\CodeIgniter))
11 FCPATH\index.php(56): CodeIgniter\Boot::bootWeb(Object(Config\Paths))
12 SYSTEMPATH\Commands\Server\rewrite.php(49): require_once('C:\\Users\\solehudin1725\\Documents\\MATERI PERKULIAHAN SMT 6\\project_skincare_uniba\\public\\index.php')
CRITICAL - 2024-05-18 14:43:41 --> ErrorException: Undefined property: stdClass::$category_name
[Method: GET, Route: detail/loose-powder]
in APPPATH\Views\produk\detail.php on line 46.
 1 APPPATH\Views\produk\detail.php(46): CodeIgniter\Debug\Exceptions->errorHandler(2, 'Undefined property: stdClass::$category_name', 'C:\\Users\\solehudin1725\\Documents\\MATERI PERKULIAHAN SMT 6\\project_skincare_uniba\\app\\Views\\produk\\detail.php', 46)
 2 SYSTEMPATH\View\View.php(234): include('C:\\Users\\solehudin1725\\Documents\\MATERI PERKULIAHAN SMT 6\\project_skincare_uniba\\app\\Views\\produk\\detail.php')
 3 SYSTEMPATH\View\View.php(237): CodeIgniter\View\View->CodeIgniter\View\{closure}()
 4 SYSTEMPATH\Common.php(1171): CodeIgniter\View\View->render('produk/detail', [], true)
 5 APPPATH\Controllers\ProdukKategori.php(38): view('produk/detail', [...])
 6 SYSTEMPATH\CodeIgniter.php(933): App\Controllers\ProdukKategori->detail('loose-powder')
 7 SYSTEMPATH\CodeIgniter.php(509): CodeIgniter\CodeIgniter->runController(Object(App\Controllers\ProdukKategori))
 8 SYSTEMPATH\CodeIgniter.php(355): CodeIgniter\CodeIgniter->handleRequest(null, Object(Config\Cache), false)
 9 SYSTEMPATH\Boot.php(312): CodeIgniter\CodeIgniter->run()
10 SYSTEMPATH\Boot.php(67): CodeIgniter\Boot::runCodeIgniter(Object(CodeIgniter\CodeIgniter))
11 FCPATH\index.php(56): CodeIgniter\Boot::bootWeb(Object(Config\Paths))
12 SYSTEMPATH\Commands\Server\rewrite.php(49): require_once('C:\\Users\\solehudin1725\\Documents\\MATERI PERKULIAHAN SMT 6\\project_skincare_uniba\\public\\index.php')
CRITICAL - 2024-05-18 14:48:14 --> ErrorException: Undefined property: stdClass::$category_name
[Method: GET, Route: detail/loose-powder]
in APPPATH\Views\produk\detail.php on line 46.
 1 APPPATH\Views\produk\detail.php(46): CodeIgniter\Debug\Exceptions->errorHandler(2, 'Undefined property: stdClass::$category_name', 'C:\\Users\\solehudin1725\\Documents\\MATERI PERKULIAHAN SMT 6\\project_skincare_uniba\\app\\Views\\produk\\detail.php', 46)
 2 SYSTEMPATH\View\View.php(234): include('C:\\Users\\solehudin1725\\Documents\\MATERI PERKULIAHAN SMT 6\\project_skincare_uniba\\app\\Views\\produk\\detail.php')
 3 SYSTEMPATH\View\View.php(237): CodeIgniter\View\View->CodeIgniter\View\{closure}()
 4 SYSTEMPATH\Common.php(1171): CodeIgniter\View\View->render('produk/detail', [], true)
 5 APPPATH\Controllers\ProdukKategori.php(38): view('produk/detail', [...])
 6 SYSTEMPATH\CodeIgniter.php(933): App\Controllers\ProdukKategori->detail('loose-powder')
 7 SYSTEMPATH\CodeIgniter.php(509): CodeIgniter\CodeIgniter->runController(Object(App\Controllers\ProdukKategori))
 8 SYSTEMPATH\CodeIgniter.php(355): CodeIgniter\CodeIgniter->handleRequest(null, Object(Config\Cache), false)
 9 SYSTEMPATH\Boot.php(312): CodeIgniter\CodeIgniter->run()
10 SYSTEMPATH\Boot.php(67): CodeIgniter\Boot::runCodeIgniter(Object(CodeIgniter\CodeIgniter))
11 FCPATH\index.php(56): CodeIgniter\Boot::bootWeb(Object(Config\Paths))
12 SYSTEMPATH\Commands\Server\rewrite.php(49): require_once('C:\\Users\\solehudin1725\\Documents\\MATERI PERKULIAHAN SMT 6\\project_skincare_uniba\\public\\index.php')
CRITICAL - 2024-05-18 14:48:15 --> ErrorException: Undefined property: stdClass::$category_name
[Method: GET, Route: detail/loose-powder]
in APPPATH\Views\produk\detail.php on line 46.
 1 APPPATH\Views\produk\detail.php(46): CodeIgniter\Debug\Exceptions->errorHandler(2, 'Undefined property: stdClass::$category_name', 'C:\\Users\\solehudin1725\\Documents\\MATERI PERKULIAHAN SMT 6\\project_skincare_uniba\\app\\Views\\produk\\detail.php', 46)
 2 SYSTEMPATH\View\View.php(234): include('C:\\Users\\solehudin1725\\Documents\\MATERI PERKULIAHAN SMT 6\\project_skincare_uniba\\app\\Views\\produk\\detail.php')
 3 SYSTEMPATH\View\View.php(237): CodeIgniter\View\View->CodeIgniter\View\{closure}()
 4 SYSTEMPATH\Common.php(1171): CodeIgniter\View\View->render('produk/detail', [], true)
 5 APPPATH\Controllers\ProdukKategori.php(38): view('produk/detail', [...])
 6 SYSTEMPATH\CodeIgniter.php(933): App\Controllers\ProdukKategori->detail('loose-powder')
 7 SYSTEMPATH\CodeIgniter.php(509): CodeIgniter\CodeIgniter->runController(Object(App\Controllers\ProdukKategori))
 8 SYSTEMPATH\CodeIgniter.php(355): CodeIgniter\CodeIgniter->handleRequest(null, Object(Config\Cache), false)
 9 SYSTEMPATH\Boot.php(312): CodeIgniter\CodeIgniter->run()
10 SYSTEMPATH\Boot.php(67): CodeIgniter\Boot::runCodeIgniter(Object(CodeIgniter\CodeIgniter))
11 FCPATH\index.php(56): CodeIgniter\Boot::bootWeb(Object(Config\Paths))
12 SYSTEMPATH\Commands\Server\rewrite.php(49): require_once('C:\\Users\\solehudin1725\\Documents\\MATERI PERKULIAHAN SMT 6\\project_skincare_uniba\\public\\index.php')
INFO - 2024-05-18 14:50:03 --> Session: Class initialized using 'CodeIgniter\Session\Handlers\FileHandler' driver.
CRITICAL - 2024-05-18 14:50:05 --> ErrorException: Undefined property: stdClass::$category_name
[Method: GET, Route: detail/loose-powder]
in APPPATH\Views\produk\detail.php on line 46.
 1 APPPATH\Views\produk\detail.php(46): CodeIgniter\Debug\Exceptions->errorHandler(2, 'Undefined property: stdClass::$category_name', 'C:\\Users\\solehudin1725\\Documents\\MATERI PERKULIAHAN SMT 6\\project_skincare_uniba\\app\\Views\\produk\\detail.php', 46)
 2 SYSTEMPATH\View\View.php(234): include('C:\\Users\\solehudin1725\\Documents\\MATERI PERKULIAHAN SMT 6\\project_skincare_uniba\\app\\Views\\produk\\detail.php')
 3 SYSTEMPATH\View\View.php(237): CodeIgniter\View\View->CodeIgniter\View\{closure}()
 4 SYSTEMPATH\Common.php(1171): CodeIgniter\View\View->render('produk/detail', [], true)
 5 APPPATH\Controllers\ProdukKategori.php(38): view('produk/detail', [...])
 6 SYSTEMPATH\CodeIgniter.php(933): App\Controllers\ProdukKategori->detail('loose-powder')
 7 SYSTEMPATH\CodeIgniter.php(509): CodeIgniter\CodeIgniter->runController(Object(App\Controllers\ProdukKategori))
 8 SYSTEMPATH\CodeIgniter.php(355): CodeIgniter\CodeIgniter->handleRequest(null, Object(Config\Cache), false)
 9 SYSTEMPATH\Boot.php(312): CodeIgniter\CodeIgniter->run()
10 SYSTEMPATH\Boot.php(67): CodeIgniter\Boot::runCodeIgniter(Object(CodeIgniter\CodeIgniter))
11 FCPATH\index.php(56): CodeIgniter\Boot::bootWeb(Object(Config\Paths))
12 SYSTEMPATH\Commands\Server\rewrite.php(49): require_once('C:\\Users\\solehudin1725\\Documents\\MATERI PERKULIAHAN SMT 6\\project_skincare_uniba\\public\\index.php')
INFO - 2024-05-18 14:50:37 --> Session: Class initialized using 'CodeIgniter\Session\Handlers\FileHandler' driver.
CRITICAL - 2024-05-18 14:52:57 --> ErrorException: Array to string conversion
[Method: GET, Route: detail/loose-powder]
in APPPATH\Views\produk\detail.php on line 40.
 1 APPPATH\Views\produk\detail.php(40): CodeIgniter\Debug\Exceptions->errorHandler(2, 'Array to string conversion', 'C:\\Users\\solehudin1725\\Documents\\MATERI PERKULIAHAN SMT 6\\project_skincare_uniba\\app\\Views\\produk\\detail.php', 40)
 2 SYSTEMPATH\View\View.php(234): include('C:\\Users\\solehudin1725\\Documents\\MATERI PERKULIAHAN SMT 6\\project_skincare_uniba\\app\\Views\\produk\\detail.php')
 3 SYSTEMPATH\View\View.php(237): CodeIgniter\View\View->CodeIgniter\View\{closure}()
 4 SYSTEMPATH\Common.php(1171): CodeIgniter\View\View->render('produk/detail', [], true)
 5 APPPATH\Controllers\ProdukKategori.php(38): view('produk/detail', [...])
 6 SYSTEMPATH\CodeIgniter.php(933): App\Controllers\ProdukKategori->detail('loose-powder')
 7 SYSTEMPATH\CodeIgniter.php(509): CodeIgniter\CodeIgniter->runController(Object(App\Controllers\ProdukKategori))
 8 SYSTEMPATH\CodeIgniter.php(355): CodeIgniter\CodeIgniter->handleRequest(null, Object(Config\Cache), false)
 9 SYSTEMPATH\Boot.php(312): CodeIgniter\CodeIgniter->run()
10 SYSTEMPATH\Boot.php(67): CodeIgniter\Boot::runCodeIgniter(Object(CodeIgniter\CodeIgniter))
11 FCPATH\index.php(56): CodeIgniter\Boot::bootWeb(Object(Config\Paths))
12 SYSTEMPATH\Commands\Server\rewrite.php(49): require_once('C:\\Users\\solehudin1725\\Documents\\MATERI PERKULIAHAN SMT 6\\project_skincare_uniba\\public\\index.php')
CRITICAL - 2024-05-18 15:02:00 --> ErrorException: Undefined property: stdClass::$varian
[Method: GET, Route: detail/loose-powder]
in APPPATH\Views\produk\detail.php on line 53.
 1 APPPATH\Views\produk\detail.php(53): CodeIgniter\Debug\Exceptions->errorHandler(2, 'Undefined property: stdClass::$varian', 'C:\\Users\\solehudin1725\\Documents\\MATERI PERKULIAHAN SMT 6\\project_skincare_uniba\\app\\Views\\produk\\detail.php', 53)
 2 SYSTEMPATH\View\View.php(234): include('C:\\Users\\solehudin1725\\Documents\\MATERI PERKULIAHAN SMT 6\\project_skincare_uniba\\app\\Views\\produk\\detail.php')
 3 SYSTEMPATH\View\View.php(237): CodeIgniter\View\View->CodeIgniter\View\{closure}()
 4 SYSTEMPATH\Common.php(1171): CodeIgniter\View\View->render('produk/detail', [], true)
 5 APPPATH\Controllers\ProdukKategori.php(38): view('produk/detail', [...])
 6 SYSTEMPATH\CodeIgniter.php(933): App\Controllers\ProdukKategori->detail('loose-powder')
 7 SYSTEMPATH\CodeIgniter.php(509): CodeIgniter\CodeIgniter->runController(Object(App\Controllers\ProdukKategori))
 8 SYSTEMPATH\CodeIgniter.php(355): CodeIgniter\CodeIgniter->handleRequest(null, Object(Config\Cache), false)
 9 SYSTEMPATH\Boot.php(312): CodeIgniter\CodeIgniter->run()
10 SYSTEMPATH\Boot.php(67): CodeIgniter\Boot::runCodeIgniter(Object(CodeIgniter\CodeIgniter))
11 FCPATH\index.php(56): CodeIgniter\Boot::bootWeb(Object(Config\Paths))
12 SYSTEMPATH\Commands\Server\rewrite.php(49): require_once('C:\\Users\\solehudin1725\\Documents\\MATERI PERKULIAHAN SMT 6\\project_skincare_uniba\\public\\index.php')
INFO - 2024-05-18 16:18:38 --> Session: Class initialized using 'CodeIgniter\Session\Handlers\FileHandler' driver.
INFO - 2024-05-18 16:21:36 --> Session: Class initialized using 'CodeIgniter\Session\Handlers\FileHandler' driver.
INFO - 2024-05-18 23:17:00 --> Session: Class initialized using 'CodeIgniter\Session\Handlers\FileHandler' driver.
INFO - 2024-05-18 23:41:35 --> Session: Class initialized using 'CodeIgniter\Session\Handlers\FileHandler' driver.
INFO - 2024-05-18 23:41:44 --> CSRF token verified.
INFO - 2024-05-18 23:52:54 --> CSRF token verified.
INFO - 2024-05-18 23:56:10 --> CSRF token verified.
INFO - 2024-05-18 23:56:48 --> CSRF token verified.
INFO - 2024-05-18 23:57:08 --> CSRF token verified.
INFO - 2024-05-18 23:57:15 --> CSRF token verified.
