<<<<<<< HEAD
CRITICAL - 2024-03-12 07:59:12 --> Error: Class "Config\Route" not found
in APPPATH\Config\Routes.php on line 15.
 1 SYSTEMPATH\Router\RouteCollection.php(345): require()
 2 SYSTEMPATH\CodeIgniter.php(810): CodeIgniter\Router\RouteCollection->loadRoutes()
 3 SYSTEMPATH\CodeIgniter.php(450): CodeIgniter\CodeIgniter->tryToRouteIt(null)
 4 SYSTEMPATH\CodeIgniter.php(361): CodeIgniter\CodeIgniter->handleRequest(null, Object(Config\Cache), false)
 5 FCPATH\index.php(79): CodeIgniter\CodeIgniter->run()
 6 SYSTEMPATH\Commands\Server\rewrite.php(47): require_once('C:\\Users\\damsi\\OneDrive\\Desktop\\project_skincare\\project_skincare_uniba\\public\\index.php')
=======
ERROR - 2024-03-12 04:08:52 --> Error connecting to the database: ErrorException: mysqli::real_connect(): Error while reading greeting packet. PID=25344 in C:\Users\solehudin1725\Documents\MATERI PERKULIAHAN SMT 6\project_skincare_uniba\vendor\codeigniter4\framework\system\Database\MySQLi\Connection.php:184
Stack trace:
#0 [internal function]: CodeIgniter\Debug\Exceptions->errorHandler(2, 'mysqli::real_co...', 'C:\\Users\\solehu...', 184)
#1 C:\Users\solehudin1725\Documents\MATERI PERKULIAHAN SMT 6\project_skincare_uniba\vendor\codeigniter4\framework\system\Database\MySQLi\Connection.php(184): mysqli->real_connect('localhost', '', Object(SensitiveParameterValue), '', 3306, '', 0)
#2 C:\Users\solehudin1725\Documents\MATERI PERKULIAHAN SMT 6\project_skincare_uniba\vendor\codeigniter4\framework\system\Database\BaseConnection.php(392): CodeIgniter\Database\MySQLi\Connection->connect(false)
#3 C:\Users\solehudin1725\Documents\MATERI PERKULIAHAN SMT 6\project_skincare_uniba\vendor\codeigniter4\framework\system\Database\Database.php(66): CodeIgniter\Database\BaseConnection->initialize()
#4 C:\Users\solehudin1725\Documents\MATERI PERKULIAHAN SMT 6\project_skincare_uniba\vendor\codeigniter4\framework\system\Database\Config.php(109): CodeIgniter\Database\Database->loadForge(Object(CodeIgniter\Database\MySQLi\Connection))
#5 C:\Users\solehudin1725\Documents\MATERI PERKULIAHAN SMT 6\project_skincare_uniba\vendor\codeigniter4\framework\system\Commands\Database\CreateDatabase.php(134): CodeIgniter\Database\Config::forge()
#6 C:\Users\solehudin1725\Documents\MATERI PERKULIAHAN SMT 6\project_skincare_uniba\vendor\codeigniter4\framework\system\CLI\Commands.php(65): CodeIgniter\Commands\Database\CreateDatabase->run(Array)
#7 C:\Users\solehudin1725\Documents\MATERI PERKULIAHAN SMT 6\project_skincare_uniba\vendor\codeigniter4\framework\system\CLI\Console.php(46): CodeIgniter\CLI\Commands->run('db:create', Array)
#8 C:\Users\solehudin1725\Documents\MATERI PERKULIAHAN SMT 6\project_skincare_uniba\spark(102): CodeIgniter\CLI\Console->run()
#9 {main}

Next mysqli_sql_exception: MySQL server has gone away in C:\Users\solehudin1725\Documents\MATERI PERKULIAHAN SMT 6\project_skincare_uniba\vendor\codeigniter4\framework\system\Database\MySQLi\Connection.php:184
Stack trace:
#0 C:\Users\solehudin1725\Documents\MATERI PERKULIAHAN SMT 6\project_skincare_uniba\vendor\codeigniter4\framework\system\Database\MySQLi\Connection.php(184): mysqli->real_connect('localhost', '', Object(SensitiveParameterValue), '', 3306, '', 0)
#1 C:\Users\solehudin1725\Documents\MATERI PERKULIAHAN SMT 6\project_skincare_uniba\vendor\codeigniter4\framework\system\Database\BaseConnection.php(392): CodeIgniter\Database\MySQLi\Connection->connect(false)
#2 C:\Users\solehudin1725\Documents\MATERI PERKULIAHAN SMT 6\project_skincare_uniba\vendor\codeigniter4\framework\system\Database\Database.php(66): CodeIgniter\Database\BaseConnection->initialize()
#3 C:\Users\solehudin1725\Documents\MATERI PERKULIAHAN SMT 6\project_skincare_uniba\vendor\codeigniter4\framework\system\Database\Config.php(109): CodeIgniter\Database\Database->loadForge(Object(CodeIgniter\Database\MySQLi\Connection))
#4 C:\Users\solehudin1725\Documents\MATERI PERKULIAHAN SMT 6\project_skincare_uniba\vendor\codeigniter4\framework\system\Commands\Database\CreateDatabase.php(134): CodeIgniter\Database\Config::forge()
#5 C:\Users\solehudin1725\Documents\MATERI PERKULIAHAN SMT 6\project_skincare_uniba\vendor\codeigniter4\framework\system\CLI\Commands.php(65): CodeIgniter\Commands\Database\CreateDatabase->run(Array)
#6 C:\Users\solehudin1725\Documents\MATERI PERKULIAHAN SMT 6\project_skincare_uniba\vendor\codeigniter4\framework\system\CLI\Console.php(46): CodeIgniter\CLI\Commands->run('db:create', Array)
#7 C:\Users\solehudin1725\Documents\MATERI PERKULIAHAN SMT 6\project_skincare_uniba\spark(102): CodeIgniter\CLI\Console->run()
#8 {main}

Next CodeIgniter\Database\Exceptions\DatabaseException: MySQL server has gone away in C:\Users\solehudin1725\Documents\MATERI PERKULIAHAN SMT 6\project_skincare_uniba\vendor\codeigniter4\framework\system\Database\MySQLi\Connection.php:229
Stack trace:
#0 C:\Users\solehudin1725\Documents\MATERI PERKULIAHAN SMT 6\project_skincare_uniba\vendor\codeigniter4\framework\system\Database\BaseConnection.php(392): CodeIgniter\Database\MySQLi\Connection->connect(false)
#1 C:\Users\solehudin1725\Documents\MATERI PERKULIAHAN SMT 6\project_skincare_uniba\vendor\codeigniter4\framework\system\Database\Database.php(66): CodeIgniter\Database\BaseConnection->initialize()
#2 C:\Users\solehudin1725\Documents\MATERI PERKULIAHAN SMT 6\project_skincare_uniba\vendor\codeigniter4\framework\system\Database\Config.php(109): CodeIgniter\Database\Database->loadForge(Object(CodeIgniter\Database\MySQLi\Connection))
#3 C:\Users\solehudin1725\Documents\MATERI PERKULIAHAN SMT 6\project_skincare_uniba\vendor\codeigniter4\framework\system\Commands\Database\CreateDatabase.php(134): CodeIgniter\Database\Config::forge()
#4 C:\Users\solehudin1725\Documents\MATERI PERKULIAHAN SMT 6\project_skincare_uniba\vendor\codeigniter4\framework\system\CLI\Commands.php(65): CodeIgniter\Commands\Database\CreateDatabase->run(Array)
#5 C:\Users\solehudin1725\Documents\MATERI PERKULIAHAN SMT 6\project_skincare_uniba\vendor\codeigniter4\framework\system\CLI\Console.php(46): CodeIgniter\CLI\Commands->run('db:create', Array)
#6 C:\Users\solehudin1725\Documents\MATERI PERKULIAHAN SMT 6\project_skincare_uniba\spark(102): CodeIgniter\CLI\Console->run()
#7 {main}
ERROR - 2024-03-12 04:26:11 --> Error connecting to the database: mysqli_sql_exception: Access denied for user ''@'localhost' (using password: NO) in C:\Users\solehudin1725\Documents\MATERI PERKULIAHAN SMT 6\project_skincare_uniba\vendor\codeigniter4\framework\system\Database\MySQLi\Connection.php:184
Stack trace:
#0 C:\Users\solehudin1725\Documents\MATERI PERKULIAHAN SMT 6\project_skincare_uniba\vendor\codeigniter4\framework\system\Database\MySQLi\Connection.php(184): mysqli->real_connect('localhost', '', Object(SensitiveParameterValue), '', 3306, '', 0)
#1 C:\Users\solehudin1725\Documents\MATERI PERKULIAHAN SMT 6\project_skincare_uniba\vendor\codeigniter4\framework\system\Database\BaseConnection.php(392): CodeIgniter\Database\MySQLi\Connection->connect(false)
#2 C:\Users\solehudin1725\Documents\MATERI PERKULIAHAN SMT 6\project_skincare_uniba\vendor\codeigniter4\framework\system\Database\Database.php(66): CodeIgniter\Database\BaseConnection->initialize()
#3 C:\Users\solehudin1725\Documents\MATERI PERKULIAHAN SMT 6\project_skincare_uniba\vendor\codeigniter4\framework\system\Database\Config.php(109): CodeIgniter\Database\Database->loadForge(Object(CodeIgniter\Database\MySQLi\Connection))
#4 C:\Users\solehudin1725\Documents\MATERI PERKULIAHAN SMT 6\project_skincare_uniba\vendor\codeigniter4\framework\system\Commands\Database\CreateDatabase.php(134): CodeIgniter\Database\Config::forge()
#5 C:\Users\solehudin1725\Documents\MATERI PERKULIAHAN SMT 6\project_skincare_uniba\vendor\codeigniter4\framework\system\CLI\Commands.php(65): CodeIgniter\Commands\Database\CreateDatabase->run(Array)
#6 C:\Users\solehudin1725\Documents\MATERI PERKULIAHAN SMT 6\project_skincare_uniba\vendor\codeigniter4\framework\system\CLI\Console.php(46): CodeIgniter\CLI\Commands->run('db:create', Array)
#7 C:\Users\solehudin1725\Documents\MATERI PERKULIAHAN SMT 6\project_skincare_uniba\spark(102): CodeIgniter\CLI\Console->run()
#8 {main}

Next CodeIgniter\Database\Exceptions\DatabaseException: Access denied for user ''@'localhost' (using password: NO) in C:\Users\solehudin1725\Documents\MATERI PERKULIAHAN SMT 6\project_skincare_uniba\vendor\codeigniter4\framework\system\Database\MySQLi\Connection.php:229
Stack trace:
#0 C:\Users\solehudin1725\Documents\MATERI PERKULIAHAN SMT 6\project_skincare_uniba\vendor\codeigniter4\framework\system\Database\BaseConnection.php(392): CodeIgniter\Database\MySQLi\Connection->connect(false)
#1 C:\Users\solehudin1725\Documents\MATERI PERKULIAHAN SMT 6\project_skincare_uniba\vendor\codeigniter4\framework\system\Database\Database.php(66): CodeIgniter\Database\BaseConnection->initialize()
#2 C:\Users\solehudin1725\Documents\MATERI PERKULIAHAN SMT 6\project_skincare_uniba\vendor\codeigniter4\framework\system\Database\Config.php(109): CodeIgniter\Database\Database->loadForge(Object(CodeIgniter\Database\MySQLi\Connection))
#3 C:\Users\solehudin1725\Documents\MATERI PERKULIAHAN SMT 6\project_skincare_uniba\vendor\codeigniter4\framework\system\Commands\Database\CreateDatabase.php(134): CodeIgniter\Database\Config::forge()
#4 C:\Users\solehudin1725\Documents\MATERI PERKULIAHAN SMT 6\project_skincare_uniba\vendor\codeigniter4\framework\system\CLI\Commands.php(65): CodeIgniter\Commands\Database\CreateDatabase->run(Array)
#5 C:\Users\solehudin1725\Documents\MATERI PERKULIAHAN SMT 6\project_skincare_uniba\vendor\codeigniter4\framework\system\CLI\Console.php(46): CodeIgniter\CLI\Commands->run('db:create', Array)
#6 C:\Users\solehudin1725\Documents\MATERI PERKULIAHAN SMT 6\project_skincare_uniba\spark(102): CodeIgniter\CLI\Console->run()
#7 {main}
CRITICAL - 2024-03-12 06:46:36 --> ErrorException: Undefined property: CodeIgniter\View\View::$endSection
in APPPATH\Views\user\index.php on line 41.
 1 APPPATH\Views\user\index.php(41): CodeIgniter\Debug\Exceptions->errorHandler(2, 'Undefined property: CodeIgniter\\View\\View::$endSection', 'C:\\Users\\solehudin1725\\Documents\\MATERI PERKULIAHAN SMT 6\\project_skincare_uniba\\app\\Views\\user\\index.php', 41)
 2 SYSTEMPATH\View\View.php(228): include('C:\\Users\\solehudin1725\\Documents\\MATERI PERKULIAHAN SMT 6\\project_skincare_uniba\\app\\Views\\user\\index.php')
 3 SYSTEMPATH\View\View.php(231): CodeIgniter\View\View->CodeIgniter\View\{closure}()
 4 SYSTEMPATH\Common.php(1178): CodeIgniter\View\View->render('user/index', [], true)
 5 APPPATH\Controllers\User.php(12): view('user/index', [...])
 6 SYSTEMPATH\CodeIgniter.php(941): App\Controllers\User->index()
 7 SYSTEMPATH\CodeIgniter.php(502): CodeIgniter\CodeIgniter->runController(Object(App\Controllers\User))
 8 SYSTEMPATH\CodeIgniter.php(361): CodeIgniter\CodeIgniter->handleRequest(null, Object(Config\Cache), false)
 9 FCPATH\index.php(79): CodeIgniter\CodeIgniter->run()
10 SYSTEMPATH\Commands\Server\rewrite.php(47): require_once('C:\\Users\\solehudin1725\\Documents\\MATERI PERKULIAHAN SMT 6\\project_skincare_uniba\\public\\index.php')
CRITICAL - 2024-03-12 06:48:42 --> ErrorException: Undefined property: CodeIgniter\View\View::$endSection
in APPPATH\Views\user\index.php on line 41.
 1 APPPATH\Views\user\index.php(41): CodeIgniter\Debug\Exceptions->errorHandler(2, 'Undefined property: CodeIgniter\\View\\View::$endSection', 'C:\\Users\\solehudin1725\\Documents\\MATERI PERKULIAHAN SMT 6\\project_skincare_uniba\\app\\Views\\user\\index.php', 41)
 2 SYSTEMPATH\View\View.php(228): include('C:\\Users\\solehudin1725\\Documents\\MATERI PERKULIAHAN SMT 6\\project_skincare_uniba\\app\\Views\\user\\index.php')
 3 SYSTEMPATH\View\View.php(231): CodeIgniter\View\View->CodeIgniter\View\{closure}()
 4 SYSTEMPATH\Common.php(1178): CodeIgniter\View\View->render('user/index', [], true)
 5 APPPATH\Controllers\User.php(12): view('user/index', [...])
 6 SYSTEMPATH\CodeIgniter.php(941): App\Controllers\User->index()
 7 SYSTEMPATH\CodeIgniter.php(502): CodeIgniter\CodeIgniter->runController(Object(App\Controllers\User))
 8 SYSTEMPATH\CodeIgniter.php(361): CodeIgniter\CodeIgniter->handleRequest(null, Object(Config\Cache), false)
 9 FCPATH\index.php(79): CodeIgniter\CodeIgniter->run()
10 SYSTEMPATH\Commands\Server\rewrite.php(47): require_once('C:\\Users\\solehudin1725\\Documents\\MATERI PERKULIAHAN SMT 6\\project_skincare_uniba\\public\\index.php')
CRITICAL - 2024-03-12 06:48:46 --> ErrorException: Undefined property: CodeIgniter\View\View::$endSection
in APPPATH\Views\user\index.php on line 41.
 1 APPPATH\Views\user\index.php(41): CodeIgniter\Debug\Exceptions->errorHandler(2, 'Undefined property: CodeIgniter\\View\\View::$endSection', 'C:\\Users\\solehudin1725\\Documents\\MATERI PERKULIAHAN SMT 6\\project_skincare_uniba\\app\\Views\\user\\index.php', 41)
 2 SYSTEMPATH\View\View.php(228): include('C:\\Users\\solehudin1725\\Documents\\MATERI PERKULIAHAN SMT 6\\project_skincare_uniba\\app\\Views\\user\\index.php')
 3 SYSTEMPATH\View\View.php(231): CodeIgniter\View\View->CodeIgniter\View\{closure}()
 4 SYSTEMPATH\Common.php(1178): CodeIgniter\View\View->render('user/index', [], true)
 5 APPPATH\Controllers\User.php(12): view('user/index', [...])
 6 SYSTEMPATH\CodeIgniter.php(941): App\Controllers\User->index()
 7 SYSTEMPATH\CodeIgniter.php(502): CodeIgniter\CodeIgniter->runController(Object(App\Controllers\User))
 8 SYSTEMPATH\CodeIgniter.php(361): CodeIgniter\CodeIgniter->handleRequest(null, Object(Config\Cache), false)
 9 FCPATH\index.php(79): CodeIgniter\CodeIgniter->run()
10 SYSTEMPATH\Commands\Server\rewrite.php(47): require_once('C:\\Users\\solehudin1725\\Documents\\MATERI PERKULIAHAN SMT 6\\project_skincare_uniba\\public\\index.php')
CRITICAL - 2024-03-12 06:48:49 --> ErrorException: Undefined property: CodeIgniter\View\View::$endSection
in APPPATH\Views\user\index.php on line 41.
 1 APPPATH\Views\user\index.php(41): CodeIgniter\Debug\Exceptions->errorHandler(2, 'Undefined property: CodeIgniter\\View\\View::$endSection', 'C:\\Users\\solehudin1725\\Documents\\MATERI PERKULIAHAN SMT 6\\project_skincare_uniba\\app\\Views\\user\\index.php', 41)
 2 SYSTEMPATH\View\View.php(228): include('C:\\Users\\solehudin1725\\Documents\\MATERI PERKULIAHAN SMT 6\\project_skincare_uniba\\app\\Views\\user\\index.php')
 3 SYSTEMPATH\View\View.php(231): CodeIgniter\View\View->CodeIgniter\View\{closure}()
 4 SYSTEMPATH\Common.php(1178): CodeIgniter\View\View->render('user/index', [], true)
 5 APPPATH\Controllers\User.php(12): view('user/index', [...])
 6 SYSTEMPATH\CodeIgniter.php(941): App\Controllers\User->index()
 7 SYSTEMPATH\CodeIgniter.php(502): CodeIgniter\CodeIgniter->runController(Object(App\Controllers\User))
 8 SYSTEMPATH\CodeIgniter.php(361): CodeIgniter\CodeIgniter->handleRequest(null, Object(Config\Cache), false)
 9 FCPATH\index.php(79): CodeIgniter\CodeIgniter->run()
10 SYSTEMPATH\Commands\Server\rewrite.php(47): require_once('C:\\Users\\solehudin1725\\Documents\\MATERI PERKULIAHAN SMT 6\\project_skincare_uniba\\public\\index.php')
CRITICAL - 2024-03-12 06:58:37 --> ErrorException: Undefined property: CodeIgniter\View\View::$endSection
in APPPATH\Views\user\index.php on line 41.
 1 APPPATH\Views\user\index.php(41): CodeIgniter\Debug\Exceptions->errorHandler(2, 'Undefined property: CodeIgniter\\View\\View::$endSection', 'C:\\Users\\solehudin1725\\Documents\\MATERI PERKULIAHAN SMT 6\\project_skincare_uniba\\app\\Views\\user\\index.php', 41)
 2 SYSTEMPATH\View\View.php(228): include('C:\\Users\\solehudin1725\\Documents\\MATERI PERKULIAHAN SMT 6\\project_skincare_uniba\\app\\Views\\user\\index.php')
 3 SYSTEMPATH\View\View.php(231): CodeIgniter\View\View->CodeIgniter\View\{closure}()
 4 SYSTEMPATH\Common.php(1178): CodeIgniter\View\View->render('user/index', [], true)
 5 APPPATH\Controllers\User.php(12): view('user/index', [...])
 6 SYSTEMPATH\CodeIgniter.php(941): App\Controllers\User->index()
 7 SYSTEMPATH\CodeIgniter.php(502): CodeIgniter\CodeIgniter->runController(Object(App\Controllers\User))
 8 SYSTEMPATH\CodeIgniter.php(361): CodeIgniter\CodeIgniter->handleRequest(null, Object(Config\Cache), false)
 9 FCPATH\index.php(79): CodeIgniter\CodeIgniter->run()
10 SYSTEMPATH\Commands\Server\rewrite.php(47): require_once('C:\\Users\\solehudin1725\\Documents\\MATERI PERKULIAHAN SMT 6\\project_skincare_uniba\\public\\index.php')
CRITICAL - 2024-03-12 07:44:08 --> CodeIgniter\View\Exceptions\ViewException: Invalid file: "layout,foother.php"
in SYSTEMPATH\Exceptions\FrameworkException.php on line 39.
 1 SYSTEMPATH\View\View.php(216): CodeIgniter\Exceptions\FrameworkException::forInvalidFile('layout,foother.php')
 2 SYSTEMPATH\Common.php(1178): CodeIgniter\View\View->render('layout,foother', [], true)
 3 APPPATH\Controllers\User.php(13): view('layout,foother')
 4 SYSTEMPATH\CodeIgniter.php(941): App\Controllers\User->index()
 5 SYSTEMPATH\CodeIgniter.php(502): CodeIgniter\CodeIgniter->runController(Object(App\Controllers\User))
 6 SYSTEMPATH\CodeIgniter.php(361): CodeIgniter\CodeIgniter->handleRequest(null, Object(Config\Cache), false)
 7 FCPATH\index.php(79): CodeIgniter\CodeIgniter->run()
 8 SYSTEMPATH\Commands\Server\rewrite.php(47): require_once('C:\\Users\\solehudin1725\\Documents\\MATERI PERKULIAHAN SMT 6\\project_skincare_uniba\\public\\index.php')
CRITICAL - 2024-03-12 07:44:17 --> CodeIgniter\View\Exceptions\ViewException: Invalid file: "layout,foother.php"
in SYSTEMPATH\Exceptions\FrameworkException.php on line 39.
 1 SYSTEMPATH\View\View.php(216): CodeIgniter\Exceptions\FrameworkException::forInvalidFile('layout,foother.php')
 2 SYSTEMPATH\Common.php(1178): CodeIgniter\View\View->render('layout,foother', [], true)
 3 APPPATH\Controllers\User.php(13): view('layout,foother')
 4 SYSTEMPATH\CodeIgniter.php(941): App\Controllers\User->index()
 5 SYSTEMPATH\CodeIgniter.php(502): CodeIgniter\CodeIgniter->runController(Object(App\Controllers\User))
 6 SYSTEMPATH\CodeIgniter.php(361): CodeIgniter\CodeIgniter->handleRequest(null, Object(Config\Cache), false)
 7 FCPATH\index.php(79): CodeIgniter\CodeIgniter->run()
 8 SYSTEMPATH\Commands\Server\rewrite.php(47): require_once('C:\\Users\\solehudin1725\\Documents\\MATERI PERKULIAHAN SMT 6\\project_skincare_uniba\\public\\index.php')
CRITICAL - 2024-03-12 07:50:32 --> CodeIgniter\View\Exceptions\ViewException: Invalid file: "layout,foother.php"
in SYSTEMPATH\Exceptions\FrameworkException.php on line 39.
 1 SYSTEMPATH\View\View.php(216): CodeIgniter\Exceptions\FrameworkException::forInvalidFile('layout,foother.php')
 2 SYSTEMPATH\Common.php(1178): CodeIgniter\View\View->render('layout,foother', [], true)
 3 APPPATH\Controllers\User.php(13): view('layout,foother')
 4 SYSTEMPATH\CodeIgniter.php(941): App\Controllers\User->index()
 5 SYSTEMPATH\CodeIgniter.php(502): CodeIgniter\CodeIgniter->runController(Object(App\Controllers\User))
 6 SYSTEMPATH\CodeIgniter.php(361): CodeIgniter\CodeIgniter->handleRequest(null, Object(Config\Cache), false)
 7 FCPATH\index.php(79): CodeIgniter\CodeIgniter->run()
 8 SYSTEMPATH\Commands\Server\rewrite.php(47): require_once('C:\\Users\\solehudin1725\\Documents\\MATERI PERKULIAHAN SMT 6\\project_skincare_uniba\\public\\index.php')
CRITICAL - 2024-03-12 07:51:23 --> CodeIgniter\View\Exceptions\ViewException: Invalid file: "layout,foother.php"
in SYSTEMPATH\Exceptions\FrameworkException.php on line 39.
 1 SYSTEMPATH\View\View.php(216): CodeIgniter\Exceptions\FrameworkException::forInvalidFile('layout,foother.php')
 2 SYSTEMPATH\Common.php(1178): CodeIgniter\View\View->render('layout,foother', [], true)
 3 APPPATH\Controllers\User.php(13): view('layout,foother')
 4 SYSTEMPATH\CodeIgniter.php(941): App\Controllers\User->index()
 5 SYSTEMPATH\CodeIgniter.php(502): CodeIgniter\CodeIgniter->runController(Object(App\Controllers\User))
 6 SYSTEMPATH\CodeIgniter.php(361): CodeIgniter\CodeIgniter->handleRequest(null, Object(Config\Cache), false)
 7 FCPATH\index.php(79): CodeIgniter\CodeIgniter->run()
 8 SYSTEMPATH\Commands\Server\rewrite.php(47): require_once('C:\\Users\\solehudin1725\\Documents\\MATERI PERKULIAHAN SMT 6\\project_skincare_uniba\\public\\index.php')
CRITICAL - 2024-03-12 07:51:29 --> CodeIgniter\View\Exceptions\ViewException: Invalid file: "layout,foother.php"
in SYSTEMPATH\Exceptions\FrameworkException.php on line 39.
 1 SYSTEMPATH\View\View.php(216): CodeIgniter\Exceptions\FrameworkException::forInvalidFile('layout,foother.php')
 2 SYSTEMPATH\Common.php(1178): CodeIgniter\View\View->render('layout,foother', [], true)
 3 APPPATH\Controllers\User.php(13): view('layout,foother')
 4 SYSTEMPATH\CodeIgniter.php(941): App\Controllers\User->index()
 5 SYSTEMPATH\CodeIgniter.php(502): CodeIgniter\CodeIgniter->runController(Object(App\Controllers\User))
 6 SYSTEMPATH\CodeIgniter.php(361): CodeIgniter\CodeIgniter->handleRequest(null, Object(Config\Cache), false)
 7 FCPATH\index.php(79): CodeIgniter\CodeIgniter->run()
 8 SYSTEMPATH\Commands\Server\rewrite.php(47): require_once('C:\\Users\\solehudin1725\\Documents\\MATERI PERKULIAHAN SMT 6\\project_skincare_uniba\\public\\index.php')
CRITICAL - 2024-03-12 08:43:55 --> RuntimeException: View themes, no current section.
in SYSTEMPATH\View\View.php on line 425.
 1 APPPATH\Views\pages\Home.php(1148): CodeIgniter\View\View->endSection()
 2 SYSTEMPATH\View\View.php(228): include('C:\\Users\\solehudin1725\\Documents\\MATERI PERKULIAHAN SMT 6\\project_skincare_uniba\\app\\Views\\pages\\Home.php')
 3 SYSTEMPATH\View\View.php(231): CodeIgniter\View\View->CodeIgniter\View\{closure}()
 4 SYSTEMPATH\Common.php(1178): CodeIgniter\View\View->render('pages/Home', [], true)
 5 APPPATH\Controllers\Pages.php(13): view('pages/Home')
 6 SYSTEMPATH\CodeIgniter.php(941): App\Controllers\Pages->index()
 7 SYSTEMPATH\CodeIgniter.php(502): CodeIgniter\CodeIgniter->runController(Object(App\Controllers\Pages))
 8 SYSTEMPATH\CodeIgniter.php(361): CodeIgniter\CodeIgniter->handleRequest(null, Object(Config\Cache), false)
 9 FCPATH\index.php(79): CodeIgniter\CodeIgniter->run()
10 SYSTEMPATH\Commands\Server\rewrite.php(47): require_once('C:\\Users\\solehudin1725\\Documents\\MATERI PERKULIAHAN SMT 6\\project_skincare_uniba\\public\\index.php')
CRITICAL - 2024-03-12 08:44:01 --> RuntimeException: View themes, no current section.
in SYSTEMPATH\View\View.php on line 425.
 1 APPPATH\Views\pages\Home.php(1148): CodeIgniter\View\View->endSection()
 2 SYSTEMPATH\View\View.php(228): include('C:\\Users\\solehudin1725\\Documents\\MATERI PERKULIAHAN SMT 6\\project_skincare_uniba\\app\\Views\\pages\\Home.php')
 3 SYSTEMPATH\View\View.php(231): CodeIgniter\View\View->CodeIgniter\View\{closure}()
 4 SYSTEMPATH\Common.php(1178): CodeIgniter\View\View->render('pages/Home', [], true)
 5 APPPATH\Controllers\Pages.php(13): view('pages/Home')
 6 SYSTEMPATH\CodeIgniter.php(941): App\Controllers\Pages->index()
 7 SYSTEMPATH\CodeIgniter.php(502): CodeIgniter\CodeIgniter->runController(Object(App\Controllers\Pages))
 8 SYSTEMPATH\CodeIgniter.php(361): CodeIgniter\CodeIgniter->handleRequest(null, Object(Config\Cache), false)
 9 FCPATH\index.php(79): CodeIgniter\CodeIgniter->run()
10 SYSTEMPATH\Commands\Server\rewrite.php(47): require_once('C:\\Users\\solehudin1725\\Documents\\MATERI PERKULIAHAN SMT 6\\project_skincare_uniba\\public\\index.php')
CRITICAL - 2024-03-12 08:45:33 --> RuntimeException: View themes, no current section.
in SYSTEMPATH\View\View.php on line 425.
 1 APPPATH\Views\pages\Home.php(1148): CodeIgniter\View\View->endSection()
 2 SYSTEMPATH\View\View.php(228): include('C:\\Users\\solehudin1725\\Documents\\MATERI PERKULIAHAN SMT 6\\project_skincare_uniba\\app\\Views\\pages\\Home.php')
 3 SYSTEMPATH\View\View.php(231): CodeIgniter\View\View->CodeIgniter\View\{closure}()
 4 SYSTEMPATH\Common.php(1178): CodeIgniter\View\View->render('pages/Home', [], true)
 5 APPPATH\Controllers\Pages.php(13): view('pages/Home', [...])
 6 SYSTEMPATH\CodeIgniter.php(941): App\Controllers\Pages->index()
 7 SYSTEMPATH\CodeIgniter.php(502): CodeIgniter\CodeIgniter->runController(Object(App\Controllers\Pages))
 8 SYSTEMPATH\CodeIgniter.php(361): CodeIgniter\CodeIgniter->handleRequest(null, Object(Config\Cache), false)
 9 FCPATH\index.php(79): CodeIgniter\CodeIgniter->run()
10 SYSTEMPATH\Commands\Server\rewrite.php(47): require_once('C:\\Users\\solehudin1725\\Documents\\MATERI PERKULIAHAN SMT 6\\project_skincare_uniba\\public\\index.php')
CRITICAL - 2024-03-12 08:45:34 --> RuntimeException: View themes, no current section.
in SYSTEMPATH\View\View.php on line 425.
 1 APPPATH\Views\pages\Home.php(1148): CodeIgniter\View\View->endSection()
 2 SYSTEMPATH\View\View.php(228): include('C:\\Users\\solehudin1725\\Documents\\MATERI PERKULIAHAN SMT 6\\project_skincare_uniba\\app\\Views\\pages\\Home.php')
 3 SYSTEMPATH\View\View.php(231): CodeIgniter\View\View->CodeIgniter\View\{closure}()
 4 SYSTEMPATH\Common.php(1178): CodeIgniter\View\View->render('pages/Home', [], true)
 5 APPPATH\Controllers\Pages.php(13): view('pages/Home', [...])
 6 SYSTEMPATH\CodeIgniter.php(941): App\Controllers\Pages->index()
 7 SYSTEMPATH\CodeIgniter.php(502): CodeIgniter\CodeIgniter->runController(Object(App\Controllers\Pages))
 8 SYSTEMPATH\CodeIgniter.php(361): CodeIgniter\CodeIgniter->handleRequest(null, Object(Config\Cache), false)
 9 FCPATH\index.php(79): CodeIgniter\CodeIgniter->run()
10 SYSTEMPATH\Commands\Server\rewrite.php(47): require_once('C:\\Users\\solehudin1725\\Documents\\MATERI PERKULIAHAN SMT 6\\project_skincare_uniba\\public\\index.php')
>>>>>>> b1649c335730ebdd8f387d76e78081ef0b015ada
