CRITICAL - 2024-03-13 03:19:19 --> RuntimeException: View themes, no current section.
in SYSTEMPATH\View\View.php on line 425.
 1 APPPATH\Views\pages\Home.php(1148): CodeIgniter\View\View->endSection()
 2 SYSTEMPATH\View\View.php(228): include('C:\\Users\\solehudin1725\\Documents\\MATERI PERKULIAHAN SMT 6\\project_skincare_uniba\\app\\Views\\pages\\Home.php')
 3 SYSTEMPATH\View\View.php(231): CodeIgniter\View\View->CodeIgniter\View\{closure}()
 4 SYSTEMPATH\Common.php(1178): CodeIgniter\View\View->render('pages/Home', [], true)
 5 APPPATH\Controllers\Pages.php(13): view('pages/Home', [...])
 6 SYSTEMPATH\CodeIgniter.php(941): App\Controllers\Pages->index()
 7 SYSTEMPATH\CodeIgniter.php(502): CodeIgniter\CodeIgniter->runController(Object(App\Controllers\Pages))
 8 SYSTEMPATH\CodeIgniter.php(361): CodeIgniter\CodeIgniter->handleRequest(null, Object(Config\Cache), false)
 9 FCPATH\index.php(79): CodeIgniter\CodeIgniter->run()
10 SYSTEMPATH\Commands\Server\rewrite.php(47): require_once('C:\\Users\\solehudin1725\\Documents\\MATERI PERKULIAHAN SMT 6\\project_skincare_uniba\\public\\index.php')
CRITICAL - 2024-03-13 03:48:39 --> CodeIgniter\View\Exceptions\ViewException: Invalid file: "layout/header.php"
in SYSTEMPATH\Exceptions\FrameworkException.php on line 39.
 1 SYSTEMPATH\View\View.php(216): CodeIgniter\Exceptions\FrameworkException::forInvalidFile('layout/header.php')
 2 SYSTEMPATH\Common.php(1178): CodeIgniter\View\View->render('layout/header', [], true)
 3 APPPATH\Controllers\User.php(11): view('layout/header', [...])
 4 SYSTEMPATH\CodeIgniter.php(941): App\Controllers\User->index()
 5 SYSTEMPATH\CodeIgniter.php(502): CodeIgniter\CodeIgniter->runController(Object(App\Controllers\User))
 6 SYSTEMPATH\CodeIgniter.php(361): CodeIgniter\CodeIgniter->handleRequest(null, Object(Config\Cache), false)
 7 FCPATH\index.php(79): CodeIgniter\CodeIgniter->run()
 8 SYSTEMPATH\Commands\Server\rewrite.php(47): require_once('C:\\Users\\solehudin1725\\Documents\\MATERI PERKULIAHAN SMT 6\\project_skincare_uniba\\public\\index.php')
CRITICAL - 2024-03-13 04:01:15 --> CodeIgniter\View\Exceptions\ViewException: Invalid file: "layout/header.php"
in SYSTEMPATH\Exceptions\FrameworkException.php on line 39.
 1 SYSTEMPATH\View\View.php(216): CodeIgniter\Exceptions\FrameworkException::forInvalidFile('layout/header.php')
 2 SYSTEMPATH\Common.php(1178): CodeIgniter\View\View->render('layout/header', [], true)
 3 APPPATH\Controllers\User.php(11): view('layout/header', [...])
 4 SYSTEMPATH\CodeIgniter.php(941): App\Controllers\User->index()
 5 SYSTEMPATH\CodeIgniter.php(502): CodeIgniter\CodeIgniter->runController(Object(App\Controllers\User))
 6 SYSTEMPATH\CodeIgniter.php(361): CodeIgniter\CodeIgniter->handleRequest(null, Object(Config\Cache), false)
 7 FCPATH\index.php(79): CodeIgniter\CodeIgniter->run()
 8 SYSTEMPATH\Commands\Server\rewrite.php(47): require_once('C:\\Users\\solehudin1725\\Documents\\MATERI PERKULIAHAN SMT 6\\project_skincare_uniba\\public\\index.php')
CRITICAL - 2024-03-13 04:04:28 --> CodeIgniter\View\Exceptions\ViewException: Invalid file: "layout/header.php"
in SYSTEMPATH\Exceptions\FrameworkException.php on line 39.
 1 SYSTEMPATH\View\View.php(216): CodeIgniter\Exceptions\FrameworkException::forInvalidFile('layout/header.php')
 2 SYSTEMPATH\Common.php(1178): CodeIgniter\View\View->render('layout/header', [], true)
 3 APPPATH\Controllers\User.php(11): view('layout/header', [...])
 4 SYSTEMPATH\CodeIgniter.php(941): App\Controllers\User->index()
 5 SYSTEMPATH\CodeIgniter.php(502): CodeIgniter\CodeIgniter->runController(Object(App\Controllers\User))
 6 SYSTEMPATH\CodeIgniter.php(361): CodeIgniter\CodeIgniter->handleRequest(null, Object(Config\Cache), false)
 7 FCPATH\index.php(79): CodeIgniter\CodeIgniter->run()
 8 SYSTEMPATH\Commands\Server\rewrite.php(47): require_once('C:\\Users\\solehudin1725\\Documents\\MATERI PERKULIAHAN SMT 6\\project_skincare_uniba\\public\\index.php')
CRITICAL - 2024-03-13 04:04:31 --> CodeIgniter\View\Exceptions\ViewException: Invalid file: "layout/header.php"
in SYSTEMPATH\Exceptions\FrameworkException.php on line 39.
 1 SYSTEMPATH\View\View.php(216): CodeIgniter\Exceptions\FrameworkException::forInvalidFile('layout/header.php')
 2 SYSTEMPATH\Common.php(1178): CodeIgniter\View\View->render('layout/header', [], true)
 3 APPPATH\Controllers\User.php(11): view('layout/header', [...])
 4 SYSTEMPATH\CodeIgniter.php(941): App\Controllers\User->index()
 5 SYSTEMPATH\CodeIgniter.php(502): CodeIgniter\CodeIgniter->runController(Object(App\Controllers\User))
 6 SYSTEMPATH\CodeIgniter.php(361): CodeIgniter\CodeIgniter->handleRequest(null, Object(Config\Cache), false)
 7 FCPATH\index.php(79): CodeIgniter\CodeIgniter->run()
 8 SYSTEMPATH\Commands\Server\rewrite.php(47): require_once('C:\\Users\\solehudin1725\\Documents\\MATERI PERKULIAHAN SMT 6\\project_skincare_uniba\\public\\index.php')
CRITICAL - 2024-03-13 04:07:20 --> ErrorException: Undefined array key 0
in APPPATH\Views\user\index.php on line 32.
 1 APPPATH\Views\user\index.php(32): CodeIgniter\Debug\Exceptions->errorHandler(2, 'Undefined array key 0', 'C:\\Users\\solehudin1725\\Documents\\MATERI PERKULIAHAN SMT 6\\project_skincare_uniba\\app\\Views\\user\\index.php', 32)
 2 SYSTEMPATH\View\View.php(228): include('C:\\Users\\solehudin1725\\Documents\\MATERI PERKULIAHAN SMT 6\\project_skincare_uniba\\app\\Views\\user\\index.php')
 3 SYSTEMPATH\View\View.php(231): CodeIgniter\View\View->CodeIgniter\View\{closure}()
 4 SYSTEMPATH\Common.php(1178): CodeIgniter\View\View->render('user/index', [], true)
 5 APPPATH\Controllers\User.php(30): view('user/index', [...])
 6 SYSTEMPATH\CodeIgniter.php(941): App\Controllers\User->index()
 7 SYSTEMPATH\CodeIgniter.php(502): CodeIgniter\CodeIgniter->runController(Object(App\Controllers\User))
 8 SYSTEMPATH\CodeIgniter.php(361): CodeIgniter\CodeIgniter->handleRequest(null, Object(Config\Cache), false)
 9 FCPATH\index.php(79): CodeIgniter\CodeIgniter->run()
10 SYSTEMPATH\Commands\Server\rewrite.php(47): require_once('C:\\Users\\solehudin1725\\Documents\\MATERI PERKULIAHAN SMT 6\\project_skincare_uniba\\public\\index.php')
CRITICAL - 2024-03-13 04:08:53 --> ErrorException: Undefined array key "tipe"
in APPPATH\Views\user\index.php on line 32.
 1 APPPATH\Views\user\index.php(32): CodeIgniter\Debug\Exceptions->errorHandler(2, 'Undefined array key "tipe"', 'C:\\Users\\solehudin1725\\Documents\\MATERI PERKULIAHAN SMT 6\\project_skincare_uniba\\app\\Views\\user\\index.php', 32)
 2 SYSTEMPATH\View\View.php(228): include('C:\\Users\\solehudin1725\\Documents\\MATERI PERKULIAHAN SMT 6\\project_skincare_uniba\\app\\Views\\user\\index.php')
 3 SYSTEMPATH\View\View.php(231): CodeIgniter\View\View->CodeIgniter\View\{closure}()
 4 SYSTEMPATH\Common.php(1178): CodeIgniter\View\View->render('user/index', [], true)
 5 APPPATH\Controllers\User.php(30): view('user/index', [...])
 6 SYSTEMPATH\CodeIgniter.php(941): App\Controllers\User->index()
 7 SYSTEMPATH\CodeIgniter.php(502): CodeIgniter\CodeIgniter->runController(Object(App\Controllers\User))
 8 SYSTEMPATH\CodeIgniter.php(361): CodeIgniter\CodeIgniter->handleRequest(null, Object(Config\Cache), false)
 9 FCPATH\index.php(79): CodeIgniter\CodeIgniter->run()
10 SYSTEMPATH\Commands\Server\rewrite.php(47): require_once('C:\\Users\\solehudin1725\\Documents\\MATERI PERKULIAHAN SMT 6\\project_skincare_uniba\\public\\index.php')
CRITICAL - 2024-03-13 04:09:04 --> TypeError: Cannot access offset of type string on string
in APPPATH\Views\user\index.php on line 32.
 1 SYSTEMPATH\View\View.php(228): include()
 2 SYSTEMPATH\View\View.php(231): CodeIgniter\View\View->CodeIgniter\View\{closure}()
 3 SYSTEMPATH\Common.php(1178): CodeIgniter\View\View->render('user/index', [], true)
 4 APPPATH\Controllers\User.php(30): view('user/index', [...])
 5 SYSTEMPATH\CodeIgniter.php(941): App\Controllers\User->index()
 6 SYSTEMPATH\CodeIgniter.php(502): CodeIgniter\CodeIgniter->runController(Object(App\Controllers\User))
 7 SYSTEMPATH\CodeIgniter.php(361): CodeIgniter\CodeIgniter->handleRequest(null, Object(Config\Cache), false)
 8 FCPATH\index.php(79): CodeIgniter\CodeIgniter->run()
 9 SYSTEMPATH\Commands\Server\rewrite.php(47): require_once('C:\\Users\\solehudin1725\\Documents\\MATERI PERKULIAHAN SMT 6\\project_skincare_uniba\\public\\index.php')
CRITICAL - 2024-03-13 04:09:07 --> TypeError: Cannot access offset of type string on string
in APPPATH\Views\user\index.php on line 32.
 1 SYSTEMPATH\View\View.php(228): include()
 2 SYSTEMPATH\View\View.php(231): CodeIgniter\View\View->CodeIgniter\View\{closure}()
 3 SYSTEMPATH\Common.php(1178): CodeIgniter\View\View->render('user/index', [], true)
 4 APPPATH\Controllers\User.php(30): view('user/index', [...])
 5 SYSTEMPATH\CodeIgniter.php(941): App\Controllers\User->index()
 6 SYSTEMPATH\CodeIgniter.php(502): CodeIgniter\CodeIgniter->runController(Object(App\Controllers\User))
 7 SYSTEMPATH\CodeIgniter.php(361): CodeIgniter\CodeIgniter->handleRequest(null, Object(Config\Cache), false)
 8 FCPATH\index.php(79): CodeIgniter\CodeIgniter->run()
 9 SYSTEMPATH\Commands\Server\rewrite.php(47): require_once('C:\\Users\\solehudin1725\\Documents\\MATERI PERKULIAHAN SMT 6\\project_skincare_uniba\\public\\index.php')
CRITICAL - 2024-03-13 04:09:39 --> TypeError: Cannot access offset of type string on string
in APPPATH\Views\user\index.php on line 32.
 1 SYSTEMPATH\View\View.php(228): include()
 2 SYSTEMPATH\View\View.php(231): CodeIgniter\View\View->CodeIgniter\View\{closure}()
 3 SYSTEMPATH\Common.php(1178): CodeIgniter\View\View->render('user/index', [], true)
 4 APPPATH\Controllers\User.php(30): view('user/index', [...])
 5 SYSTEMPATH\CodeIgniter.php(941): App\Controllers\User->index()
 6 SYSTEMPATH\CodeIgniter.php(502): CodeIgniter\CodeIgniter->runController(Object(App\Controllers\User))
 7 SYSTEMPATH\CodeIgniter.php(361): CodeIgniter\CodeIgniter->handleRequest(null, Object(Config\Cache), false)
 8 FCPATH\index.php(79): CodeIgniter\CodeIgniter->run()
 9 SYSTEMPATH\Commands\Server\rewrite.php(47): require_once('C:\\Users\\solehudin1725\\Documents\\MATERI PERKULIAHAN SMT 6\\project_skincare_uniba\\public\\index.php')
CRITICAL - 2024-03-13 04:56:39 --> ParseError: syntax error, unexpected integer "0", expecting identifier or variable or "{" or "$"
in APPPATH\Views\user\index.php on line 29.
 1 SYSTEMPATH\View\View.php(231): CodeIgniter\View\View->CodeIgniter\View\{closure}()
 2 SYSTEMPATH\Common.php(1178): CodeIgniter\View\View->render('user/index', [], true)
 3 APPPATH\Controllers\User.php(31): view('user/index', [...])
 4 SYSTEMPATH\CodeIgniter.php(941): App\Controllers\User->index()
 5 SYSTEMPATH\CodeIgniter.php(502): CodeIgniter\CodeIgniter->runController(Object(App\Controllers\User))
 6 SYSTEMPATH\CodeIgniter.php(361): CodeIgniter\CodeIgniter->handleRequest(null, Object(Config\Cache), false)
 7 FCPATH\index.php(79): CodeIgniter\CodeIgniter->run()
 8 SYSTEMPATH\Commands\Server\rewrite.php(47): require_once('C:\\Users\\solehudin1725\\Documents\\MATERI PERKULIAHAN SMT 6\\project_skincare_uniba\\public\\index.php')
CRITICAL - 2024-03-13 04:56:53 --> ParseError: syntax error, unexpected token "=>"
in APPPATH\Views\user\index.php on line 29.
 1 SYSTEMPATH\View\View.php(231): CodeIgniter\View\View->CodeIgniter\View\{closure}()
 2 SYSTEMPATH\Common.php(1178): CodeIgniter\View\View->render('user/index', [], true)
 3 APPPATH\Controllers\User.php(31): view('user/index', [...])
 4 SYSTEMPATH\CodeIgniter.php(941): App\Controllers\User->index()
 5 SYSTEMPATH\CodeIgniter.php(502): CodeIgniter\CodeIgniter->runController(Object(App\Controllers\User))
 6 SYSTEMPATH\CodeIgniter.php(361): CodeIgniter\CodeIgniter->handleRequest(null, Object(Config\Cache), false)
 7 FCPATH\index.php(79): CodeIgniter\CodeIgniter->run()
 8 SYSTEMPATH\Commands\Server\rewrite.php(47): require_once('C:\\Users\\solehudin1725\\Documents\\MATERI PERKULIAHAN SMT 6\\project_skincare_uniba\\public\\index.php')
CRITICAL - 2024-03-13 04:57:03 --> TypeError: Cannot access offset of type string on string
in APPPATH\Views\user\index.php on line 32.
 1 SYSTEMPATH\View\View.php(228): include()
 2 SYSTEMPATH\View\View.php(231): CodeIgniter\View\View->CodeIgniter\View\{closure}()
 3 SYSTEMPATH\Common.php(1178): CodeIgniter\View\View->render('user/index', [], true)
 4 APPPATH\Controllers\User.php(31): view('user/index', [...])
 5 SYSTEMPATH\CodeIgniter.php(941): App\Controllers\User->index()
 6 SYSTEMPATH\CodeIgniter.php(502): CodeIgniter\CodeIgniter->runController(Object(App\Controllers\User))
 7 SYSTEMPATH\CodeIgniter.php(361): CodeIgniter\CodeIgniter->handleRequest(null, Object(Config\Cache), false)
 8 FCPATH\index.php(79): CodeIgniter\CodeIgniter->run()
 9 SYSTEMPATH\Commands\Server\rewrite.php(47): require_once('C:\\Users\\solehudin1725\\Documents\\MATERI PERKULIAHAN SMT 6\\project_skincare_uniba\\public\\index.php')
CRITICAL - 2024-03-13 04:57:24 --> TypeError: Cannot access offset of type string on string
in APPPATH\Views\user\index.php on line 32.
 1 SYSTEMPATH\View\View.php(228): include()
 2 SYSTEMPATH\View\View.php(231): CodeIgniter\View\View->CodeIgniter\View\{closure}()
 3 SYSTEMPATH\Common.php(1178): CodeIgniter\View\View->render('user/index', [], true)
 4 APPPATH\Controllers\User.php(31): view('user/index', [...])
 5 SYSTEMPATH\CodeIgniter.php(941): App\Controllers\User->index()
 6 SYSTEMPATH\CodeIgniter.php(502): CodeIgniter\CodeIgniter->runController(Object(App\Controllers\User))
 7 SYSTEMPATH\CodeIgniter.php(361): CodeIgniter\CodeIgniter->handleRequest(null, Object(Config\Cache), false)
 8 FCPATH\index.php(79): CodeIgniter\CodeIgniter->run()
 9 SYSTEMPATH\Commands\Server\rewrite.php(47): require_once('C:\\Users\\solehudin1725\\Documents\\MATERI PERKULIAHAN SMT 6\\project_skincare_uniba\\public\\index.php')
CRITICAL - 2024-03-13 04:57:35 --> ErrorException: Undefined array key 0
in APPPATH\Views\user\index.php on line 32.
 1 APPPATH\Views\user\index.php(32): CodeIgniter\Debug\Exceptions->errorHandler(2, 'Undefined array key 0', 'C:\\Users\\solehudin1725\\Documents\\MATERI PERKULIAHAN SMT 6\\project_skincare_uniba\\app\\Views\\user\\index.php', 32)
 2 SYSTEMPATH\View\View.php(228): include('C:\\Users\\solehudin1725\\Documents\\MATERI PERKULIAHAN SMT 6\\project_skincare_uniba\\app\\Views\\user\\index.php')
 3 SYSTEMPATH\View\View.php(231): CodeIgniter\View\View->CodeIgniter\View\{closure}()
 4 SYSTEMPATH\Common.php(1178): CodeIgniter\View\View->render('user/index', [], true)
 5 APPPATH\Controllers\User.php(31): view('user/index', [...])
 6 SYSTEMPATH\CodeIgniter.php(941): App\Controllers\User->index()
 7 SYSTEMPATH\CodeIgniter.php(502): CodeIgniter\CodeIgniter->runController(Object(App\Controllers\User))
 8 SYSTEMPATH\CodeIgniter.php(361): CodeIgniter\CodeIgniter->handleRequest(null, Object(Config\Cache), false)
 9 FCPATH\index.php(79): CodeIgniter\CodeIgniter->run()
10 SYSTEMPATH\Commands\Server\rewrite.php(47): require_once('C:\\Users\\solehudin1725\\Documents\\MATERI PERKULIAHAN SMT 6\\project_skincare_uniba\\public\\index.php')
CRITICAL - 2024-03-13 04:58:00 --> ErrorException: Undefined array key 0
in APPPATH\Views\user\index.php on line 32.
 1 APPPATH\Views\user\index.php(32): CodeIgniter\Debug\Exceptions->errorHandler(2, 'Undefined array key 0', 'C:\\Users\\solehudin1725\\Documents\\MATERI PERKULIAHAN SMT 6\\project_skincare_uniba\\app\\Views\\user\\index.php', 32)
 2 SYSTEMPATH\View\View.php(228): include('C:\\Users\\solehudin1725\\Documents\\MATERI PERKULIAHAN SMT 6\\project_skincare_uniba\\app\\Views\\user\\index.php')
 3 SYSTEMPATH\View\View.php(231): CodeIgniter\View\View->CodeIgniter\View\{closure}()
 4 SYSTEMPATH\Common.php(1178): CodeIgniter\View\View->render('user/index', [], true)
 5 APPPATH\Controllers\User.php(31): view('user/index', [...])
 6 SYSTEMPATH\CodeIgniter.php(941): App\Controllers\User->index()
 7 SYSTEMPATH\CodeIgniter.php(502): CodeIgniter\CodeIgniter->runController(Object(App\Controllers\User))
 8 SYSTEMPATH\CodeIgniter.php(361): CodeIgniter\CodeIgniter->handleRequest(null, Object(Config\Cache), false)
 9 FCPATH\index.php(79): CodeIgniter\CodeIgniter->run()
10 SYSTEMPATH\Commands\Server\rewrite.php(47): require_once('C:\\Users\\solehudin1725\\Documents\\MATERI PERKULIAHAN SMT 6\\project_skincare_uniba\\public\\index.php')
CRITICAL - 2024-03-13 06:09:05 --> ErrorException: Undefined variable $role
in APPPATH\Views\user\index.php on line 6.
 1 APPPATH\Views\user\index.php(6): CodeIgniter\Debug\Exceptions->errorHandler(2, 'Undefined variable $role', 'C:\\Users\\solehudin1725\\Documents\\MATERI PERKULIAHAN SMT 6\\project_skincare_uniba\\app\\Views\\user\\index.php', 6)
 2 SYSTEMPATH\View\View.php(228): include('C:\\Users\\solehudin1725\\Documents\\MATERI PERKULIAHAN SMT 6\\project_skincare_uniba\\app\\Views\\user\\index.php')
 3 SYSTEMPATH\View\View.php(231): CodeIgniter\View\View->CodeIgniter\View\{closure}()
 4 SYSTEMPATH\Common.php(1178): CodeIgniter\View\View->render('user/index', [], true)
 5 APPPATH\Controllers\User.php(25): view('user/index', [...])
 6 SYSTEMPATH\CodeIgniter.php(941): App\Controllers\User->index()
 7 SYSTEMPATH\CodeIgniter.php(502): CodeIgniter\CodeIgniter->runController(Object(App\Controllers\User))
 8 SYSTEMPATH\CodeIgniter.php(361): CodeIgniter\CodeIgniter->handleRequest(null, Object(Config\Cache), false)
 9 FCPATH\index.php(79): CodeIgniter\CodeIgniter->run()
10 SYSTEMPATH\Commands\Server\rewrite.php(47): require_once('C:\\Users\\solehudin1725\\Documents\\MATERI PERKULIAHAN SMT 6\\project_skincare_uniba\\public\\index.php')
CRITICAL - 2024-03-13 06:09:30 --> ErrorException: Undefined variable $k
in APPPATH\Views\user\index.php on line 36.
 1 APPPATH\Views\user\index.php(36): CodeIgniter\Debug\Exceptions->errorHandler(2, 'Undefined variable $k', 'C:\\Users\\solehudin1725\\Documents\\MATERI PERKULIAHAN SMT 6\\project_skincare_uniba\\app\\Views\\user\\index.php', 36)
 2 SYSTEMPATH\View\View.php(228): include('C:\\Users\\solehudin1725\\Documents\\MATERI PERKULIAHAN SMT 6\\project_skincare_uniba\\app\\Views\\user\\index.php')
 3 SYSTEMPATH\View\View.php(231): CodeIgniter\View\View->CodeIgniter\View\{closure}()
 4 SYSTEMPATH\Common.php(1178): CodeIgniter\View\View->render('user/index', [], true)
 5 APPPATH\Controllers\User.php(25): view('user/index', [...])
 6 SYSTEMPATH\CodeIgniter.php(941): App\Controllers\User->index()
 7 SYSTEMPATH\CodeIgniter.php(502): CodeIgniter\CodeIgniter->runController(Object(App\Controllers\User))
 8 SYSTEMPATH\CodeIgniter.php(361): CodeIgniter\CodeIgniter->handleRequest(null, Object(Config\Cache), false)
 9 FCPATH\index.php(79): CodeIgniter\CodeIgniter->run()
10 SYSTEMPATH\Commands\Server\rewrite.php(47): require_once('C:\\Users\\solehudin1725\\Documents\\MATERI PERKULIAHAN SMT 6\\project_skincare_uniba\\public\\index.php')
CRITICAL - 2024-03-13 06:10:07 --> TypeError: Cannot access offset of type string on string
in APPPATH\Views\user\index.php on line 23.
 1 SYSTEMPATH\View\View.php(228): include()
 2 SYSTEMPATH\View\View.php(231): CodeIgniter\View\View->CodeIgniter\View\{closure}()
 3 SYSTEMPATH\Common.php(1178): CodeIgniter\View\View->render('user/index', [], true)
 4 APPPATH\Controllers\User.php(25): view('user/index', [...])
 5 SYSTEMPATH\CodeIgniter.php(941): App\Controllers\User->index()
 6 SYSTEMPATH\CodeIgniter.php(502): CodeIgniter\CodeIgniter->runController(Object(App\Controllers\User))
 7 SYSTEMPATH\CodeIgniter.php(361): CodeIgniter\CodeIgniter->handleRequest(null, Object(Config\Cache), false)
 8 FCPATH\index.php(79): CodeIgniter\CodeIgniter->run()
 9 SYSTEMPATH\Commands\Server\rewrite.php(47): require_once('C:\\Users\\solehudin1725\\Documents\\MATERI PERKULIAHAN SMT 6\\project_skincare_uniba\\public\\index.php')
CRITICAL - 2024-03-13 06:10:24 --> ParseError: syntax error, unexpected integer "0", expecting identifier or variable or "{" or "$"
in APPPATH\Views\user\index.php on line 20.
 1 SYSTEMPATH\View\View.php(231): CodeIgniter\View\View->CodeIgniter\View\{closure}()
 2 SYSTEMPATH\Common.php(1178): CodeIgniter\View\View->render('user/index', [], true)
 3 APPPATH\Controllers\User.php(25): view('user/index', [...])
 4 SYSTEMPATH\CodeIgniter.php(941): App\Controllers\User->index()
 5 SYSTEMPATH\CodeIgniter.php(502): CodeIgniter\CodeIgniter->runController(Object(App\Controllers\User))
 6 SYSTEMPATH\CodeIgniter.php(361): CodeIgniter\CodeIgniter->handleRequest(null, Object(Config\Cache), false)
 7 FCPATH\index.php(79): CodeIgniter\CodeIgniter->run()
 8 SYSTEMPATH\Commands\Server\rewrite.php(47): require_once('C:\\Users\\solehudin1725\\Documents\\MATERI PERKULIAHAN SMT 6\\project_skincare_uniba\\public\\index.php')
CRITICAL - 2024-03-13 06:11:08 --> ErrorException: Undefined array key 0
in APPPATH\Views\user\index.php on line 23.
 1 APPPATH\Views\user\index.php(23): CodeIgniter\Debug\Exceptions->errorHandler(2, 'Undefined array key 0', 'C:\\Users\\solehudin1725\\Documents\\MATERI PERKULIAHAN SMT 6\\project_skincare_uniba\\app\\Views\\user\\index.php', 23)
 2 SYSTEMPATH\View\View.php(228): include('C:\\Users\\solehudin1725\\Documents\\MATERI PERKULIAHAN SMT 6\\project_skincare_uniba\\app\\Views\\user\\index.php')
 3 SYSTEMPATH\View\View.php(231): CodeIgniter\View\View->CodeIgniter\View\{closure}()
 4 SYSTEMPATH\Common.php(1178): CodeIgniter\View\View->render('user/index', [], true)
 5 APPPATH\Controllers\User.php(25): view('user/index', [...])
 6 SYSTEMPATH\CodeIgniter.php(941): App\Controllers\User->index()
 7 SYSTEMPATH\CodeIgniter.php(502): CodeIgniter\CodeIgniter->runController(Object(App\Controllers\User))
 8 SYSTEMPATH\CodeIgniter.php(361): CodeIgniter\CodeIgniter->handleRequest(null, Object(Config\Cache), false)
 9 FCPATH\index.php(79): CodeIgniter\CodeIgniter->run()
10 SYSTEMPATH\Commands\Server\rewrite.php(47): require_once('C:\\Users\\solehudin1725\\Documents\\MATERI PERKULIAHAN SMT 6\\project_skincare_uniba\\public\\index.php')
CRITICAL - 2024-03-13 06:12:15 --> Error: Attempt to assign property "" on null
in APPPATH\Views\user\index.php on line 20.
 1 SYSTEMPATH\View\View.php(228): include()
 2 SYSTEMPATH\View\View.php(231): CodeIgniter\View\View->CodeIgniter\View\{closure}()
 3 SYSTEMPATH\Common.php(1178): CodeIgniter\View\View->render('user/index', [], true)
 4 APPPATH\Controllers\User.php(25): view('user/index', [...])
 5 SYSTEMPATH\CodeIgniter.php(941): App\Controllers\User->index()
 6 SYSTEMPATH\CodeIgniter.php(502): CodeIgniter\CodeIgniter->runController(Object(App\Controllers\User))
 7 SYSTEMPATH\CodeIgniter.php(361): CodeIgniter\CodeIgniter->handleRequest(null, Object(Config\Cache), false)
 8 FCPATH\index.php(79): CodeIgniter\CodeIgniter->run()
 9 SYSTEMPATH\Commands\Server\rewrite.php(47): require_once('C:\\Users\\solehudin1725\\Documents\\MATERI PERKULIAHAN SMT 6\\project_skincare_uniba\\public\\index.php')
CRITICAL - 2024-03-13 06:12:15 --> [Caused by] ErrorException: Undefined variable $val
in APPPATH\Views\user\index.php on line 20.
 1 APPPATH\Views\user\index.php(20): CodeIgniter\Debug\Exceptions->errorHandler(2, 'Undefined variable $val', 'C:\\Users\\solehudin1725\\Documents\\MATERI PERKULIAHAN SMT 6\\project_skincare_uniba\\app\\Views\\user\\index.php', 20)
 2 SYSTEMPATH\View\View.php(228): include('C:\\Users\\solehudin1725\\Documents\\MATERI PERKULIAHAN SMT 6\\project_skincare_uniba\\app\\Views\\user\\index.php')
 3 SYSTEMPATH\View\View.php(231): CodeIgniter\View\View->CodeIgniter\View\{closure}()
 4 SYSTEMPATH\Common.php(1178): CodeIgniter\View\View->render('user/index', [], true)
 5 APPPATH\Controllers\User.php(25): view('user/index', [...])
 6 SYSTEMPATH\CodeIgniter.php(941): App\Controllers\User->index()
 7 SYSTEMPATH\CodeIgniter.php(502): CodeIgniter\CodeIgniter->runController(Object(App\Controllers\User))
 8 SYSTEMPATH\CodeIgniter.php(361): CodeIgniter\CodeIgniter->handleRequest(null, Object(Config\Cache), false)
 9 FCPATH\index.php(79): CodeIgniter\CodeIgniter->run()
10 SYSTEMPATH\Commands\Server\rewrite.php(47): require_once('C:\\Users\\solehudin1725\\Documents\\MATERI PERKULIAHAN SMT 6\\project_skincare_uniba\\public\\index.php')
CRITICAL - 2024-03-13 07:14:15 --> ErrorException: Undefined array key "slug"
in APPPATH\Views\user\index.php on line 47.
 1 APPPATH\Views\user\index.php(47): CodeIgniter\Debug\Exceptions->errorHandler(2, 'Undefined array key "slug"', 'C:\\Users\\solehudin1725\\Documents\\MATERI PERKULIAHAN SMT 6\\project_skincare_uniba\\app\\Views\\user\\index.php', 47)
 2 SYSTEMPATH\View\View.php(228): include('C:\\Users\\solehudin1725\\Documents\\MATERI PERKULIAHAN SMT 6\\project_skincare_uniba\\app\\Views\\user\\index.php')
 3 SYSTEMPATH\View\View.php(231): CodeIgniter\View\View->CodeIgniter\View\{closure}()
 4 SYSTEMPATH\Common.php(1178): CodeIgniter\View\View->render('user/index', [], true)
 5 APPPATH\Controllers\User.php(25): view('user/index', [...])
 6 SYSTEMPATH\CodeIgniter.php(941): App\Controllers\User->index()
 7 SYSTEMPATH\CodeIgniter.php(502): CodeIgniter\CodeIgniter->runController(Object(App\Controllers\User))
 8 SYSTEMPATH\CodeIgniter.php(361): CodeIgniter\CodeIgniter->handleRequest(null, Object(Config\Cache), false)
 9 FCPATH\index.php(79): CodeIgniter\CodeIgniter->run()
10 SYSTEMPATH\Commands\Server\rewrite.php(47): require_once('C:\\Users\\solehudin1725\\Documents\\MATERI PERKULIAHAN SMT 6\\project_skincare_uniba\\public\\index.php')
CRITICAL - 2024-03-13 20:33:48 --> ErrorException: foreach() argument must be of type array|object, null given
in APPPATH\Views\user\index.php on line 20.
 1 APPPATH\Views\user\index.php(20): CodeIgniter\Debug\Exceptions->errorHandler(2, 'foreach() argument must be of type array|object, null given', 'C:\\Users\\solehudin1725\\Documents\\MATERI PERKULIAHAN SMT 6\\project_skincare_uniba\\app\\Views\\user\\index.php', 20)
 2 SYSTEMPATH\View\View.php(228): include('C:\\Users\\solehudin1725\\Documents\\MATERI PERKULIAHAN SMT 6\\project_skincare_uniba\\app\\Views\\user\\index.php')
 3 SYSTEMPATH\View\View.php(231): CodeIgniter\View\View->CodeIgniter\View\{closure}()
 4 SYSTEMPATH\Common.php(1178): CodeIgniter\View\View->render('user/index', [], true)
 5 APPPATH\Controllers\User.php(25): view('user/index', [...])
 6 SYSTEMPATH\CodeIgniter.php(941): App\Controllers\User->index()
 7 SYSTEMPATH\CodeIgniter.php(502): CodeIgniter\CodeIgniter->runController(Object(App\Controllers\User))
 8 SYSTEMPATH\CodeIgniter.php(361): CodeIgniter\CodeIgniter->handleRequest(null, Object(Config\Cache), false)
 9 FCPATH\index.php(79): CodeIgniter\CodeIgniter->run()
10 SYSTEMPATH\Commands\Server\rewrite.php(47): require_once('C:\\Users\\solehudin1725\\Documents\\MATERI PERKULIAHAN SMT 6\\project_skincare_uniba\\public\\index.php')
CRITICAL - 2024-03-13 20:34:45 --> ErrorException: foreach() argument must be of type array|object, null given
in APPPATH\Views\user\index.php on line 20.
 1 APPPATH\Views\user\index.php(20): CodeIgniter\Debug\Exceptions->errorHandler(2, 'foreach() argument must be of type array|object, null given', 'C:\\Users\\solehudin1725\\Documents\\MATERI PERKULIAHAN SMT 6\\project_skincare_uniba\\app\\Views\\user\\index.php', 20)
 2 SYSTEMPATH\View\View.php(228): include('C:\\Users\\solehudin1725\\Documents\\MATERI PERKULIAHAN SMT 6\\project_skincare_uniba\\app\\Views\\user\\index.php')
 3 SYSTEMPATH\View\View.php(231): CodeIgniter\View\View->CodeIgniter\View\{closure}()
 4 SYSTEMPATH\Common.php(1178): CodeIgniter\View\View->render('user/index', [], true)
 5 APPPATH\Controllers\User.php(25): view('user/index', [...])
 6 SYSTEMPATH\CodeIgniter.php(941): App\Controllers\User->index()
 7 SYSTEMPATH\CodeIgniter.php(502): CodeIgniter\CodeIgniter->runController(Object(App\Controllers\User))
 8 SYSTEMPATH\CodeIgniter.php(361): CodeIgniter\CodeIgniter->handleRequest(null, Object(Config\Cache), false)
 9 FCPATH\index.php(79): CodeIgniter\CodeIgniter->run()
10 SYSTEMPATH\Commands\Server\rewrite.php(47): require_once('C:\\Users\\solehudin1725\\Documents\\MATERI PERKULIAHAN SMT 6\\project_skincare_uniba\\public\\index.php')
CRITICAL - 2024-03-13 20:38:05 --> ErrorException: Trying to access array offset on value of type null
in APPPATH\Views\user\index.php on line 23.
 1 APPPATH\Views\user\index.php(23): CodeIgniter\Debug\Exceptions->errorHandler(2, 'Trying to access array offset on value of type null', 'C:\\Users\\solehudin1725\\Documents\\MATERI PERKULIAHAN SMT 6\\project_skincare_uniba\\app\\Views\\user\\index.php', 23)
 2 SYSTEMPATH\View\View.php(228): include('C:\\Users\\solehudin1725\\Documents\\MATERI PERKULIAHAN SMT 6\\project_skincare_uniba\\app\\Views\\user\\index.php')
 3 SYSTEMPATH\View\View.php(231): CodeIgniter\View\View->CodeIgniter\View\{closure}()
 4 SYSTEMPATH\Common.php(1178): CodeIgniter\View\View->render('user/index', [], true)
 5 APPPATH\Controllers\User.php(25): view('user/index', [...])
 6 SYSTEMPATH\CodeIgniter.php(941): App\Controllers\User->index()
 7 SYSTEMPATH\CodeIgniter.php(502): CodeIgniter\CodeIgniter->runController(Object(App\Controllers\User))
 8 SYSTEMPATH\CodeIgniter.php(361): CodeIgniter\CodeIgniter->handleRequest(null, Object(Config\Cache), false)
 9 FCPATH\index.php(79): CodeIgniter\CodeIgniter->run()
10 SYSTEMPATH\Commands\Server\rewrite.php(47): require_once('C:\\Users\\solehudin1725\\Documents\\MATERI PERKULIAHAN SMT 6\\project_skincare_uniba\\public\\index.php')
CRITICAL - 2024-03-13 20:57:27 --> ErrorException: Undefined variable $user
in APPPATH\Views\pages\Home.php on line 110.
 1 APPPATH\Views\pages\Home.php(110): CodeIgniter\Debug\Exceptions->errorHandler(2, 'Undefined variable $user', 'C:\\Users\\solehudin1725\\Documents\\MATERI PERKULIAHAN SMT 6\\project_skincare_uniba\\app\\Views\\pages\\Home.php', 110)
 2 SYSTEMPATH\View\View.php(228): include('C:\\Users\\solehudin1725\\Documents\\MATERI PERKULIAHAN SMT 6\\project_skincare_uniba\\app\\Views\\pages\\Home.php')
 3 SYSTEMPATH\View\View.php(231): CodeIgniter\View\View->CodeIgniter\View\{closure}()
 4 SYSTEMPATH\Common.php(1178): CodeIgniter\View\View->render('pages/Home', [], true)
 5 APPPATH\Controllers\Pages.php(13): view('pages/Home', [...])
 6 SYSTEMPATH\CodeIgniter.php(941): App\Controllers\Pages->index()
 7 SYSTEMPATH\CodeIgniter.php(502): CodeIgniter\CodeIgniter->runController(Object(App\Controllers\Pages))
 8 SYSTEMPATH\CodeIgniter.php(361): CodeIgniter\CodeIgniter->handleRequest(null, Object(Config\Cache), false)
 9 FCPATH\index.php(79): CodeIgniter\CodeIgniter->run()
10 SYSTEMPATH\Commands\Server\rewrite.php(47): require_once('C:\\Users\\solehudin1725\\Documents\\MATERI PERKULIAHAN SMT 6\\project_skincare_uniba\\public\\index.php')
CRITICAL - 2024-03-13 20:57:31 --> ErrorException: Undefined variable $user
in APPPATH\Views\pages\Home.php on line 110.
 1 APPPATH\Views\pages\Home.php(110): CodeIgniter\Debug\Exceptions->errorHandler(2, 'Undefined variable $user', 'C:\\Users\\solehudin1725\\Documents\\MATERI PERKULIAHAN SMT 6\\project_skincare_uniba\\app\\Views\\pages\\Home.php', 110)
 2 SYSTEMPATH\View\View.php(228): include('C:\\Users\\solehudin1725\\Documents\\MATERI PERKULIAHAN SMT 6\\project_skincare_uniba\\app\\Views\\pages\\Home.php')
 3 SYSTEMPATH\View\View.php(231): CodeIgniter\View\View->CodeIgniter\View\{closure}()
 4 SYSTEMPATH\Common.php(1178): CodeIgniter\View\View->render('pages/Home', [], true)
 5 APPPATH\Controllers\Pages.php(13): view('pages/Home', [...])
 6 SYSTEMPATH\CodeIgniter.php(941): App\Controllers\Pages->index()
 7 SYSTEMPATH\CodeIgniter.php(502): CodeIgniter\CodeIgniter->runController(Object(App\Controllers\Pages))
 8 SYSTEMPATH\CodeIgniter.php(361): CodeIgniter\CodeIgniter->handleRequest(null, Object(Config\Cache), false)
 9 FCPATH\index.php(79): CodeIgniter\CodeIgniter->run()
10 SYSTEMPATH\Commands\Server\rewrite.php(47): require_once('C:\\Users\\solehudin1725\\Documents\\MATERI PERKULIAHAN SMT 6\\project_skincare_uniba\\public\\index.php')
CRITICAL - 2024-03-13 20:58:55 --> ErrorException: Undefined variable $user
in APPPATH\Views\user\index.php on line 20.
 1 APPPATH\Views\user\index.php(20): CodeIgniter\Debug\Exceptions->errorHandler(2, 'Undefined variable $user', 'C:\\Users\\solehudin1725\\Documents\\MATERI PERKULIAHAN SMT 6\\project_skincare_uniba\\app\\Views\\user\\index.php', 20)
 2 SYSTEMPATH\View\View.php(228): include('C:\\Users\\solehudin1725\\Documents\\MATERI PERKULIAHAN SMT 6\\project_skincare_uniba\\app\\Views\\user\\index.php')
 3 SYSTEMPATH\View\View.php(231): CodeIgniter\View\View->CodeIgniter\View\{closure}()
 4 SYSTEMPATH\Common.php(1178): CodeIgniter\View\View->render('user/index', [], true)
 5 APPPATH\Controllers\User.php(35): view('user/index')
 6 SYSTEMPATH\CodeIgniter.php(941): App\Controllers\User->detail('1')
 7 SYSTEMPATH\CodeIgniter.php(502): CodeIgniter\CodeIgniter->runController(Object(App\Controllers\User))
 8 SYSTEMPATH\CodeIgniter.php(361): CodeIgniter\CodeIgniter->handleRequest(null, Object(Config\Cache), false)
 9 FCPATH\index.php(79): CodeIgniter\CodeIgniter->run()
10 SYSTEMPATH\Commands\Server\rewrite.php(47): require_once('C:\\Users\\solehudin1725\\Documents\\MATERI PERKULIAHAN SMT 6\\project_skincare_uniba\\public\\index.php')
CRITICAL - 2024-03-13 20:59:01 --> ErrorException: Undefined variable $user
in APPPATH\Views\user\index.php on line 20.
 1 APPPATH\Views\user\index.php(20): CodeIgniter\Debug\Exceptions->errorHandler(2, 'Undefined variable $user', 'C:\\Users\\solehudin1725\\Documents\\MATERI PERKULIAHAN SMT 6\\project_skincare_uniba\\app\\Views\\user\\index.php', 20)
 2 SYSTEMPATH\View\View.php(228): include('C:\\Users\\solehudin1725\\Documents\\MATERI PERKULIAHAN SMT 6\\project_skincare_uniba\\app\\Views\\user\\index.php')
 3 SYSTEMPATH\View\View.php(231): CodeIgniter\View\View->CodeIgniter\View\{closure}()
 4 SYSTEMPATH\Common.php(1178): CodeIgniter\View\View->render('user/index', [], true)
 5 APPPATH\Controllers\User.php(35): view('user/index')
 6 SYSTEMPATH\CodeIgniter.php(941): App\Controllers\User->detail('1')
 7 SYSTEMPATH\CodeIgniter.php(502): CodeIgniter\CodeIgniter->runController(Object(App\Controllers\User))
 8 SYSTEMPATH\CodeIgniter.php(361): CodeIgniter\CodeIgniter->handleRequest(null, Object(Config\Cache), false)
 9 FCPATH\index.php(79): CodeIgniter\CodeIgniter->run()
10 SYSTEMPATH\Commands\Server\rewrite.php(47): require_once('C:\\Users\\solehudin1725\\Documents\\MATERI PERKULIAHAN SMT 6\\project_skincare_uniba\\public\\index.php')
CRITICAL - 2024-03-13 21:15:16 --> ErrorException: Undefined variable $user
in APPPATH\Views\user\index.php on line 22.
 1 APPPATH\Views\user\index.php(22): CodeIgniter\Debug\Exceptions->errorHandler(2, 'Undefined variable $user', 'C:\\Users\\solehudin1725\\Documents\\MATERI PERKULIAHAN SMT 6\\project_skincare_uniba\\app\\Views\\user\\index.php', 22)
 2 SYSTEMPATH\View\View.php(228): include('C:\\Users\\solehudin1725\\Documents\\MATERI PERKULIAHAN SMT 6\\project_skincare_uniba\\app\\Views\\user\\index.php')
 3 SYSTEMPATH\View\View.php(231): CodeIgniter\View\View->CodeIgniter\View\{closure}()
 4 SYSTEMPATH\Common.php(1178): CodeIgniter\View\View->render('user/index', [], true)
 5 APPPATH\Controllers\User.php(35): view('user/index')
 6 SYSTEMPATH\CodeIgniter.php(941): App\Controllers\User->detail('1')
 7 SYSTEMPATH\CodeIgniter.php(502): CodeIgniter\CodeIgniter->runController(Object(App\Controllers\User))
 8 SYSTEMPATH\CodeIgniter.php(361): CodeIgniter\CodeIgniter->handleRequest(null, Object(Config\Cache), false)
 9 FCPATH\index.php(79): CodeIgniter\CodeIgniter->run()
10 SYSTEMPATH\Commands\Server\rewrite.php(47): require_once('C:\\Users\\solehudin1725\\Documents\\MATERI PERKULIAHAN SMT 6\\project_skincare_uniba\\public\\index.php')
CRITICAL - 2024-03-13 21:15:56 --> ErrorException: Undefined variable $user
in APPPATH\Views\user\index.php on line 20.
 1 APPPATH\Views\user\index.php(20): CodeIgniter\Debug\Exceptions->errorHandler(2, 'Undefined variable $user', 'C:\\Users\\solehudin1725\\Documents\\MATERI PERKULIAHAN SMT 6\\project_skincare_uniba\\app\\Views\\user\\index.php', 20)
 2 SYSTEMPATH\View\View.php(228): include('C:\\Users\\solehudin1725\\Documents\\MATERI PERKULIAHAN SMT 6\\project_skincare_uniba\\app\\Views\\user\\index.php')
 3 SYSTEMPATH\View\View.php(231): CodeIgniter\View\View->CodeIgniter\View\{closure}()
 4 SYSTEMPATH\Common.php(1178): CodeIgniter\View\View->render('user/index', [], true)
 5 APPPATH\Controllers\User.php(35): view('user/index')
 6 SYSTEMPATH\CodeIgniter.php(941): App\Controllers\User->detail('1')
 7 SYSTEMPATH\CodeIgniter.php(502): CodeIgniter\CodeIgniter->runController(Object(App\Controllers\User))
 8 SYSTEMPATH\CodeIgniter.php(361): CodeIgniter\CodeIgniter->handleRequest(null, Object(Config\Cache), false)
 9 FCPATH\index.php(79): CodeIgniter\CodeIgniter->run()
10 SYSTEMPATH\Commands\Server\rewrite.php(47): require_once('C:\\Users\\solehudin1725\\Documents\\MATERI PERKULIAHAN SMT 6\\project_skincare_uniba\\public\\index.php')
CRITICAL - 2024-03-13 21:16:06 --> ErrorException: Undefined variable $user
in APPPATH\Views\user\index.php on line 22.
 1 APPPATH\Views\user\index.php(22): CodeIgniter\Debug\Exceptions->errorHandler(2, 'Undefined variable $user', 'C:\\Users\\solehudin1725\\Documents\\MATERI PERKULIAHAN SMT 6\\project_skincare_uniba\\app\\Views\\user\\index.php', 22)
 2 SYSTEMPATH\View\View.php(228): include('C:\\Users\\solehudin1725\\Documents\\MATERI PERKULIAHAN SMT 6\\project_skincare_uniba\\app\\Views\\user\\index.php')
 3 SYSTEMPATH\View\View.php(231): CodeIgniter\View\View->CodeIgniter\View\{closure}()
 4 SYSTEMPATH\Common.php(1178): CodeIgniter\View\View->render('user/index', [], true)
 5 APPPATH\Controllers\User.php(35): view('user/index')
 6 SYSTEMPATH\CodeIgniter.php(941): App\Controllers\User->detail('1')
 7 SYSTEMPATH\CodeIgniter.php(502): CodeIgniter\CodeIgniter->runController(Object(App\Controllers\User))
 8 SYSTEMPATH\CodeIgniter.php(361): CodeIgniter\CodeIgniter->handleRequest(null, Object(Config\Cache), false)
 9 FCPATH\index.php(79): CodeIgniter\CodeIgniter->run()
10 SYSTEMPATH\Commands\Server\rewrite.php(47): require_once('C:\\Users\\solehudin1725\\Documents\\MATERI PERKULIAHAN SMT 6\\project_skincare_uniba\\public\\index.php')
CRITICAL - 2024-03-13 21:16:24 --> ErrorException: Undefined variable $user
in APPPATH\Views\user\index.php on line 20.
 1 APPPATH\Views\user\index.php(20): CodeIgniter\Debug\Exceptions->errorHandler(2, 'Undefined variable $user', 'C:\\Users\\solehudin1725\\Documents\\MATERI PERKULIAHAN SMT 6\\project_skincare_uniba\\app\\Views\\user\\index.php', 20)
 2 SYSTEMPATH\View\View.php(228): include('C:\\Users\\solehudin1725\\Documents\\MATERI PERKULIAHAN SMT 6\\project_skincare_uniba\\app\\Views\\user\\index.php')
 3 SYSTEMPATH\View\View.php(231): CodeIgniter\View\View->CodeIgniter\View\{closure}()
 4 SYSTEMPATH\Common.php(1178): CodeIgniter\View\View->render('user/index', [], true)
 5 APPPATH\Controllers\User.php(35): view('user/index')
 6 SYSTEMPATH\CodeIgniter.php(941): App\Controllers\User->detail('1')
 7 SYSTEMPATH\CodeIgniter.php(502): CodeIgniter\CodeIgniter->runController(Object(App\Controllers\User))
 8 SYSTEMPATH\CodeIgniter.php(361): CodeIgniter\CodeIgniter->handleRequest(null, Object(Config\Cache), false)
 9 FCPATH\index.php(79): CodeIgniter\CodeIgniter->run()
10 SYSTEMPATH\Commands\Server\rewrite.php(47): require_once('C:\\Users\\solehudin1725\\Documents\\MATERI PERKULIAHAN SMT 6\\project_skincare_uniba\\public\\index.php')
CRITICAL - 2024-03-13 21:17:15 --> ErrorException: Undefined variable $user
in APPPATH\Views\user\index.php on line 20.
 1 APPPATH\Views\user\index.php(20): CodeIgniter\Debug\Exceptions->errorHandler(2, 'Undefined variable $user', 'C:\\Users\\solehudin1725\\Documents\\MATERI PERKULIAHAN SMT 6\\project_skincare_uniba\\app\\Views\\user\\index.php', 20)
 2 SYSTEMPATH\View\View.php(228): include('C:\\Users\\solehudin1725\\Documents\\MATERI PERKULIAHAN SMT 6\\project_skincare_uniba\\app\\Views\\user\\index.php')
 3 SYSTEMPATH\View\View.php(231): CodeIgniter\View\View->CodeIgniter\View\{closure}()
 4 SYSTEMPATH\Common.php(1178): CodeIgniter\View\View->render('user/index', [], true)
 5 APPPATH\Controllers\User.php(35): view('user/index')
 6 SYSTEMPATH\CodeIgniter.php(941): App\Controllers\User->detail('1')
 7 SYSTEMPATH\CodeIgniter.php(502): CodeIgniter\CodeIgniter->runController(Object(App\Controllers\User))
 8 SYSTEMPATH\CodeIgniter.php(361): CodeIgniter\CodeIgniter->handleRequest(null, Object(Config\Cache), false)
 9 FCPATH\index.php(79): CodeIgniter\CodeIgniter->run()
10 SYSTEMPATH\Commands\Server\rewrite.php(47): require_once('C:\\Users\\solehudin1725\\Documents\\MATERI PERKULIAHAN SMT 6\\project_skincare_uniba\\public\\index.php')
CRITICAL - 2024-03-13 21:17:29 --> ErrorException: Undefined variable $user
in APPPATH\Views\user\index.php on line 20.
 1 APPPATH\Views\user\index.php(20): CodeIgniter\Debug\Exceptions->errorHandler(2, 'Undefined variable $user', 'C:\\Users\\solehudin1725\\Documents\\MATERI PERKULIAHAN SMT 6\\project_skincare_uniba\\app\\Views\\user\\index.php', 20)
 2 SYSTEMPATH\View\View.php(228): include('C:\\Users\\solehudin1725\\Documents\\MATERI PERKULIAHAN SMT 6\\project_skincare_uniba\\app\\Views\\user\\index.php')
 3 SYSTEMPATH\View\View.php(231): CodeIgniter\View\View->CodeIgniter\View\{closure}()
 4 SYSTEMPATH\Common.php(1178): CodeIgniter\View\View->render('user/index', [], true)
 5 APPPATH\Controllers\User.php(35): view('user/index')
 6 SYSTEMPATH\CodeIgniter.php(941): App\Controllers\User->detail('1')
 7 SYSTEMPATH\CodeIgniter.php(502): CodeIgniter\CodeIgniter->runController(Object(App\Controllers\User))
 8 SYSTEMPATH\CodeIgniter.php(361): CodeIgniter\CodeIgniter->handleRequest(null, Object(Config\Cache), false)
 9 FCPATH\index.php(79): CodeIgniter\CodeIgniter->run()
10 SYSTEMPATH\Commands\Server\rewrite.php(47): require_once('C:\\Users\\solehudin1725\\Documents\\MATERI PERKULIAHAN SMT 6\\project_skincare_uniba\\public\\index.php')
CRITICAL - 2024-03-13 21:23:02 --> ErrorException: foreach() argument must be of type array|object, null given
in APPPATH\Views\user\index.php on line 20.
 1 APPPATH\Views\user\index.php(20): CodeIgniter\Debug\Exceptions->errorHandler(2, 'foreach() argument must be of type array|object, null given', 'C:\\Users\\solehudin1725\\Documents\\MATERI PERKULIAHAN SMT 6\\project_skincare_uniba\\app\\Views\\user\\index.php', 20)
 2 SYSTEMPATH\View\View.php(228): include('C:\\Users\\solehudin1725\\Documents\\MATERI PERKULIAHAN SMT 6\\project_skincare_uniba\\app\\Views\\user\\index.php')
 3 SYSTEMPATH\View\View.php(231): CodeIgniter\View\View->CodeIgniter\View\{closure}()
 4 SYSTEMPATH\Common.php(1178): CodeIgniter\View\View->render('user/index', [], true)
 5 APPPATH\Controllers\User.php(25): view('user/index', [...])
 6 SYSTEMPATH\CodeIgniter.php(941): App\Controllers\User->index('1')
 7 SYSTEMPATH\CodeIgniter.php(502): CodeIgniter\CodeIgniter->runController(Object(App\Controllers\User))
 8 SYSTEMPATH\CodeIgniter.php(361): CodeIgniter\CodeIgniter->handleRequest(null, Object(Config\Cache), false)
 9 FCPATH\index.php(79): CodeIgniter\CodeIgniter->run()
10 SYSTEMPATH\Commands\Server\rewrite.php(47): require_once('C:\\Users\\solehudin1725\\Documents\\MATERI PERKULIAHAN SMT 6\\project_skincare_uniba\\public\\index.php')
CRITICAL - 2024-03-13 21:23:03 --> ErrorException: foreach() argument must be of type array|object, null given
in APPPATH\Views\user\index.php on line 20.
 1 APPPATH\Views\user\index.php(20): CodeIgniter\Debug\Exceptions->errorHandler(2, 'foreach() argument must be of type array|object, null given', 'C:\\Users\\solehudin1725\\Documents\\MATERI PERKULIAHAN SMT 6\\project_skincare_uniba\\app\\Views\\user\\index.php', 20)
 2 SYSTEMPATH\View\View.php(228): include('C:\\Users\\solehudin1725\\Documents\\MATERI PERKULIAHAN SMT 6\\project_skincare_uniba\\app\\Views\\user\\index.php')
 3 SYSTEMPATH\View\View.php(231): CodeIgniter\View\View->CodeIgniter\View\{closure}()
 4 SYSTEMPATH\Common.php(1178): CodeIgniter\View\View->render('user/index', [], true)
 5 APPPATH\Controllers\User.php(25): view('user/index', [...])
 6 SYSTEMPATH\CodeIgniter.php(941): App\Controllers\User->index('1')
 7 SYSTEMPATH\CodeIgniter.php(502): CodeIgniter\CodeIgniter->runController(Object(App\Controllers\User))
 8 SYSTEMPATH\CodeIgniter.php(361): CodeIgniter\CodeIgniter->handleRequest(null, Object(Config\Cache), false)
 9 FCPATH\index.php(79): CodeIgniter\CodeIgniter->run()
10 SYSTEMPATH\Commands\Server\rewrite.php(47): require_once('C:\\Users\\solehudin1725\\Documents\\MATERI PERKULIAHAN SMT 6\\project_skincare_uniba\\public\\index.php')
CRITICAL - 2024-03-13 21:26:53 --> CodeIgniter\View\Exceptions\ViewException: Invalid file: "layout/header.php"
in SYSTEMPATH\Exceptions\FrameworkException.php on line 39.
 1 SYSTEMPATH\View\View.php(216): CodeIgniter\Exceptions\FrameworkException::forInvalidFile('layout/header.php')
 2 SYSTEMPATH\Common.php(1178): CodeIgniter\View\View->render('layout/header', [], true)
 3 APPPATH\Controllers\Pages.php(20): view('layout/header', [...])
 4 SYSTEMPATH\CodeIgniter.php(941): App\Controllers\Pages->about()
 5 SYSTEMPATH\CodeIgniter.php(502): CodeIgniter\CodeIgniter->runController(Object(App\Controllers\Pages))
 6 SYSTEMPATH\CodeIgniter.php(361): CodeIgniter\CodeIgniter->handleRequest(null, Object(Config\Cache), false)
 7 FCPATH\index.php(79): CodeIgniter\CodeIgniter->run()
 8 SYSTEMPATH\Commands\Server\rewrite.php(47): require_once('C:\\Users\\solehudin1725\\Documents\\MATERI PERKULIAHAN SMT 6\\project_skincare_uniba\\public\\index.php')
CRITICAL - 2024-03-13 21:28:26 --> CodeIgniter\View\Exceptions\ViewException: Invalid file: "layout/header.php"
in SYSTEMPATH\Exceptions\FrameworkException.php on line 39.
 1 SYSTEMPATH\View\View.php(216): CodeIgniter\Exceptions\FrameworkException::forInvalidFile('layout/header.php')
 2 SYSTEMPATH\Common.php(1178): CodeIgniter\View\View->render('layout/header', [], true)
 3 APPPATH\Controllers\Pages.php(20): view('layout/header', [...])
 4 SYSTEMPATH\CodeIgniter.php(941): App\Controllers\Pages->about()
 5 SYSTEMPATH\CodeIgniter.php(502): CodeIgniter\CodeIgniter->runController(Object(App\Controllers\Pages))
 6 SYSTEMPATH\CodeIgniter.php(361): CodeIgniter\CodeIgniter->handleRequest(null, Object(Config\Cache), false)
 7 FCPATH\index.php(79): CodeIgniter\CodeIgniter->run()
 8 SYSTEMPATH\Commands\Server\rewrite.php(47): require_once('C:\\Users\\solehudin1725\\Documents\\MATERI PERKULIAHAN SMT 6\\project_skincare_uniba\\public\\index.php')
