WARNING - 2024-06-04 12:40:32 --> [DEPRECATED] number_format(): Passing null to parameter #1 ($num) of type float is deprecated in APPPATH\Views\pages\Home.php on line 162.
 1 APPPATH\Views\pages\Home.php(162): number_format(null, 0, ',', '.')
 2 SYSTEMPATH\View\View.php(234): include('C:\\Users\\solehudin1725\\Documents\\MATERI PERKULIAHAN SMT 6\\project_skincare_uniba\\app\\Views\\pages\\Home.php')
 3 SYSTEMPATH\View\View.php(237): CodeIgniter\View\View->CodeIgniter\View\{closure}()
 4 SYSTEMPATH\Common.php(1171): CodeIgniter\View\View->render('pages/Home', [], true)
 5 APPPATH\Controllers\Pages.php(24): view('pages/Home', [...])
 6 SYSTEMPATH\CodeIgniter.php(933): App\Controllers\Pages->index()
 7 SYSTEMPATH\CodeIgniter.php(509): CodeIgniter\CodeIgniter->runController(Object(App\Controllers\Pages))
 8 SYSTEMPATH\CodeIgniter.php(355): CodeIgniter\CodeIgniter->handleRequest(null, Object(Config\Cache), false)
 9 SYSTEMPATH\Boot.php(312): CodeIgniter\CodeIgniter->run()
10 SYSTEMPATH\Boot.php(67): CodeIgniter\Boot::runCodeIgniter(Object(CodeIgniter\CodeIgniter))
11 FCPATH\index.php(56): CodeIgniter\Boot::bootWeb(Object(Config\Paths))
12 SYSTEMPATH\Commands\Server\rewrite.php(49): require_once('C:\\Users\\solehudin1725\\Documents\\MATERI PERKULIAHAN SMT 6\\project_skincare_uniba\\public\\index.php')
WARNING - 2024-06-04 12:40:32 --> [DEPRECATED] number_format(): Passing null to parameter #1 ($num) of type float is deprecated in APPPATH\Views\pages\Home.php on line 162.
 1 APPPATH\Views\pages\Home.php(162): number_format(null, 0, ',', '.')
 2 SYSTEMPATH\View\View.php(234): include('C:\\Users\\solehudin1725\\Documents\\MATERI PERKULIAHAN SMT 6\\project_skincare_uniba\\app\\Views\\pages\\Home.php')
 3 SYSTEMPATH\View\View.php(237): CodeIgniter\View\View->CodeIgniter\View\{closure}()
 4 SYSTEMPATH\Common.php(1171): CodeIgniter\View\View->render('pages/Home', [], true)
 5 APPPATH\Controllers\Pages.php(24): view('pages/Home', [...])
 6 SYSTEMPATH\CodeIgniter.php(933): App\Controllers\Pages->index()
 7 SYSTEMPATH\CodeIgniter.php(509): CodeIgniter\CodeIgniter->runController(Object(App\Controllers\Pages))
 8 SYSTEMPATH\CodeIgniter.php(355): CodeIgniter\CodeIgniter->handleRequest(null, Object(Config\Cache), false)
 9 SYSTEMPATH\Boot.php(312): CodeIgniter\CodeIgniter->run()
10 SYSTEMPATH\Boot.php(67): CodeIgniter\Boot::runCodeIgniter(Object(CodeIgniter\CodeIgniter))
11 FCPATH\index.php(56): CodeIgniter\Boot::bootWeb(Object(Config\Paths))
12 SYSTEMPATH\Commands\Server\rewrite.php(49): require_once('C:\\Users\\solehudin1725\\Documents\\MATERI PERKULIAHAN SMT 6\\project_skincare_uniba\\public\\index.php')
INFO - 2024-06-04 12:41:02 --> CSRF token verified.
INFO - 2024-06-04 12:51:07 --> CSRF token verified.
INFO - 2024-06-04 12:52:30 --> CSRF token verified.
INFO - 2024-06-04 12:52:48 --> CSRF token verified.
INFO - 2024-06-04 12:54:01 --> CSRF token verified.
INFO - 2024-06-04 12:56:58 --> CSRF token verified.
INFO - 2024-06-04 12:57:44 --> CSRF token verified.
INFO - 2024-06-04 12:57:54 --> CSRF token verified.
INFO - 2024-06-04 12:58:41 --> CSRF token verified.
WARNING - 2024-06-04 13:08:57 --> [DEPRECATED] number_format(): Passing null to parameter #1 ($num) of type float is deprecated in APPPATH\Views\pages\Home.php on line 162.
 1 APPPATH\Views\pages\Home.php(162): number_format(null, 0, ',', '.')
 2 SYSTEMPATH\View\View.php(234): include('C:\\Users\\solehudin1725\\Documents\\MATERI PERKULIAHAN SMT 6\\project_skincare_uniba\\app\\Views\\pages\\Home.php')
 3 SYSTEMPATH\View\View.php(237): CodeIgniter\View\View->CodeIgniter\View\{closure}()
 4 SYSTEMPATH\Common.php(1171): CodeIgniter\View\View->render('pages/Home', [], true)
 5 APPPATH\Controllers\Pages.php(24): view('pages/Home', [...])
 6 SYSTEMPATH\CodeIgniter.php(933): App\Controllers\Pages->index()
 7 SYSTEMPATH\CodeIgniter.php(509): CodeIgniter\CodeIgniter->runController(Object(App\Controllers\Pages))
 8 SYSTEMPATH\CodeIgniter.php(355): CodeIgniter\CodeIgniter->handleRequest(null, Object(Config\Cache), false)
 9 SYSTEMPATH\Boot.php(312): CodeIgniter\CodeIgniter->run()
10 SYSTEMPATH\Boot.php(67): CodeIgniter\Boot::runCodeIgniter(Object(CodeIgniter\CodeIgniter))
11 FCPATH\index.php(56): CodeIgniter\Boot::bootWeb(Object(Config\Paths))
12 SYSTEMPATH\Commands\Server\rewrite.php(49): require_once('C:\\Users\\solehudin1725\\Documents\\MATERI PERKULIAHAN SMT 6\\project_skincare_uniba\\public\\index.php')
WARNING - 2024-06-04 13:08:57 --> [DEPRECATED] number_format(): Passing null to parameter #1 ($num) of type float is deprecated in APPPATH\Views\pages\Home.php on line 162.
 1 APPPATH\Views\pages\Home.php(162): number_format(null, 0, ',', '.')
 2 SYSTEMPATH\View\View.php(234): include('C:\\Users\\solehudin1725\\Documents\\MATERI PERKULIAHAN SMT 6\\project_skincare_uniba\\app\\Views\\pages\\Home.php')
 3 SYSTEMPATH\View\View.php(237): CodeIgniter\View\View->CodeIgniter\View\{closure}()
 4 SYSTEMPATH\Common.php(1171): CodeIgniter\View\View->render('pages/Home', [], true)
 5 APPPATH\Controllers\Pages.php(24): view('pages/Home', [...])
 6 SYSTEMPATH\CodeIgniter.php(933): App\Controllers\Pages->index()
 7 SYSTEMPATH\CodeIgniter.php(509): CodeIgniter\CodeIgniter->runController(Object(App\Controllers\Pages))
 8 SYSTEMPATH\CodeIgniter.php(355): CodeIgniter\CodeIgniter->handleRequest(null, Object(Config\Cache), false)
 9 SYSTEMPATH\Boot.php(312): CodeIgniter\CodeIgniter->run()
10 SYSTEMPATH\Boot.php(67): CodeIgniter\Boot::runCodeIgniter(Object(CodeIgniter\CodeIgniter))
11 FCPATH\index.php(56): CodeIgniter\Boot::bootWeb(Object(Config\Paths))
12 SYSTEMPATH\Commands\Server\rewrite.php(49): require_once('C:\\Users\\solehudin1725\\Documents\\MATERI PERKULIAHAN SMT 6\\project_skincare_uniba\\public\\index.php')
INFO - 2024-06-04 13:09:10 --> CSRF token verified.
INFO - 2024-06-04 13:14:43 --> CSRF token verified.
INFO - 2024-06-04 13:17:04 --> CSRF token verified.
INFO - 2024-06-04 13:47:31 --> CSRF token verified.
INFO - 2024-06-04 13:48:25 --> CSRF token verified.
INFO - 2024-06-04 13:48:35 --> CSRF token verified.
INFO - 2024-06-04 13:52:09 --> CSRF token verified.
INFO - 2024-06-04 13:53:23 --> CSRF token verified.
INFO - 2024-06-04 13:55:59 --> CSRF token verified.
WARNING - 2024-06-04 14:12:51 --> [DEPRECATED] number_format(): Passing null to parameter #1 ($num) of type float is deprecated in APPPATH\Views\pages\Home.php on line 162.
 1 APPPATH\Views\pages\Home.php(162): number_format(null, 0, ',', '.')
 2 SYSTEMPATH\View\View.php(234): include('C:\\Users\\solehudin1725\\Documents\\MATERI PERKULIAHAN SMT 6\\project_skincare_uniba\\app\\Views\\pages\\Home.php')
 3 SYSTEMPATH\View\View.php(237): CodeIgniter\View\View->CodeIgniter\View\{closure}()
 4 SYSTEMPATH\Common.php(1171): CodeIgniter\View\View->render('pages/Home', [], true)
 5 APPPATH\Controllers\Pages.php(24): view('pages/Home', [...])
 6 SYSTEMPATH\CodeIgniter.php(933): App\Controllers\Pages->index()
 7 SYSTEMPATH\CodeIgniter.php(509): CodeIgniter\CodeIgniter->runController(Object(App\Controllers\Pages))
 8 SYSTEMPATH\CodeIgniter.php(355): CodeIgniter\CodeIgniter->handleRequest(null, Object(Config\Cache), false)
 9 SYSTEMPATH\Boot.php(312): CodeIgniter\CodeIgniter->run()
10 SYSTEMPATH\Boot.php(67): CodeIgniter\Boot::runCodeIgniter(Object(CodeIgniter\CodeIgniter))
11 FCPATH\index.php(56): CodeIgniter\Boot::bootWeb(Object(Config\Paths))
12 SYSTEMPATH\Commands\Server\rewrite.php(49): require_once('C:\\Users\\solehudin1725\\Documents\\MATERI PERKULIAHAN SMT 6\\project_skincare_uniba\\public\\index.php')
WARNING - 2024-06-04 14:12:51 --> [DEPRECATED] number_format(): Passing null to parameter #1 ($num) of type float is deprecated in APPPATH\Views\pages\Home.php on line 162.
 1 APPPATH\Views\pages\Home.php(162): number_format(null, 0, ',', '.')
 2 SYSTEMPATH\View\View.php(234): include('C:\\Users\\solehudin1725\\Documents\\MATERI PERKULIAHAN SMT 6\\project_skincare_uniba\\app\\Views\\pages\\Home.php')
 3 SYSTEMPATH\View\View.php(237): CodeIgniter\View\View->CodeIgniter\View\{closure}()
 4 SYSTEMPATH\Common.php(1171): CodeIgniter\View\View->render('pages/Home', [], true)
 5 APPPATH\Controllers\Pages.php(24): view('pages/Home', [...])
 6 SYSTEMPATH\CodeIgniter.php(933): App\Controllers\Pages->index()
 7 SYSTEMPATH\CodeIgniter.php(509): CodeIgniter\CodeIgniter->runController(Object(App\Controllers\Pages))
 8 SYSTEMPATH\CodeIgniter.php(355): CodeIgniter\CodeIgniter->handleRequest(null, Object(Config\Cache), false)
 9 SYSTEMPATH\Boot.php(312): CodeIgniter\CodeIgniter->run()
10 SYSTEMPATH\Boot.php(67): CodeIgniter\Boot::runCodeIgniter(Object(CodeIgniter\CodeIgniter))
11 FCPATH\index.php(56): CodeIgniter\Boot::bootWeb(Object(Config\Paths))
12 SYSTEMPATH\Commands\Server\rewrite.php(49): require_once('C:\\Users\\solehudin1725\\Documents\\MATERI PERKULIAHAN SMT 6\\project_skincare_uniba\\public\\index.php')
CRITICAL - 2024-06-04 14:47:18 --> Error: Class "App\Services\RajaOngkirService" not found
[Method: GET, Route: cek]
in APPPATH\Controllers\Ongkir.php on line 14.
 1 SYSTEMPATH\CodeIgniter.php(903): App\Controllers\Ongkir->__construct()
 2 SYSTEMPATH\CodeIgniter.php(500): CodeIgniter\CodeIgniter->createController()
 3 SYSTEMPATH\CodeIgniter.php(355): CodeIgniter\CodeIgniter->handleRequest(null, Object(Config\Cache), false)
 4 SYSTEMPATH\Boot.php(312): CodeIgniter\CodeIgniter->run()
 5 SYSTEMPATH\Boot.php(67): CodeIgniter\Boot::runCodeIgniter(Object(CodeIgniter\CodeIgniter))
 6 FCPATH\index.php(56): CodeIgniter\Boot::bootWeb(Object(Config\Paths))
 7 SYSTEMPATH\Commands\Server\rewrite.php(49): require_once('C:\\Users\\solehudin1725\\Documents\\MATERI PERKULIAHAN SMT 6\\project_skincare_uniba\\public\\index.php')
CRITICAL - 2024-06-04 14:48:39 --> CodeIgniter\Security\Exceptions\SecurityException: The action you requested is not allowed.
[Method: POST, Route: ongkir/checkOngkir]
in SYSTEMPATH\Security\Security.php on line 262.
 1 SYSTEMPATH\Security\Security.php(262): CodeIgniter\Security\Exceptions\SecurityException::forDisallowedAction()
 2 SYSTEMPATH\Filters\CSRF.php(57): CodeIgniter\Security\Security->verify(Object(CodeIgniter\HTTP\IncomingRequest))
 3 SYSTEMPATH\Filters\Filters.php(203): CodeIgniter\Filters\CSRF->before(Object(CodeIgniter\HTTP\IncomingRequest), null)
 4 SYSTEMPATH\Filters\Filters.php(184): CodeIgniter\Filters\Filters->runBefore([...])
 5 SYSTEMPATH\CodeIgniter.php(481): CodeIgniter\Filters\Filters->run('ongkir/checkOngkir', 'before')
 6 SYSTEMPATH\CodeIgniter.php(355): CodeIgniter\CodeIgniter->handleRequest(null, Object(Config\Cache), false)
 7 SYSTEMPATH\Boot.php(312): CodeIgniter\CodeIgniter->run()
 8 SYSTEMPATH\Boot.php(67): CodeIgniter\Boot::runCodeIgniter(Object(CodeIgniter\CodeIgniter))
 9 FCPATH\index.php(56): CodeIgniter\Boot::bootWeb(Object(Config\Paths))
10 SYSTEMPATH\Commands\Server\rewrite.php(49): require_once('C:\\Users\\solehudin1725\\Documents\\MATERI PERKULIAHAN SMT 6\\project_skincare_uniba\\public\\index.php')
CRITICAL - 2024-06-04 14:48:45 --> CodeIgniter\Security\Exceptions\SecurityException: The action you requested is not allowed.
[Method: POST, Route: ongkir/checkOngkir]
in SYSTEMPATH\Security\Security.php on line 262.
 1 SYSTEMPATH\Security\Security.php(262): CodeIgniter\Security\Exceptions\SecurityException::forDisallowedAction()
 2 SYSTEMPATH\Filters\CSRF.php(57): CodeIgniter\Security\Security->verify(Object(CodeIgniter\HTTP\IncomingRequest))
 3 SYSTEMPATH\Filters\Filters.php(203): CodeIgniter\Filters\CSRF->before(Object(CodeIgniter\HTTP\IncomingRequest), null)
 4 SYSTEMPATH\Filters\Filters.php(184): CodeIgniter\Filters\Filters->runBefore([...])
 5 SYSTEMPATH\CodeIgniter.php(481): CodeIgniter\Filters\Filters->run('ongkir/checkOngkir', 'before')
 6 SYSTEMPATH\CodeIgniter.php(355): CodeIgniter\CodeIgniter->handleRequest(null, Object(Config\Cache), false)
 7 SYSTEMPATH\Boot.php(312): CodeIgniter\CodeIgniter->run()
 8 SYSTEMPATH\Boot.php(67): CodeIgniter\Boot::runCodeIgniter(Object(CodeIgniter\CodeIgniter))
 9 FCPATH\index.php(56): CodeIgniter\Boot::bootWeb(Object(Config\Paths))
10 SYSTEMPATH\Commands\Server\rewrite.php(49): require_once('C:\\Users\\solehudin1725\\Documents\\MATERI PERKULIAHAN SMT 6\\project_skincare_uniba\\public\\index.php')
CRITICAL - 2024-06-04 14:48:51 --> CodeIgniter\Security\Exceptions\SecurityException: The action you requested is not allowed.
[Method: POST, Route: ongkir/checkOngkir]
in SYSTEMPATH\Security\Security.php on line 262.
 1 SYSTEMPATH\Security\Security.php(262): CodeIgniter\Security\Exceptions\SecurityException::forDisallowedAction()
 2 SYSTEMPATH\Filters\CSRF.php(57): CodeIgniter\Security\Security->verify(Object(CodeIgniter\HTTP\IncomingRequest))
 3 SYSTEMPATH\Filters\Filters.php(203): CodeIgniter\Filters\CSRF->before(Object(CodeIgniter\HTTP\IncomingRequest), null)
 4 SYSTEMPATH\Filters\Filters.php(184): CodeIgniter\Filters\Filters->runBefore([...])
 5 SYSTEMPATH\CodeIgniter.php(481): CodeIgniter\Filters\Filters->run('ongkir/checkOngkir', 'before')
 6 SYSTEMPATH\CodeIgniter.php(355): CodeIgniter\CodeIgniter->handleRequest(null, Object(Config\Cache), false)
 7 SYSTEMPATH\Boot.php(312): CodeIgniter\CodeIgniter->run()
 8 SYSTEMPATH\Boot.php(67): CodeIgniter\Boot::runCodeIgniter(Object(CodeIgniter\CodeIgniter))
 9 FCPATH\index.php(56): CodeIgniter\Boot::bootWeb(Object(Config\Paths))
10 SYSTEMPATH\Commands\Server\rewrite.php(49): require_once('C:\\Users\\solehudin1725\\Documents\\MATERI PERKULIAHAN SMT 6\\project_skincare_uniba\\public\\index.php')
CRITICAL - 2024-06-04 14:48:51 --> CodeIgniter\Security\Exceptions\SecurityException: The action you requested is not allowed.
[Method: POST, Route: ongkir/checkOngkir]
in SYSTEMPATH\Security\Security.php on line 262.
 1 SYSTEMPATH\Security\Security.php(262): CodeIgniter\Security\Exceptions\SecurityException::forDisallowedAction()
 2 SYSTEMPATH\Filters\CSRF.php(57): CodeIgniter\Security\Security->verify(Object(CodeIgniter\HTTP\IncomingRequest))
 3 SYSTEMPATH\Filters\Filters.php(203): CodeIgniter\Filters\CSRF->before(Object(CodeIgniter\HTTP\IncomingRequest), null)
 4 SYSTEMPATH\Filters\Filters.php(184): CodeIgniter\Filters\Filters->runBefore([...])
 5 SYSTEMPATH\CodeIgniter.php(481): CodeIgniter\Filters\Filters->run('ongkir/checkOngkir', 'before')
 6 SYSTEMPATH\CodeIgniter.php(355): CodeIgniter\CodeIgniter->handleRequest(null, Object(Config\Cache), false)
 7 SYSTEMPATH\Boot.php(312): CodeIgniter\CodeIgniter->run()
 8 SYSTEMPATH\Boot.php(67): CodeIgniter\Boot::runCodeIgniter(Object(CodeIgniter\CodeIgniter))
 9 FCPATH\index.php(56): CodeIgniter\Boot::bootWeb(Object(Config\Paths))
10 SYSTEMPATH\Commands\Server\rewrite.php(49): require_once('C:\\Users\\solehudin1725\\Documents\\MATERI PERKULIAHAN SMT 6\\project_skincare_uniba\\public\\index.php')
CRITICAL - 2024-06-04 14:48:52 --> CodeIgniter\Security\Exceptions\SecurityException: The action you requested is not allowed.
[Method: POST, Route: ongkir/checkOngkir]
in SYSTEMPATH\Security\Security.php on line 262.
 1 SYSTEMPATH\Security\Security.php(262): CodeIgniter\Security\Exceptions\SecurityException::forDisallowedAction()
 2 SYSTEMPATH\Filters\CSRF.php(57): CodeIgniter\Security\Security->verify(Object(CodeIgniter\HTTP\IncomingRequest))
 3 SYSTEMPATH\Filters\Filters.php(203): CodeIgniter\Filters\CSRF->before(Object(CodeIgniter\HTTP\IncomingRequest), null)
 4 SYSTEMPATH\Filters\Filters.php(184): CodeIgniter\Filters\Filters->runBefore([...])
 5 SYSTEMPATH\CodeIgniter.php(481): CodeIgniter\Filters\Filters->run('ongkir/checkOngkir', 'before')
 6 SYSTEMPATH\CodeIgniter.php(355): CodeIgniter\CodeIgniter->handleRequest(null, Object(Config\Cache), false)
 7 SYSTEMPATH\Boot.php(312): CodeIgniter\CodeIgniter->run()
 8 SYSTEMPATH\Boot.php(67): CodeIgniter\Boot::runCodeIgniter(Object(CodeIgniter\CodeIgniter))
 9 FCPATH\index.php(56): CodeIgniter\Boot::bootWeb(Object(Config\Paths))
10 SYSTEMPATH\Commands\Server\rewrite.php(49): require_once('C:\\Users\\solehudin1725\\Documents\\MATERI PERKULIAHAN SMT 6\\project_skincare_uniba\\public\\index.php')
CRITICAL - 2024-06-04 14:49:17 --> CodeIgniter\Security\Exceptions\SecurityException: The action you requested is not allowed.
[Method: POST, Route: ongkir/checkOngkir]
in SYSTEMPATH\Security\Security.php on line 262.
 1 SYSTEMPATH\Security\Security.php(262): CodeIgniter\Security\Exceptions\SecurityException::forDisallowedAction()
 2 SYSTEMPATH\Filters\CSRF.php(57): CodeIgniter\Security\Security->verify(Object(CodeIgniter\HTTP\IncomingRequest))
 3 SYSTEMPATH\Filters\Filters.php(203): CodeIgniter\Filters\CSRF->before(Object(CodeIgniter\HTTP\IncomingRequest), null)
 4 SYSTEMPATH\Filters\Filters.php(184): CodeIgniter\Filters\Filters->runBefore([...])
 5 SYSTEMPATH\CodeIgniter.php(481): CodeIgniter\Filters\Filters->run('ongkir/checkOngkir', 'before')
 6 SYSTEMPATH\CodeIgniter.php(355): CodeIgniter\CodeIgniter->handleRequest(null, Object(Config\Cache), false)
 7 SYSTEMPATH\Boot.php(312): CodeIgniter\CodeIgniter->run()
 8 SYSTEMPATH\Boot.php(67): CodeIgniter\Boot::runCodeIgniter(Object(CodeIgniter\CodeIgniter))
 9 FCPATH\index.php(56): CodeIgniter\Boot::bootWeb(Object(Config\Paths))
10 SYSTEMPATH\Commands\Server\rewrite.php(49): require_once('C:\\Users\\solehudin1725\\Documents\\MATERI PERKULIAHAN SMT 6\\project_skincare_uniba\\public\\index.php')
CRITICAL - 2024-06-04 14:49:18 --> CodeIgniter\Security\Exceptions\SecurityException: The action you requested is not allowed.
[Method: POST, Route: ongkir/checkOngkir]
in SYSTEMPATH\Security\Security.php on line 262.
 1 SYSTEMPATH\Security\Security.php(262): CodeIgniter\Security\Exceptions\SecurityException::forDisallowedAction()
 2 SYSTEMPATH\Filters\CSRF.php(57): CodeIgniter\Security\Security->verify(Object(CodeIgniter\HTTP\IncomingRequest))
 3 SYSTEMPATH\Filters\Filters.php(203): CodeIgniter\Filters\CSRF->before(Object(CodeIgniter\HTTP\IncomingRequest), null)
 4 SYSTEMPATH\Filters\Filters.php(184): CodeIgniter\Filters\Filters->runBefore([...])
 5 SYSTEMPATH\CodeIgniter.php(481): CodeIgniter\Filters\Filters->run('ongkir/checkOngkir', 'before')
 6 SYSTEMPATH\CodeIgniter.php(355): CodeIgniter\CodeIgniter->handleRequest(null, Object(Config\Cache), false)
 7 SYSTEMPATH\Boot.php(312): CodeIgniter\CodeIgniter->run()
 8 SYSTEMPATH\Boot.php(67): CodeIgniter\Boot::runCodeIgniter(Object(CodeIgniter\CodeIgniter))
 9 FCPATH\index.php(56): CodeIgniter\Boot::bootWeb(Object(Config\Paths))
10 SYSTEMPATH\Commands\Server\rewrite.php(49): require_once('C:\\Users\\solehudin1725\\Documents\\MATERI PERKULIAHAN SMT 6\\project_skincare_uniba\\public\\index.php')
CRITICAL - 2024-06-04 14:49:18 --> CodeIgniter\Security\Exceptions\SecurityException: The action you requested is not allowed.
[Method: POST, Route: ongkir/checkOngkir]
in SYSTEMPATH\Security\Security.php on line 262.
 1 SYSTEMPATH\Security\Security.php(262): CodeIgniter\Security\Exceptions\SecurityException::forDisallowedAction()
 2 SYSTEMPATH\Filters\CSRF.php(57): CodeIgniter\Security\Security->verify(Object(CodeIgniter\HTTP\IncomingRequest))
 3 SYSTEMPATH\Filters\Filters.php(203): CodeIgniter\Filters\CSRF->before(Object(CodeIgniter\HTTP\IncomingRequest), null)
 4 SYSTEMPATH\Filters\Filters.php(184): CodeIgniter\Filters\Filters->runBefore([...])
 5 SYSTEMPATH\CodeIgniter.php(481): CodeIgniter\Filters\Filters->run('ongkir/checkOngkir', 'before')
 6 SYSTEMPATH\CodeIgniter.php(355): CodeIgniter\CodeIgniter->handleRequest(null, Object(Config\Cache), false)
 7 SYSTEMPATH\Boot.php(312): CodeIgniter\CodeIgniter->run()
 8 SYSTEMPATH\Boot.php(67): CodeIgniter\Boot::runCodeIgniter(Object(CodeIgniter\CodeIgniter))
 9 FCPATH\index.php(56): CodeIgniter\Boot::bootWeb(Object(Config\Paths))
10 SYSTEMPATH\Commands\Server\rewrite.php(49): require_once('C:\\Users\\solehudin1725\\Documents\\MATERI PERKULIAHAN SMT 6\\project_skincare_uniba\\public\\index.php')
CRITICAL - 2024-06-04 14:49:18 --> CodeIgniter\Security\Exceptions\SecurityException: The action you requested is not allowed.
[Method: POST, Route: ongkir/checkOngkir]
in SYSTEMPATH\Security\Security.php on line 262.
 1 SYSTEMPATH\Security\Security.php(262): CodeIgniter\Security\Exceptions\SecurityException::forDisallowedAction()
 2 SYSTEMPATH\Filters\CSRF.php(57): CodeIgniter\Security\Security->verify(Object(CodeIgniter\HTTP\IncomingRequest))
 3 SYSTEMPATH\Filters\Filters.php(203): CodeIgniter\Filters\CSRF->before(Object(CodeIgniter\HTTP\IncomingRequest), null)
 4 SYSTEMPATH\Filters\Filters.php(184): CodeIgniter\Filters\Filters->runBefore([...])
 5 SYSTEMPATH\CodeIgniter.php(481): CodeIgniter\Filters\Filters->run('ongkir/checkOngkir', 'before')
 6 SYSTEMPATH\CodeIgniter.php(355): CodeIgniter\CodeIgniter->handleRequest(null, Object(Config\Cache), false)
 7 SYSTEMPATH\Boot.php(312): CodeIgniter\CodeIgniter->run()
 8 SYSTEMPATH\Boot.php(67): CodeIgniter\Boot::runCodeIgniter(Object(CodeIgniter\CodeIgniter))
 9 FCPATH\index.php(56): CodeIgniter\Boot::bootWeb(Object(Config\Paths))
10 SYSTEMPATH\Commands\Server\rewrite.php(49): require_once('C:\\Users\\solehudin1725\\Documents\\MATERI PERKULIAHAN SMT 6\\project_skincare_uniba\\public\\index.php')
CRITICAL - 2024-06-04 14:49:18 --> CodeIgniter\Security\Exceptions\SecurityException: The action you requested is not allowed.
[Method: POST, Route: ongkir/checkOngkir]
in SYSTEMPATH\Security\Security.php on line 262.
 1 SYSTEMPATH\Security\Security.php(262): CodeIgniter\Security\Exceptions\SecurityException::forDisallowedAction()
 2 SYSTEMPATH\Filters\CSRF.php(57): CodeIgniter\Security\Security->verify(Object(CodeIgniter\HTTP\IncomingRequest))
 3 SYSTEMPATH\Filters\Filters.php(203): CodeIgniter\Filters\CSRF->before(Object(CodeIgniter\HTTP\IncomingRequest), null)
 4 SYSTEMPATH\Filters\Filters.php(184): CodeIgniter\Filters\Filters->runBefore([...])
 5 SYSTEMPATH\CodeIgniter.php(481): CodeIgniter\Filters\Filters->run('ongkir/checkOngkir', 'before')
 6 SYSTEMPATH\CodeIgniter.php(355): CodeIgniter\CodeIgniter->handleRequest(null, Object(Config\Cache), false)
 7 SYSTEMPATH\Boot.php(312): CodeIgniter\CodeIgniter->run()
 8 SYSTEMPATH\Boot.php(67): CodeIgniter\Boot::runCodeIgniter(Object(CodeIgniter\CodeIgniter))
 9 FCPATH\index.php(56): CodeIgniter\Boot::bootWeb(Object(Config\Paths))
10 SYSTEMPATH\Commands\Server\rewrite.php(49): require_once('C:\\Users\\solehudin1725\\Documents\\MATERI PERKULIAHAN SMT 6\\project_skincare_uniba\\public\\index.php')
CRITICAL - 2024-06-04 14:49:19 --> CodeIgniter\Security\Exceptions\SecurityException: The action you requested is not allowed.
[Method: POST, Route: ongkir/checkOngkir]
in SYSTEMPATH\Security\Security.php on line 262.
 1 SYSTEMPATH\Security\Security.php(262): CodeIgniter\Security\Exceptions\SecurityException::forDisallowedAction()
 2 SYSTEMPATH\Filters\CSRF.php(57): CodeIgniter\Security\Security->verify(Object(CodeIgniter\HTTP\IncomingRequest))
 3 SYSTEMPATH\Filters\Filters.php(203): CodeIgniter\Filters\CSRF->before(Object(CodeIgniter\HTTP\IncomingRequest), null)
 4 SYSTEMPATH\Filters\Filters.php(184): CodeIgniter\Filters\Filters->runBefore([...])
 5 SYSTEMPATH\CodeIgniter.php(481): CodeIgniter\Filters\Filters->run('ongkir/checkOngkir', 'before')
 6 SYSTEMPATH\CodeIgniter.php(355): CodeIgniter\CodeIgniter->handleRequest(null, Object(Config\Cache), false)
 7 SYSTEMPATH\Boot.php(312): CodeIgniter\CodeIgniter->run()
 8 SYSTEMPATH\Boot.php(67): CodeIgniter\Boot::runCodeIgniter(Object(CodeIgniter\CodeIgniter))
 9 FCPATH\index.php(56): CodeIgniter\Boot::bootWeb(Object(Config\Paths))
10 SYSTEMPATH\Commands\Server\rewrite.php(49): require_once('C:\\Users\\solehudin1725\\Documents\\MATERI PERKULIAHAN SMT 6\\project_skincare_uniba\\public\\index.php')
CRITICAL - 2024-06-04 14:49:19 --> CodeIgniter\Security\Exceptions\SecurityException: The action you requested is not allowed.
[Method: POST, Route: ongkir/checkOngkir]
in SYSTEMPATH\Security\Security.php on line 262.
 1 SYSTEMPATH\Security\Security.php(262): CodeIgniter\Security\Exceptions\SecurityException::forDisallowedAction()
 2 SYSTEMPATH\Filters\CSRF.php(57): CodeIgniter\Security\Security->verify(Object(CodeIgniter\HTTP\IncomingRequest))
 3 SYSTEMPATH\Filters\Filters.php(203): CodeIgniter\Filters\CSRF->before(Object(CodeIgniter\HTTP\IncomingRequest), null)
 4 SYSTEMPATH\Filters\Filters.php(184): CodeIgniter\Filters\Filters->runBefore([...])
 5 SYSTEMPATH\CodeIgniter.php(481): CodeIgniter\Filters\Filters->run('ongkir/checkOngkir', 'before')
 6 SYSTEMPATH\CodeIgniter.php(355): CodeIgniter\CodeIgniter->handleRequest(null, Object(Config\Cache), false)
 7 SYSTEMPATH\Boot.php(312): CodeIgniter\CodeIgniter->run()
 8 SYSTEMPATH\Boot.php(67): CodeIgniter\Boot::runCodeIgniter(Object(CodeIgniter\CodeIgniter))
 9 FCPATH\index.php(56): CodeIgniter\Boot::bootWeb(Object(Config\Paths))
10 SYSTEMPATH\Commands\Server\rewrite.php(49): require_once('C:\\Users\\solehudin1725\\Documents\\MATERI PERKULIAHAN SMT 6\\project_skincare_uniba\\public\\index.php')
CRITICAL - 2024-06-04 14:49:19 --> CodeIgniter\Security\Exceptions\SecurityException: The action you requested is not allowed.
[Method: POST, Route: ongkir/checkOngkir]
in SYSTEMPATH\Security\Security.php on line 262.
 1 SYSTEMPATH\Security\Security.php(262): CodeIgniter\Security\Exceptions\SecurityException::forDisallowedAction()
 2 SYSTEMPATH\Filters\CSRF.php(57): CodeIgniter\Security\Security->verify(Object(CodeIgniter\HTTP\IncomingRequest))
 3 SYSTEMPATH\Filters\Filters.php(203): CodeIgniter\Filters\CSRF->before(Object(CodeIgniter\HTTP\IncomingRequest), null)
 4 SYSTEMPATH\Filters\Filters.php(184): CodeIgniter\Filters\Filters->runBefore([...])
 5 SYSTEMPATH\CodeIgniter.php(481): CodeIgniter\Filters\Filters->run('ongkir/checkOngkir', 'before')
 6 SYSTEMPATH\CodeIgniter.php(355): CodeIgniter\CodeIgniter->handleRequest(null, Object(Config\Cache), false)
 7 SYSTEMPATH\Boot.php(312): CodeIgniter\CodeIgniter->run()
 8 SYSTEMPATH\Boot.php(67): CodeIgniter\Boot::runCodeIgniter(Object(CodeIgniter\CodeIgniter))
 9 FCPATH\index.php(56): CodeIgniter\Boot::bootWeb(Object(Config\Paths))
10 SYSTEMPATH\Commands\Server\rewrite.php(49): require_once('C:\\Users\\solehudin1725\\Documents\\MATERI PERKULIAHAN SMT 6\\project_skincare_uniba\\public\\index.php')
CRITICAL - 2024-06-04 14:49:19 --> CodeIgniter\Security\Exceptions\SecurityException: The action you requested is not allowed.
[Method: POST, Route: ongkir/checkOngkir]
in SYSTEMPATH\Security\Security.php on line 262.
 1 SYSTEMPATH\Security\Security.php(262): CodeIgniter\Security\Exceptions\SecurityException::forDisallowedAction()
 2 SYSTEMPATH\Filters\CSRF.php(57): CodeIgniter\Security\Security->verify(Object(CodeIgniter\HTTP\IncomingRequest))
 3 SYSTEMPATH\Filters\Filters.php(203): CodeIgniter\Filters\CSRF->before(Object(CodeIgniter\HTTP\IncomingRequest), null)
 4 SYSTEMPATH\Filters\Filters.php(184): CodeIgniter\Filters\Filters->runBefore([...])
 5 SYSTEMPATH\CodeIgniter.php(481): CodeIgniter\Filters\Filters->run('ongkir/checkOngkir', 'before')
 6 SYSTEMPATH\CodeIgniter.php(355): CodeIgniter\CodeIgniter->handleRequest(null, Object(Config\Cache), false)
 7 SYSTEMPATH\Boot.php(312): CodeIgniter\CodeIgniter->run()
 8 SYSTEMPATH\Boot.php(67): CodeIgniter\Boot::runCodeIgniter(Object(CodeIgniter\CodeIgniter))
 9 FCPATH\index.php(56): CodeIgniter\Boot::bootWeb(Object(Config\Paths))
10 SYSTEMPATH\Commands\Server\rewrite.php(49): require_once('C:\\Users\\solehudin1725\\Documents\\MATERI PERKULIAHAN SMT 6\\project_skincare_uniba\\public\\index.php')
CRITICAL - 2024-06-04 15:13:47 --> CodeIgniter\Security\Exceptions\SecurityException: The action you requested is not allowed.
[Method: POST, Route: ongkir/checkOngkir]
in SYSTEMPATH\Security\Security.php on line 262.
 1 SYSTEMPATH\Security\Security.php(262): CodeIgniter\Security\Exceptions\SecurityException::forDisallowedAction()
 2 SYSTEMPATH\Filters\CSRF.php(57): CodeIgniter\Security\Security->verify(Object(CodeIgniter\HTTP\IncomingRequest))
 3 SYSTEMPATH\Filters\Filters.php(203): CodeIgniter\Filters\CSRF->before(Object(CodeIgniter\HTTP\IncomingRequest), null)
 4 SYSTEMPATH\Filters\Filters.php(184): CodeIgniter\Filters\Filters->runBefore([...])
 5 SYSTEMPATH\CodeIgniter.php(481): CodeIgniter\Filters\Filters->run('ongkir/checkOngkir', 'before')
 6 SYSTEMPATH\CodeIgniter.php(355): CodeIgniter\CodeIgniter->handleRequest(null, Object(Config\Cache), false)
 7 SYSTEMPATH\Boot.php(312): CodeIgniter\CodeIgniter->run()
 8 SYSTEMPATH\Boot.php(67): CodeIgniter\Boot::runCodeIgniter(Object(CodeIgniter\CodeIgniter))
 9 FCPATH\index.php(56): CodeIgniter\Boot::bootWeb(Object(Config\Paths))
10 SYSTEMPATH\Commands\Server\rewrite.php(49): require_once('C:\\Users\\solehudin1725\\Documents\\MATERI PERKULIAHAN SMT 6\\project_skincare_uniba\\public\\index.php')
CRITICAL - 2024-06-04 15:13:47 --> CodeIgniter\Security\Exceptions\SecurityException: The action you requested is not allowed.
[Method: POST, Route: ongkir/checkOngkir]
in SYSTEMPATH\Security\Security.php on line 262.
 1 SYSTEMPATH\Security\Security.php(262): CodeIgniter\Security\Exceptions\SecurityException::forDisallowedAction()
 2 SYSTEMPATH\Filters\CSRF.php(57): CodeIgniter\Security\Security->verify(Object(CodeIgniter\HTTP\IncomingRequest))
 3 SYSTEMPATH\Filters\Filters.php(203): CodeIgniter\Filters\CSRF->before(Object(CodeIgniter\HTTP\IncomingRequest), null)
 4 SYSTEMPATH\Filters\Filters.php(184): CodeIgniter\Filters\Filters->runBefore([...])
 5 SYSTEMPATH\CodeIgniter.php(481): CodeIgniter\Filters\Filters->run('ongkir/checkOngkir', 'before')
 6 SYSTEMPATH\CodeIgniter.php(355): CodeIgniter\CodeIgniter->handleRequest(null, Object(Config\Cache), false)
 7 SYSTEMPATH\Boot.php(312): CodeIgniter\CodeIgniter->run()
 8 SYSTEMPATH\Boot.php(67): CodeIgniter\Boot::runCodeIgniter(Object(CodeIgniter\CodeIgniter))
 9 FCPATH\index.php(56): CodeIgniter\Boot::bootWeb(Object(Config\Paths))
10 SYSTEMPATH\Commands\Server\rewrite.php(49): require_once('C:\\Users\\solehudin1725\\Documents\\MATERI PERKULIAHAN SMT 6\\project_skincare_uniba\\public\\index.php')
CRITICAL - 2024-06-04 15:13:47 --> CodeIgniter\Security\Exceptions\SecurityException: The action you requested is not allowed.
[Method: POST, Route: ongkir/checkOngkir]
in SYSTEMPATH\Security\Security.php on line 262.
 1 SYSTEMPATH\Security\Security.php(262): CodeIgniter\Security\Exceptions\SecurityException::forDisallowedAction()
 2 SYSTEMPATH\Filters\CSRF.php(57): CodeIgniter\Security\Security->verify(Object(CodeIgniter\HTTP\IncomingRequest))
 3 SYSTEMPATH\Filters\Filters.php(203): CodeIgniter\Filters\CSRF->before(Object(CodeIgniter\HTTP\IncomingRequest), null)
 4 SYSTEMPATH\Filters\Filters.php(184): CodeIgniter\Filters\Filters->runBefore([...])
 5 SYSTEMPATH\CodeIgniter.php(481): CodeIgniter\Filters\Filters->run('ongkir/checkOngkir', 'before')
 6 SYSTEMPATH\CodeIgniter.php(355): CodeIgniter\CodeIgniter->handleRequest(null, Object(Config\Cache), false)
 7 SYSTEMPATH\Boot.php(312): CodeIgniter\CodeIgniter->run()
 8 SYSTEMPATH\Boot.php(67): CodeIgniter\Boot::runCodeIgniter(Object(CodeIgniter\CodeIgniter))
 9 FCPATH\index.php(56): CodeIgniter\Boot::bootWeb(Object(Config\Paths))
10 SYSTEMPATH\Commands\Server\rewrite.php(49): require_once('C:\\Users\\solehudin1725\\Documents\\MATERI PERKULIAHAN SMT 6\\project_skincare_uniba\\public\\index.php')
CRITICAL - 2024-06-04 15:34:53 --> ErrorException: Attempt to read property "rajaongkir" on null
[Method: GET, Route: cek]
in APPPATH\Controllers\Ongkir.php on line 47.
 1 APPPATH\Controllers\Ongkir.php(47): CodeIgniter\Debug\Exceptions->errorHandler(2, 'Attempt to read property "rajaongkir" on null', 'C:\\Users\\solehudin1725\\Documents\\MATERI PERKULIAHAN SMT 6\\project_skincare_uniba\\app\\Controllers\\Ongkir.php', 47)
 2 SYSTEMPATH\CodeIgniter.php(933): App\Controllers\Ongkir->index()
 3 SYSTEMPATH\CodeIgniter.php(509): CodeIgniter\CodeIgniter->runController(Object(App\Controllers\Ongkir))
 4 SYSTEMPATH\CodeIgniter.php(355): CodeIgniter\CodeIgniter->handleRequest(null, Object(Config\Cache), false)
 5 SYSTEMPATH\Boot.php(312): CodeIgniter\CodeIgniter->run()
 6 SYSTEMPATH\Boot.php(67): CodeIgniter\Boot::runCodeIgniter(Object(CodeIgniter\CodeIgniter))
 7 FCPATH\index.php(56): CodeIgniter\Boot::bootWeb(Object(Config\Paths))
 8 SYSTEMPATH\Commands\Server\rewrite.php(49): require_once('C:\\Users\\solehudin1725\\Documents\\MATERI PERKULIAHAN SMT 6\\project_skincare_uniba\\public\\index.php')
WARNING - 2024-06-04 15:46:40 --> [DEPRECATED] number_format(): Passing null to parameter #1 ($num) of type float is deprecated in APPPATH\Views\pages\Home.php on line 162.
 1 APPPATH\Views\pages\Home.php(162): number_format(null, 0, ',', '.')
 2 SYSTEMPATH\View\View.php(234): include('C:\\Users\\solehudin1725\\Documents\\MATERI PERKULIAHAN SMT 6\\project_skincare_uniba\\app\\Views\\pages\\Home.php')
 3 SYSTEMPATH\View\View.php(237): CodeIgniter\View\View->CodeIgniter\View\{closure}()
 4 SYSTEMPATH\Common.php(1171): CodeIgniter\View\View->render('pages/Home', [], true)
 5 APPPATH\Controllers\Pages.php(24): view('pages/Home', [...])
 6 SYSTEMPATH\CodeIgniter.php(933): App\Controllers\Pages->index()
 7 SYSTEMPATH\CodeIgniter.php(509): CodeIgniter\CodeIgniter->runController(Object(App\Controllers\Pages))
 8 SYSTEMPATH\CodeIgniter.php(355): CodeIgniter\CodeIgniter->handleRequest(null, Object(Config\Cache), false)
 9 SYSTEMPATH\Boot.php(312): CodeIgniter\CodeIgniter->run()
10 SYSTEMPATH\Boot.php(67): CodeIgniter\Boot::runCodeIgniter(Object(CodeIgniter\CodeIgniter))
11 FCPATH\index.php(56): CodeIgniter\Boot::bootWeb(Object(Config\Paths))
12 SYSTEMPATH\Commands\Server\rewrite.php(49): require_once('C:\\Users\\solehudin1725\\Documents\\MATERI PERKULIAHAN SMT 6\\project_skincare_uniba\\public\\index.php')
WARNING - 2024-06-04 15:46:40 --> [DEPRECATED] number_format(): Passing null to parameter #1 ($num) of type float is deprecated in APPPATH\Views\pages\Home.php on line 162.
 1 APPPATH\Views\pages\Home.php(162): number_format(null, 0, ',', '.')
 2 SYSTEMPATH\View\View.php(234): include('C:\\Users\\solehudin1725\\Documents\\MATERI PERKULIAHAN SMT 6\\project_skincare_uniba\\app\\Views\\pages\\Home.php')
 3 SYSTEMPATH\View\View.php(237): CodeIgniter\View\View->CodeIgniter\View\{closure}()
 4 SYSTEMPATH\Common.php(1171): CodeIgniter\View\View->render('pages/Home', [], true)
 5 APPPATH\Controllers\Pages.php(24): view('pages/Home', [...])
 6 SYSTEMPATH\CodeIgniter.php(933): App\Controllers\Pages->index()
 7 SYSTEMPATH\CodeIgniter.php(509): CodeIgniter\CodeIgniter->runController(Object(App\Controllers\Pages))
 8 SYSTEMPATH\CodeIgniter.php(355): CodeIgniter\CodeIgniter->handleRequest(null, Object(Config\Cache), false)
 9 SYSTEMPATH\Boot.php(312): CodeIgniter\CodeIgniter->run()
10 SYSTEMPATH\Boot.php(67): CodeIgniter\Boot::runCodeIgniter(Object(CodeIgniter\CodeIgniter))
11 FCPATH\index.php(56): CodeIgniter\Boot::bootWeb(Object(Config\Paths))
12 SYSTEMPATH\Commands\Server\rewrite.php(49): require_once('C:\\Users\\solehudin1725\\Documents\\MATERI PERKULIAHAN SMT 6\\project_skincare_uniba\\public\\index.php')
CRITICAL - 2024-06-04 15:49:16 --> ArgumentCountError: Too few arguments to function App\Controllers\Ongkir::kota(), 0 passed in C:\Users\solehudin1725\Documents\MATERI PERKULIAHAN SMT 6\project_skincare_uniba\vendor\codeigniter4\framework\system\CodeIgniter.php on line 933 and exactly 1 expected
[Method: GET, Route: ongkir/kota]
in APPPATH\Controllers\Ongkir.php on line 61.
 1 SYSTEMPATH\CodeIgniter.php(933): App\Controllers\Ongkir->kota()
 2 SYSTEMPATH\CodeIgniter.php(509): CodeIgniter\CodeIgniter->runController(Object(App\Controllers\Ongkir))
 3 SYSTEMPATH\CodeIgniter.php(355): CodeIgniter\CodeIgniter->handleRequest(null, Object(Config\Cache), false)
 4 SYSTEMPATH\Boot.php(312): CodeIgniter\CodeIgniter->run()
 5 SYSTEMPATH\Boot.php(67): CodeIgniter\Boot::runCodeIgniter(Object(CodeIgniter\CodeIgniter))
 6 FCPATH\index.php(56): CodeIgniter\Boot::bootWeb(Object(Config\Paths))
 7 SYSTEMPATH\Commands\Server\rewrite.php(49): require_once('C:\\Users\\solehudin1725\\Documents\\MATERI PERKULIAHAN SMT 6\\project_skincare_uniba\\public\\index.php')
CRITICAL - 2024-06-04 15:50:14 --> ArgumentCountError: Too few arguments to function App\Controllers\Ongkir::kota(), 0 passed in C:\Users\solehudin1725\Documents\MATERI PERKULIAHAN SMT 6\project_skincare_uniba\vendor\codeigniter4\framework\system\CodeIgniter.php on line 933 and exactly 1 expected
[Method: GET, Route: ongkir/kota]
in APPPATH\Controllers\Ongkir.php on line 62.
 1 SYSTEMPATH\CodeIgniter.php(933): App\Controllers\Ongkir->kota()
 2 SYSTEMPATH\CodeIgniter.php(509): CodeIgniter\CodeIgniter->runController(Object(App\Controllers\Ongkir))
 3 SYSTEMPATH\CodeIgniter.php(355): CodeIgniter\CodeIgniter->handleRequest(null, Object(Config\Cache), false)
 4 SYSTEMPATH\Boot.php(312): CodeIgniter\CodeIgniter->run()
 5 SYSTEMPATH\Boot.php(67): CodeIgniter\Boot::runCodeIgniter(Object(CodeIgniter\CodeIgniter))
 6 FCPATH\index.php(56): CodeIgniter\Boot::bootWeb(Object(Config\Paths))
 7 SYSTEMPATH\Commands\Server\rewrite.php(49): require_once('C:\\Users\\solehudin1725\\Documents\\MATERI PERKULIAHAN SMT 6\\project_skincare_uniba\\public\\index.php')
CRITICAL - 2024-06-04 15:50:16 --> ArgumentCountError: Too few arguments to function App\Controllers\Ongkir::kota(), 0 passed in C:\Users\solehudin1725\Documents\MATERI PERKULIAHAN SMT 6\project_skincare_uniba\vendor\codeigniter4\framework\system\CodeIgniter.php on line 933 and exactly 1 expected
[Method: GET, Route: ongkir/kota]
in APPPATH\Controllers\Ongkir.php on line 62.
 1 SYSTEMPATH\CodeIgniter.php(933): App\Controllers\Ongkir->kota()
 2 SYSTEMPATH\CodeIgniter.php(509): CodeIgniter\CodeIgniter->runController(Object(App\Controllers\Ongkir))
 3 SYSTEMPATH\CodeIgniter.php(355): CodeIgniter\CodeIgniter->handleRequest(null, Object(Config\Cache), false)
 4 SYSTEMPATH\Boot.php(312): CodeIgniter\CodeIgniter->run()
 5 SYSTEMPATH\Boot.php(67): CodeIgniter\Boot::runCodeIgniter(Object(CodeIgniter\CodeIgniter))
 6 FCPATH\index.php(56): CodeIgniter\Boot::bootWeb(Object(Config\Paths))
 7 SYSTEMPATH\Commands\Server\rewrite.php(49): require_once('C:\\Users\\solehudin1725\\Documents\\MATERI PERKULIAHAN SMT 6\\project_skincare_uniba\\public\\index.php')
CRITICAL - 2024-06-04 15:50:54 --> ArgumentCountError: Too few arguments to function App\Controllers\Ongkir::kota(), 0 passed in C:\Users\solehudin1725\Documents\MATERI PERKULIAHAN SMT 6\project_skincare_uniba\vendor\codeigniter4\framework\system\CodeIgniter.php on line 933 and exactly 1 expected
[Method: GET, Route: ongkir/kota]
in APPPATH\Controllers\Ongkir.php on line 62.
 1 SYSTEMPATH\CodeIgniter.php(933): App\Controllers\Ongkir->kota()
 2 SYSTEMPATH\CodeIgniter.php(509): CodeIgniter\CodeIgniter->runController(Object(App\Controllers\Ongkir))
 3 SYSTEMPATH\CodeIgniter.php(355): CodeIgniter\CodeIgniter->handleRequest(null, Object(Config\Cache), false)
 4 SYSTEMPATH\Boot.php(312): CodeIgniter\CodeIgniter->run()
 5 SYSTEMPATH\Boot.php(67): CodeIgniter\Boot::runCodeIgniter(Object(CodeIgniter\CodeIgniter))
 6 FCPATH\index.php(56): CodeIgniter\Boot::bootWeb(Object(Config\Paths))
 7 SYSTEMPATH\Commands\Server\rewrite.php(49): require_once('C:\\Users\\solehudin1725\\Documents\\MATERI PERKULIAHAN SMT 6\\project_skincare_uniba\\public\\index.php')
CRITICAL - 2024-06-04 15:51:04 --> ErrorException: Undefined array key "id_provinsi"
[Method: GET, Route: ongkir/kota/1]
in APPPATH\Controllers\Ongkir.php on line 64.
 1 APPPATH\Controllers\Ongkir.php(64): CodeIgniter\Debug\Exceptions->errorHandler(2, 'Undefined array key "id_provinsi"', 'C:\\Users\\solehudin1725\\Documents\\MATERI PERKULIAHAN SMT 6\\project_skincare_uniba\\app\\Controllers\\Ongkir.php', 64)
 2 SYSTEMPATH\CodeIgniter.php(933): App\Controllers\Ongkir->kota('1')
 3 SYSTEMPATH\CodeIgniter.php(509): CodeIgniter\CodeIgniter->runController(Object(App\Controllers\Ongkir))
 4 SYSTEMPATH\CodeIgniter.php(355): CodeIgniter\CodeIgniter->handleRequest(null, Object(Config\Cache), false)
 5 SYSTEMPATH\Boot.php(312): CodeIgniter\CodeIgniter->run()
 6 SYSTEMPATH\Boot.php(67): CodeIgniter\Boot::runCodeIgniter(Object(CodeIgniter\CodeIgniter))
 7 FCPATH\index.php(56): CodeIgniter\Boot::bootWeb(Object(Config\Paths))
 8 SYSTEMPATH\Commands\Server\rewrite.php(49): require_once('C:\\Users\\solehudin1725\\Documents\\MATERI PERKULIAHAN SMT 6\\project_skincare_uniba\\public\\index.php')
CRITICAL - 2024-06-04 15:51:55 --> ErrorException: Undefined array key "id_provinsi"
[Method: GET, Route: ongkir/kota/1]
in APPPATH\Controllers\Ongkir.php on line 64.
 1 APPPATH\Controllers\Ongkir.php(64): CodeIgniter\Debug\Exceptions->errorHandler(2, 'Undefined array key "id_provinsi"', 'C:\\Users\\solehudin1725\\Documents\\MATERI PERKULIAHAN SMT 6\\project_skincare_uniba\\app\\Controllers\\Ongkir.php', 64)
 2 SYSTEMPATH\CodeIgniter.php(933): App\Controllers\Ongkir->kota('1')
 3 SYSTEMPATH\CodeIgniter.php(509): CodeIgniter\CodeIgniter->runController(Object(App\Controllers\Ongkir))
 4 SYSTEMPATH\CodeIgniter.php(355): CodeIgniter\CodeIgniter->handleRequest(null, Object(Config\Cache), false)
 5 SYSTEMPATH\Boot.php(312): CodeIgniter\CodeIgniter->run()
 6 SYSTEMPATH\Boot.php(67): CodeIgniter\Boot::runCodeIgniter(Object(CodeIgniter\CodeIgniter))
 7 FCPATH\index.php(56): CodeIgniter\Boot::bootWeb(Object(Config\Paths))
 8 SYSTEMPATH\Commands\Server\rewrite.php(49): require_once('C:\\Users\\solehudin1725\\Documents\\MATERI PERKULIAHAN SMT 6\\project_skincare_uniba\\public\\index.php')
WARNING - 2024-06-04 15:57:53 --> [DEPRECATED] number_format(): Passing null to parameter #1 ($num) of type float is deprecated in APPPATH\Views\pages\Home.php on line 162.
 1 APPPATH\Views\pages\Home.php(162): number_format(null, 0, ',', '.')
 2 SYSTEMPATH\View\View.php(234): include('C:\\Users\\solehudin1725\\Documents\\MATERI PERKULIAHAN SMT 6\\project_skincare_uniba\\app\\Views\\pages\\Home.php')
 3 SYSTEMPATH\View\View.php(237): CodeIgniter\View\View->CodeIgniter\View\{closure}()
 4 SYSTEMPATH\Common.php(1171): CodeIgniter\View\View->render('pages/Home', [], true)
 5 APPPATH\Controllers\Pages.php(24): view('pages/Home', [...])
 6 SYSTEMPATH\CodeIgniter.php(933): App\Controllers\Pages->index()
 7 SYSTEMPATH\CodeIgniter.php(509): CodeIgniter\CodeIgniter->runController(Object(App\Controllers\Pages))
 8 SYSTEMPATH\CodeIgniter.php(355): CodeIgniter\CodeIgniter->handleRequest(null, Object(Config\Cache), false)
 9 SYSTEMPATH\Boot.php(312): CodeIgniter\CodeIgniter->run()
10 SYSTEMPATH\Boot.php(67): CodeIgniter\Boot::runCodeIgniter(Object(CodeIgniter\CodeIgniter))
11 FCPATH\index.php(56): CodeIgniter\Boot::bootWeb(Object(Config\Paths))
12 SYSTEMPATH\Commands\Server\rewrite.php(49): require_once('C:\\Users\\solehudin1725\\Documents\\MATERI PERKULIAHAN SMT 6\\project_skincare_uniba\\public\\index.php')
WARNING - 2024-06-04 15:57:53 --> [DEPRECATED] number_format(): Passing null to parameter #1 ($num) of type float is deprecated in APPPATH\Views\pages\Home.php on line 162.
 1 APPPATH\Views\pages\Home.php(162): number_format(null, 0, ',', '.')
 2 SYSTEMPATH\View\View.php(234): include('C:\\Users\\solehudin1725\\Documents\\MATERI PERKULIAHAN SMT 6\\project_skincare_uniba\\app\\Views\\pages\\Home.php')
 3 SYSTEMPATH\View\View.php(237): CodeIgniter\View\View->CodeIgniter\View\{closure}()
 4 SYSTEMPATH\Common.php(1171): CodeIgniter\View\View->render('pages/Home', [], true)
 5 APPPATH\Controllers\Pages.php(24): view('pages/Home', [...])
 6 SYSTEMPATH\CodeIgniter.php(933): App\Controllers\Pages->index()
 7 SYSTEMPATH\CodeIgniter.php(509): CodeIgniter\CodeIgniter->runController(Object(App\Controllers\Pages))
 8 SYSTEMPATH\CodeIgniter.php(355): CodeIgniter\CodeIgniter->handleRequest(null, Object(Config\Cache), false)
 9 SYSTEMPATH\Boot.php(312): CodeIgniter\CodeIgniter->run()
10 SYSTEMPATH\Boot.php(67): CodeIgniter\Boot::runCodeIgniter(Object(CodeIgniter\CodeIgniter))
11 FCPATH\index.php(56): CodeIgniter\Boot::bootWeb(Object(Config\Paths))
12 SYSTEMPATH\Commands\Server\rewrite.php(49): require_once('C:\\Users\\solehudin1725\\Documents\\MATERI PERKULIAHAN SMT 6\\project_skincare_uniba\\public\\index.php')
INFO - 2024-06-04 15:57:59 --> CSRF token verified.
INFO - 2024-06-04 15:59:06 --> CSRF token verified.
INFO - 2024-06-04 16:01:12 --> CSRF token verified.
CRITICAL - 2024-06-04 16:01:12 --> CodeIgniter\Security\Exceptions\SecurityException: The action you requested is not allowed.
[Method: POST, Route: ongkir/provinsi]
in SYSTEMPATH\Security\Security.php on line 262.
 1 SYSTEMPATH\Security\Security.php(262): CodeIgniter\Security\Exceptions\SecurityException::forDisallowedAction()
 2 SYSTEMPATH\Filters\CSRF.php(57): CodeIgniter\Security\Security->verify(Object(CodeIgniter\HTTP\IncomingRequest))
 3 SYSTEMPATH\Filters\Filters.php(203): CodeIgniter\Filters\CSRF->before(Object(CodeIgniter\HTTP\IncomingRequest), null)
 4 SYSTEMPATH\Filters\Filters.php(184): CodeIgniter\Filters\Filters->runBefore([...])
 5 SYSTEMPATH\CodeIgniter.php(481): CodeIgniter\Filters\Filters->run('ongkir/provinsi', 'before')
 6 SYSTEMPATH\CodeIgniter.php(355): CodeIgniter\CodeIgniter->handleRequest(null, Object(Config\Cache), false)
 7 SYSTEMPATH\Boot.php(312): CodeIgniter\CodeIgniter->run()
 8 SYSTEMPATH\Boot.php(67): CodeIgniter\Boot::runCodeIgniter(Object(CodeIgniter\CodeIgniter))
 9 FCPATH\index.php(56): CodeIgniter\Boot::bootWeb(Object(Config\Paths))
10 SYSTEMPATH\Commands\Server\rewrite.php(49): require_once('C:\\Users\\solehudin1725\\Documents\\MATERI PERKULIAHAN SMT 6\\project_skincare_uniba\\public\\index.php')
INFO - 2024-06-04 16:03:52 --> CSRF token verified.
CRITICAL - 2024-06-04 16:03:53 --> CodeIgniter\Security\Exceptions\SecurityException: The action you requested is not allowed.
[Method: POST, Route: ongkir/provinsi]
in SYSTEMPATH\Security\Security.php on line 262.
 1 SYSTEMPATH\Security\Security.php(262): CodeIgniter\Security\Exceptions\SecurityException::forDisallowedAction()
 2 SYSTEMPATH\Filters\CSRF.php(57): CodeIgniter\Security\Security->verify(Object(CodeIgniter\HTTP\IncomingRequest))
 3 SYSTEMPATH\Filters\Filters.php(203): CodeIgniter\Filters\CSRF->before(Object(CodeIgniter\HTTP\IncomingRequest), null)
 4 SYSTEMPATH\Filters\Filters.php(184): CodeIgniter\Filters\Filters->runBefore([...])
 5 SYSTEMPATH\CodeIgniter.php(481): CodeIgniter\Filters\Filters->run('ongkir/provinsi', 'before')
 6 SYSTEMPATH\CodeIgniter.php(355): CodeIgniter\CodeIgniter->handleRequest(null, Object(Config\Cache), false)
 7 SYSTEMPATH\Boot.php(312): CodeIgniter\CodeIgniter->run()
 8 SYSTEMPATH\Boot.php(67): CodeIgniter\Boot::runCodeIgniter(Object(CodeIgniter\CodeIgniter))
 9 FCPATH\index.php(56): CodeIgniter\Boot::bootWeb(Object(Config\Paths))
10 SYSTEMPATH\Commands\Server\rewrite.php(49): require_once('C:\\Users\\solehudin1725\\Documents\\MATERI PERKULIAHAN SMT 6\\project_skincare_uniba\\public\\index.php')
WARNING - 2024-06-04 16:03:56 --> [DEPRECATED] number_format(): Passing null to parameter #1 ($num) of type float is deprecated in APPPATH\Views\pages\Home.php on line 162.
 1 APPPATH\Views\pages\Home.php(162): number_format(null, 0, ',', '.')
 2 SYSTEMPATH\View\View.php(234): include('C:\\Users\\solehudin1725\\Documents\\MATERI PERKULIAHAN SMT 6\\project_skincare_uniba\\app\\Views\\pages\\Home.php')
 3 SYSTEMPATH\View\View.php(237): CodeIgniter\View\View->CodeIgniter\View\{closure}()
 4 SYSTEMPATH\Common.php(1171): CodeIgniter\View\View->render('pages/Home', [], true)
 5 APPPATH\Controllers\Pages.php(24): view('pages/Home', [...])
 6 SYSTEMPATH\CodeIgniter.php(933): App\Controllers\Pages->index()
 7 SYSTEMPATH\CodeIgniter.php(509): CodeIgniter\CodeIgniter->runController(Object(App\Controllers\Pages))
 8 SYSTEMPATH\CodeIgniter.php(355): CodeIgniter\CodeIgniter->handleRequest(null, Object(Config\Cache), false)
 9 SYSTEMPATH\Boot.php(312): CodeIgniter\CodeIgniter->run()
10 SYSTEMPATH\Boot.php(67): CodeIgniter\Boot::runCodeIgniter(Object(CodeIgniter\CodeIgniter))
11 FCPATH\index.php(56): CodeIgniter\Boot::bootWeb(Object(Config\Paths))
12 SYSTEMPATH\Commands\Server\rewrite.php(49): require_once('C:\\Users\\solehudin1725\\Documents\\MATERI PERKULIAHAN SMT 6\\project_skincare_uniba\\public\\index.php')
WARNING - 2024-06-04 16:03:56 --> [DEPRECATED] number_format(): Passing null to parameter #1 ($num) of type float is deprecated in APPPATH\Views\pages\Home.php on line 162.
 1 APPPATH\Views\pages\Home.php(162): number_format(null, 0, ',', '.')
 2 SYSTEMPATH\View\View.php(234): include('C:\\Users\\solehudin1725\\Documents\\MATERI PERKULIAHAN SMT 6\\project_skincare_uniba\\app\\Views\\pages\\Home.php')
 3 SYSTEMPATH\View\View.php(237): CodeIgniter\View\View->CodeIgniter\View\{closure}()
 4 SYSTEMPATH\Common.php(1171): CodeIgniter\View\View->render('pages/Home', [], true)
 5 APPPATH\Controllers\Pages.php(24): view('pages/Home', [...])
 6 SYSTEMPATH\CodeIgniter.php(933): App\Controllers\Pages->index()
 7 SYSTEMPATH\CodeIgniter.php(509): CodeIgniter\CodeIgniter->runController(Object(App\Controllers\Pages))
 8 SYSTEMPATH\CodeIgniter.php(355): CodeIgniter\CodeIgniter->handleRequest(null, Object(Config\Cache), false)
 9 SYSTEMPATH\Boot.php(312): CodeIgniter\CodeIgniter->run()
10 SYSTEMPATH\Boot.php(67): CodeIgniter\Boot::runCodeIgniter(Object(CodeIgniter\CodeIgniter))
11 FCPATH\index.php(56): CodeIgniter\Boot::bootWeb(Object(Config\Paths))
12 SYSTEMPATH\Commands\Server\rewrite.php(49): require_once('C:\\Users\\solehudin1725\\Documents\\MATERI PERKULIAHAN SMT 6\\project_skincare_uniba\\public\\index.php')
CRITICAL - 2024-06-04 16:07:31 --> ErrorException: Undefined variable $title
[Method: GET, Route: cek]
in APPPATH\Views\order\invoice.php on line 7.
 1 APPPATH\Views\order\invoice.php(7): CodeIgniter\Debug\Exceptions->errorHandler(2, 'Undefined variable $title', 'C:\\Users\\solehudin1725\\Documents\\MATERI PERKULIAHAN SMT 6\\project_skincare_uniba\\app\\Views\\order\\invoice.php', 7)
 2 SYSTEMPATH\View\View.php(234): include('C:\\Users\\solehudin1725\\Documents\\MATERI PERKULIAHAN SMT 6\\project_skincare_uniba\\app\\Views\\order\\invoice.php')
 3 SYSTEMPATH\View\View.php(237): CodeIgniter\View\View->CodeIgniter\View\{closure}()
 4 SYSTEMPATH\Common.php(1171): CodeIgniter\View\View->render('order/invoice', [], true)
 5 APPPATH\Controllers\Ongkir.php(19): view('order/invoice')
 6 SYSTEMPATH\CodeIgniter.php(933): App\Controllers\Ongkir->index()
 7 SYSTEMPATH\CodeIgniter.php(509): CodeIgniter\CodeIgniter->runController(Object(App\Controllers\Ongkir))
 8 SYSTEMPATH\CodeIgniter.php(355): CodeIgniter\CodeIgniter->handleRequest(null, Object(Config\Cache), false)
 9 SYSTEMPATH\Boot.php(312): CodeIgniter\CodeIgniter->run()
10 SYSTEMPATH\Boot.php(67): CodeIgniter\Boot::runCodeIgniter(Object(CodeIgniter\CodeIgniter))
11 FCPATH\index.php(56): CodeIgniter\Boot::bootWeb(Object(Config\Paths))
12 SYSTEMPATH\Commands\Server\rewrite.php(49): require_once('C:\\Users\\solehudin1725\\Documents\\MATERI PERKULIAHAN SMT 6\\project_skincare_uniba\\public\\index.php')
WARNING - 2024-06-04 16:07:46 --> [DEPRECATED] number_format(): Passing null to parameter #1 ($num) of type float is deprecated in APPPATH\Views\pages\Home.php on line 162.
 1 APPPATH\Views\pages\Home.php(162): number_format(null, 0, ',', '.')
 2 SYSTEMPATH\View\View.php(234): include('C:\\Users\\solehudin1725\\Documents\\MATERI PERKULIAHAN SMT 6\\project_skincare_uniba\\app\\Views\\pages\\Home.php')
 3 SYSTEMPATH\View\View.php(237): CodeIgniter\View\View->CodeIgniter\View\{closure}()
 4 SYSTEMPATH\Common.php(1171): CodeIgniter\View\View->render('pages/Home', [], true)
 5 APPPATH\Controllers\Pages.php(24): view('pages/Home', [...])
 6 SYSTEMPATH\CodeIgniter.php(933): App\Controllers\Pages->index()
 7 SYSTEMPATH\CodeIgniter.php(509): CodeIgniter\CodeIgniter->runController(Object(App\Controllers\Pages))
 8 SYSTEMPATH\CodeIgniter.php(355): CodeIgniter\CodeIgniter->handleRequest(null, Object(Config\Cache), false)
 9 SYSTEMPATH\Boot.php(312): CodeIgniter\CodeIgniter->run()
10 SYSTEMPATH\Boot.php(67): CodeIgniter\Boot::runCodeIgniter(Object(CodeIgniter\CodeIgniter))
11 FCPATH\index.php(56): CodeIgniter\Boot::bootWeb(Object(Config\Paths))
12 SYSTEMPATH\Commands\Server\rewrite.php(49): require_once('C:\\Users\\solehudin1725\\Documents\\MATERI PERKULIAHAN SMT 6\\project_skincare_uniba\\public\\index.php')
WARNING - 2024-06-04 16:07:46 --> [DEPRECATED] number_format(): Passing null to parameter #1 ($num) of type float is deprecated in APPPATH\Views\pages\Home.php on line 162.
 1 APPPATH\Views\pages\Home.php(162): number_format(null, 0, ',', '.')
 2 SYSTEMPATH\View\View.php(234): include('C:\\Users\\solehudin1725\\Documents\\MATERI PERKULIAHAN SMT 6\\project_skincare_uniba\\app\\Views\\pages\\Home.php')
 3 SYSTEMPATH\View\View.php(237): CodeIgniter\View\View->CodeIgniter\View\{closure}()
 4 SYSTEMPATH\Common.php(1171): CodeIgniter\View\View->render('pages/Home', [], true)
 5 APPPATH\Controllers\Pages.php(24): view('pages/Home', [...])
 6 SYSTEMPATH\CodeIgniter.php(933): App\Controllers\Pages->index()
 7 SYSTEMPATH\CodeIgniter.php(509): CodeIgniter\CodeIgniter->runController(Object(App\Controllers\Pages))
 8 SYSTEMPATH\CodeIgniter.php(355): CodeIgniter\CodeIgniter->handleRequest(null, Object(Config\Cache), false)
 9 SYSTEMPATH\Boot.php(312): CodeIgniter\CodeIgniter->run()
10 SYSTEMPATH\Boot.php(67): CodeIgniter\Boot::runCodeIgniter(Object(CodeIgniter\CodeIgniter))
11 FCPATH\index.php(56): CodeIgniter\Boot::bootWeb(Object(Config\Paths))
12 SYSTEMPATH\Commands\Server\rewrite.php(49): require_once('C:\\Users\\solehudin1725\\Documents\\MATERI PERKULIAHAN SMT 6\\project_skincare_uniba\\public\\index.php')
INFO - 2024-06-04 16:07:52 --> CSRF token verified.
CRITICAL - 2024-06-04 16:08:03 --> CodeIgniter\Security\Exceptions\SecurityException: The action you requested is not allowed.
[Method: POST, Route: invoice]
in SYSTEMPATH\Security\Security.php on line 262.
 1 SYSTEMPATH\Security\Security.php(262): CodeIgniter\Security\Exceptions\SecurityException::forDisallowedAction()
 2 SYSTEMPATH\Filters\CSRF.php(57): CodeIgniter\Security\Security->verify(Object(CodeIgniter\HTTP\IncomingRequest))
 3 SYSTEMPATH\Filters\Filters.php(203): CodeIgniter\Filters\CSRF->before(Object(CodeIgniter\HTTP\IncomingRequest), null)
 4 SYSTEMPATH\Filters\Filters.php(184): CodeIgniter\Filters\Filters->runBefore([...])
 5 SYSTEMPATH\CodeIgniter.php(481): CodeIgniter\Filters\Filters->run('invoice', 'before')
 6 SYSTEMPATH\CodeIgniter.php(355): CodeIgniter\CodeIgniter->handleRequest(null, Object(Config\Cache), false)
 7 SYSTEMPATH\Boot.php(312): CodeIgniter\CodeIgniter->run()
 8 SYSTEMPATH\Boot.php(67): CodeIgniter\Boot::runCodeIgniter(Object(CodeIgniter\CodeIgniter))
 9 FCPATH\index.php(56): CodeIgniter\Boot::bootWeb(Object(Config\Paths))
10 SYSTEMPATH\Commands\Server\rewrite.php(49): require_once('C:\\Users\\solehudin1725\\Documents\\MATERI PERKULIAHAN SMT 6\\project_skincare_uniba\\public\\index.php')
INFO - 2024-06-04 16:08:16 --> CSRF token verified.
WARNING - 2024-06-04 16:09:41 --> [DEPRECATED] number_format(): Passing null to parameter #1 ($num) of type float is deprecated in APPPATH\Views\pages\Home.php on line 162.
 1 APPPATH\Views\pages\Home.php(162): number_format(null, 0, ',', '.')
 2 SYSTEMPATH\View\View.php(234): include('C:\\Users\\solehudin1725\\Documents\\MATERI PERKULIAHAN SMT 6\\project_skincare_uniba\\app\\Views\\pages\\Home.php')
 3 SYSTEMPATH\View\View.php(237): CodeIgniter\View\View->CodeIgniter\View\{closure}()
 4 SYSTEMPATH\Common.php(1171): CodeIgniter\View\View->render('pages/Home', [], true)
 5 APPPATH\Controllers\Pages.php(24): view('pages/Home', [...])
 6 SYSTEMPATH\CodeIgniter.php(933): App\Controllers\Pages->index()
 7 SYSTEMPATH\CodeIgniter.php(509): CodeIgniter\CodeIgniter->runController(Object(App\Controllers\Pages))
 8 SYSTEMPATH\CodeIgniter.php(355): CodeIgniter\CodeIgniter->handleRequest(null, Object(Config\Cache), false)
 9 SYSTEMPATH\Boot.php(312): CodeIgniter\CodeIgniter->run()
10 SYSTEMPATH\Boot.php(67): CodeIgniter\Boot::runCodeIgniter(Object(CodeIgniter\CodeIgniter))
11 FCPATH\index.php(56): CodeIgniter\Boot::bootWeb(Object(Config\Paths))
12 SYSTEMPATH\Commands\Server\rewrite.php(49): require_once('C:\\Users\\solehudin1725\\Documents\\MATERI PERKULIAHAN SMT 6\\project_skincare_uniba\\public\\index.php')
WARNING - 2024-06-04 16:09:41 --> [DEPRECATED] number_format(): Passing null to parameter #1 ($num) of type float is deprecated in APPPATH\Views\pages\Home.php on line 162.
 1 APPPATH\Views\pages\Home.php(162): number_format(null, 0, ',', '.')
 2 SYSTEMPATH\View\View.php(234): include('C:\\Users\\solehudin1725\\Documents\\MATERI PERKULIAHAN SMT 6\\project_skincare_uniba\\app\\Views\\pages\\Home.php')
 3 SYSTEMPATH\View\View.php(237): CodeIgniter\View\View->CodeIgniter\View\{closure}()
 4 SYSTEMPATH\Common.php(1171): CodeIgniter\View\View->render('pages/Home', [], true)
 5 APPPATH\Controllers\Pages.php(24): view('pages/Home', [...])
 6 SYSTEMPATH\CodeIgniter.php(933): App\Controllers\Pages->index()
 7 SYSTEMPATH\CodeIgniter.php(509): CodeIgniter\CodeIgniter->runController(Object(App\Controllers\Pages))
 8 SYSTEMPATH\CodeIgniter.php(355): CodeIgniter\CodeIgniter->handleRequest(null, Object(Config\Cache), false)
 9 SYSTEMPATH\Boot.php(312): CodeIgniter\CodeIgniter->run()
10 SYSTEMPATH\Boot.php(67): CodeIgniter\Boot::runCodeIgniter(Object(CodeIgniter\CodeIgniter))
11 FCPATH\index.php(56): CodeIgniter\Boot::bootWeb(Object(Config\Paths))
12 SYSTEMPATH\Commands\Server\rewrite.php(49): require_once('C:\\Users\\solehudin1725\\Documents\\MATERI PERKULIAHAN SMT 6\\project_skincare_uniba\\public\\index.php')
CRITICAL - 2024-06-04 16:09:43 --> ErrorException: Undefined variable $title
[Method: GET, Route: cek]
in APPPATH\Views\order\invoice.php on line 7.
 1 APPPATH\Views\order\invoice.php(7): CodeIgniter\Debug\Exceptions->errorHandler(2, 'Undefined variable $title', 'C:\\Users\\solehudin1725\\Documents\\MATERI PERKULIAHAN SMT 6\\project_skincare_uniba\\app\\Views\\order\\invoice.php', 7)
 2 SYSTEMPATH\View\View.php(234): include('C:\\Users\\solehudin1725\\Documents\\MATERI PERKULIAHAN SMT 6\\project_skincare_uniba\\app\\Views\\order\\invoice.php')
 3 SYSTEMPATH\View\View.php(237): CodeIgniter\View\View->CodeIgniter\View\{closure}()
 4 SYSTEMPATH\Common.php(1171): CodeIgniter\View\View->render('order/invoice', [], true)
 5 APPPATH\Controllers\Ongkir.php(19): view('order/invoice')
 6 SYSTEMPATH\CodeIgniter.php(933): App\Controllers\Ongkir->index()
 7 SYSTEMPATH\CodeIgniter.php(509): CodeIgniter\CodeIgniter->runController(Object(App\Controllers\Ongkir))
 8 SYSTEMPATH\CodeIgniter.php(355): CodeIgniter\CodeIgniter->handleRequest(null, Object(Config\Cache), false)
 9 SYSTEMPATH\Boot.php(312): CodeIgniter\CodeIgniter->run()
10 SYSTEMPATH\Boot.php(67): CodeIgniter\Boot::runCodeIgniter(Object(CodeIgniter\CodeIgniter))
11 FCPATH\index.php(56): CodeIgniter\Boot::bootWeb(Object(Config\Paths))
12 SYSTEMPATH\Commands\Server\rewrite.php(49): require_once('C:\\Users\\solehudin1725\\Documents\\MATERI PERKULIAHAN SMT 6\\project_skincare_uniba\\public\\index.php')
CRITICAL - 2024-06-04 16:09:43 --> ErrorException: Undefined variable $title
[Method: GET, Route: cek]
in APPPATH\Views\order\invoice.php on line 7.
 1 APPPATH\Views\order\invoice.php(7): CodeIgniter\Debug\Exceptions->errorHandler(2, 'Undefined variable $title', 'C:\\Users\\solehudin1725\\Documents\\MATERI PERKULIAHAN SMT 6\\project_skincare_uniba\\app\\Views\\order\\invoice.php', 7)
 2 SYSTEMPATH\View\View.php(234): include('C:\\Users\\solehudin1725\\Documents\\MATERI PERKULIAHAN SMT 6\\project_skincare_uniba\\app\\Views\\order\\invoice.php')
 3 SYSTEMPATH\View\View.php(237): CodeIgniter\View\View->CodeIgniter\View\{closure}()
 4 SYSTEMPATH\Common.php(1171): CodeIgniter\View\View->render('order/invoice', [], true)
 5 APPPATH\Controllers\Ongkir.php(19): view('order/invoice')
 6 SYSTEMPATH\CodeIgniter.php(933): App\Controllers\Ongkir->index()
 7 SYSTEMPATH\CodeIgniter.php(509): CodeIgniter\CodeIgniter->runController(Object(App\Controllers\Ongkir))
 8 SYSTEMPATH\CodeIgniter.php(355): CodeIgniter\CodeIgniter->handleRequest(null, Object(Config\Cache), false)
 9 SYSTEMPATH\Boot.php(312): CodeIgniter\CodeIgniter->run()
10 SYSTEMPATH\Boot.php(67): CodeIgniter\Boot::runCodeIgniter(Object(CodeIgniter\CodeIgniter))
11 FCPATH\index.php(56): CodeIgniter\Boot::bootWeb(Object(Config\Paths))
12 SYSTEMPATH\Commands\Server\rewrite.php(49): require_once('C:\\Users\\solehudin1725\\Documents\\MATERI PERKULIAHAN SMT 6\\project_skincare_uniba\\public\\index.php')
CRITICAL - 2024-06-04 16:10:11 --> ErrorException: Undefined variable $order
[Method: GET, Route: cek]
in APPPATH\Views\order\invoice.php on line 117.
 1 APPPATH\Views\order\invoice.php(117): CodeIgniter\Debug\Exceptions->errorHandler(2, 'Undefined variable $order', 'C:\\Users\\solehudin1725\\Documents\\MATERI PERKULIAHAN SMT 6\\project_skincare_uniba\\app\\Views\\order\\invoice.php', 117)
 2 SYSTEMPATH\View\View.php(234): include('C:\\Users\\solehudin1725\\Documents\\MATERI PERKULIAHAN SMT 6\\project_skincare_uniba\\app\\Views\\order\\invoice.php')
 3 SYSTEMPATH\View\View.php(237): CodeIgniter\View\View->CodeIgniter\View\{closure}()
 4 SYSTEMPATH\Common.php(1171): CodeIgniter\View\View->render('order/invoice', [], true)
 5 APPPATH\Controllers\Ongkir.php(19): view('order/invoice')
 6 SYSTEMPATH\CodeIgniter.php(933): App\Controllers\Ongkir->index()
 7 SYSTEMPATH\CodeIgniter.php(509): CodeIgniter\CodeIgniter->runController(Object(App\Controllers\Ongkir))
 8 SYSTEMPATH\CodeIgniter.php(355): CodeIgniter\CodeIgniter->handleRequest(null, Object(Config\Cache), false)
 9 SYSTEMPATH\Boot.php(312): CodeIgniter\CodeIgniter->run()
10 SYSTEMPATH\Boot.php(67): CodeIgniter\Boot::runCodeIgniter(Object(CodeIgniter\CodeIgniter))
11 FCPATH\index.php(56): CodeIgniter\Boot::bootWeb(Object(Config\Paths))
12 SYSTEMPATH\Commands\Server\rewrite.php(49): require_once('C:\\Users\\solehudin1725\\Documents\\MATERI PERKULIAHAN SMT 6\\project_skincare_uniba\\public\\index.php')
INFO - 2024-06-04 16:11:48 --> CSRF token verified.
CRITICAL - 2024-06-04 16:15:06 --> CodeIgniter\Security\Exceptions\SecurityException: The action you requested is not allowed.
[Method: POST, Route: invoice]
in SYSTEMPATH\Security\Security.php on line 262.
 1 SYSTEMPATH\Security\Security.php(262): CodeIgniter\Security\Exceptions\SecurityException::forDisallowedAction()
 2 SYSTEMPATH\Filters\CSRF.php(57): CodeIgniter\Security\Security->verify(Object(CodeIgniter\HTTP\IncomingRequest))
 3 SYSTEMPATH\Filters\Filters.php(203): CodeIgniter\Filters\CSRF->before(Object(CodeIgniter\HTTP\IncomingRequest), null)
 4 SYSTEMPATH\Filters\Filters.php(184): CodeIgniter\Filters\Filters->runBefore([...])
 5 SYSTEMPATH\CodeIgniter.php(481): CodeIgniter\Filters\Filters->run('invoice', 'before')
 6 SYSTEMPATH\CodeIgniter.php(355): CodeIgniter\CodeIgniter->handleRequest(null, Object(Config\Cache), false)
 7 SYSTEMPATH\Boot.php(312): CodeIgniter\CodeIgniter->run()
 8 SYSTEMPATH\Boot.php(67): CodeIgniter\Boot::runCodeIgniter(Object(CodeIgniter\CodeIgniter))
 9 FCPATH\index.php(56): CodeIgniter\Boot::bootWeb(Object(Config\Paths))
10 SYSTEMPATH\Commands\Server\rewrite.php(49): require_once('C:\\Users\\solehudin1725\\Documents\\MATERI PERKULIAHAN SMT 6\\project_skincare_uniba\\public\\index.php')
INFO - 2024-06-04 16:15:16 --> CSRF token verified.
WARNING - 2024-06-04 16:23:13 --> [DEPRECATED] number_format(): Passing null to parameter #1 ($num) of type float is deprecated in APPPATH\Views\pages\Home.php on line 162.
 1 APPPATH\Views\pages\Home.php(162): number_format(null, 0, ',', '.')
 2 SYSTEMPATH\View\View.php(234): include('C:\\Users\\solehudin1725\\Documents\\MATERI PERKULIAHAN SMT 6\\project_skincare_uniba\\app\\Views\\pages\\Home.php')
 3 SYSTEMPATH\View\View.php(237): CodeIgniter\View\View->CodeIgniter\View\{closure}()
 4 SYSTEMPATH\Common.php(1171): CodeIgniter\View\View->render('pages/Home', [], true)
 5 APPPATH\Controllers\Pages.php(24): view('pages/Home', [...])
 6 SYSTEMPATH\CodeIgniter.php(933): App\Controllers\Pages->index()
 7 SYSTEMPATH\CodeIgniter.php(509): CodeIgniter\CodeIgniter->runController(Object(App\Controllers\Pages))
 8 SYSTEMPATH\CodeIgniter.php(355): CodeIgniter\CodeIgniter->handleRequest(null, Object(Config\Cache), false)
 9 SYSTEMPATH\Boot.php(312): CodeIgniter\CodeIgniter->run()
10 SYSTEMPATH\Boot.php(67): CodeIgniter\Boot::runCodeIgniter(Object(CodeIgniter\CodeIgniter))
11 FCPATH\index.php(56): CodeIgniter\Boot::bootWeb(Object(Config\Paths))
12 SYSTEMPATH\Commands\Server\rewrite.php(49): require_once('C:\\Users\\solehudin1725\\Documents\\MATERI PERKULIAHAN SMT 6\\project_skincare_uniba\\public\\index.php')
WARNING - 2024-06-04 16:23:13 --> [DEPRECATED] number_format(): Passing null to parameter #1 ($num) of type float is deprecated in APPPATH\Views\pages\Home.php on line 162.
 1 APPPATH\Views\pages\Home.php(162): number_format(null, 0, ',', '.')
 2 SYSTEMPATH\View\View.php(234): include('C:\\Users\\solehudin1725\\Documents\\MATERI PERKULIAHAN SMT 6\\project_skincare_uniba\\app\\Views\\pages\\Home.php')
 3 SYSTEMPATH\View\View.php(237): CodeIgniter\View\View->CodeIgniter\View\{closure}()
 4 SYSTEMPATH\Common.php(1171): CodeIgniter\View\View->render('pages/Home', [], true)
 5 APPPATH\Controllers\Pages.php(24): view('pages/Home', [...])
 6 SYSTEMPATH\CodeIgniter.php(933): App\Controllers\Pages->index()
 7 SYSTEMPATH\CodeIgniter.php(509): CodeIgniter\CodeIgniter->runController(Object(App\Controllers\Pages))
 8 SYSTEMPATH\CodeIgniter.php(355): CodeIgniter\CodeIgniter->handleRequest(null, Object(Config\Cache), false)
 9 SYSTEMPATH\Boot.php(312): CodeIgniter\CodeIgniter->run()
10 SYSTEMPATH\Boot.php(67): CodeIgniter\Boot::runCodeIgniter(Object(CodeIgniter\CodeIgniter))
11 FCPATH\index.php(56): CodeIgniter\Boot::bootWeb(Object(Config\Paths))
12 SYSTEMPATH\Commands\Server\rewrite.php(49): require_once('C:\\Users\\solehudin1725\\Documents\\MATERI PERKULIAHAN SMT 6\\project_skincare_uniba\\public\\index.php')
WARNING - 2024-06-04 16:24:06 --> [DEPRECATED] number_format(): Passing null to parameter #1 ($num) of type float is deprecated in APPPATH\Views\pages\Home.php on line 162.
 1 APPPATH\Views\pages\Home.php(162): number_format(null, 0, ',', '.')
 2 SYSTEMPATH\View\View.php(234): include('C:\\Users\\solehudin1725\\Documents\\MATERI PERKULIAHAN SMT 6\\project_skincare_uniba\\app\\Views\\pages\\Home.php')
 3 SYSTEMPATH\View\View.php(237): CodeIgniter\View\View->CodeIgniter\View\{closure}()
 4 SYSTEMPATH\Common.php(1171): CodeIgniter\View\View->render('pages/Home', [], true)
 5 APPPATH\Controllers\Pages.php(24): view('pages/Home', [...])
 6 SYSTEMPATH\CodeIgniter.php(933): App\Controllers\Pages->index()
 7 SYSTEMPATH\CodeIgniter.php(509): CodeIgniter\CodeIgniter->runController(Object(App\Controllers\Pages))
 8 SYSTEMPATH\CodeIgniter.php(355): CodeIgniter\CodeIgniter->handleRequest(null, Object(Config\Cache), false)
 9 SYSTEMPATH\Boot.php(312): CodeIgniter\CodeIgniter->run()
10 SYSTEMPATH\Boot.php(67): CodeIgniter\Boot::runCodeIgniter(Object(CodeIgniter\CodeIgniter))
11 FCPATH\index.php(56): CodeIgniter\Boot::bootWeb(Object(Config\Paths))
12 SYSTEMPATH\Commands\Server\rewrite.php(49): require_once('C:\\Users\\solehudin1725\\Documents\\MATERI PERKULIAHAN SMT 6\\project_skincare_uniba\\public\\index.php')
WARNING - 2024-06-04 16:24:06 --> [DEPRECATED] number_format(): Passing null to parameter #1 ($num) of type float is deprecated in APPPATH\Views\pages\Home.php on line 162.
 1 APPPATH\Views\pages\Home.php(162): number_format(null, 0, ',', '.')
 2 SYSTEMPATH\View\View.php(234): include('C:\\Users\\solehudin1725\\Documents\\MATERI PERKULIAHAN SMT 6\\project_skincare_uniba\\app\\Views\\pages\\Home.php')
 3 SYSTEMPATH\View\View.php(237): CodeIgniter\View\View->CodeIgniter\View\{closure}()
 4 SYSTEMPATH\Common.php(1171): CodeIgniter\View\View->render('pages/Home', [], true)
 5 APPPATH\Controllers\Pages.php(24): view('pages/Home', [...])
 6 SYSTEMPATH\CodeIgniter.php(933): App\Controllers\Pages->index()
 7 SYSTEMPATH\CodeIgniter.php(509): CodeIgniter\CodeIgniter->runController(Object(App\Controllers\Pages))
 8 SYSTEMPATH\CodeIgniter.php(355): CodeIgniter\CodeIgniter->handleRequest(null, Object(Config\Cache), false)
 9 SYSTEMPATH\Boot.php(312): CodeIgniter\CodeIgniter->run()
10 SYSTEMPATH\Boot.php(67): CodeIgniter\Boot::runCodeIgniter(Object(CodeIgniter\CodeIgniter))
11 FCPATH\index.php(56): CodeIgniter\Boot::bootWeb(Object(Config\Paths))
12 SYSTEMPATH\Commands\Server\rewrite.php(49): require_once('C:\\Users\\solehudin1725\\Documents\\MATERI PERKULIAHAN SMT 6\\project_skincare_uniba\\public\\index.php')
WARNING - 2024-06-04 16:27:14 --> [DEPRECATED] number_format(): Passing null to parameter #1 ($num) of type float is deprecated in APPPATH\Views\pages\Home.php on line 162.
 1 APPPATH\Views\pages\Home.php(162): number_format(null, 0, ',', '.')
 2 SYSTEMPATH\View\View.php(234): include('C:\\Users\\solehudin1725\\Documents\\MATERI PERKULIAHAN SMT 6\\project_skincare_uniba\\app\\Views\\pages\\Home.php')
 3 SYSTEMPATH\View\View.php(237): CodeIgniter\View\View->CodeIgniter\View\{closure}()
 4 SYSTEMPATH\Common.php(1171): CodeIgniter\View\View->render('pages/Home', [], true)
 5 APPPATH\Controllers\Pages.php(24): view('pages/Home', [...])
 6 SYSTEMPATH\CodeIgniter.php(933): App\Controllers\Pages->index()
 7 SYSTEMPATH\CodeIgniter.php(509): CodeIgniter\CodeIgniter->runController(Object(App\Controllers\Pages))
 8 SYSTEMPATH\CodeIgniter.php(355): CodeIgniter\CodeIgniter->handleRequest(null, Object(Config\Cache), false)
 9 SYSTEMPATH\Boot.php(312): CodeIgniter\CodeIgniter->run()
10 SYSTEMPATH\Boot.php(67): CodeIgniter\Boot::runCodeIgniter(Object(CodeIgniter\CodeIgniter))
11 FCPATH\index.php(56): CodeIgniter\Boot::bootWeb(Object(Config\Paths))
12 SYSTEMPATH\Commands\Server\rewrite.php(49): require_once('C:\\Users\\solehudin1725\\Documents\\MATERI PERKULIAHAN SMT 6\\project_skincare_uniba\\public\\index.php')
WARNING - 2024-06-04 16:27:14 --> [DEPRECATED] number_format(): Passing null to parameter #1 ($num) of type float is deprecated in APPPATH\Views\pages\Home.php on line 162.
 1 APPPATH\Views\pages\Home.php(162): number_format(null, 0, ',', '.')
 2 SYSTEMPATH\View\View.php(234): include('C:\\Users\\solehudin1725\\Documents\\MATERI PERKULIAHAN SMT 6\\project_skincare_uniba\\app\\Views\\pages\\Home.php')
 3 SYSTEMPATH\View\View.php(237): CodeIgniter\View\View->CodeIgniter\View\{closure}()
 4 SYSTEMPATH\Common.php(1171): CodeIgniter\View\View->render('pages/Home', [], true)
 5 APPPATH\Controllers\Pages.php(24): view('pages/Home', [...])
 6 SYSTEMPATH\CodeIgniter.php(933): App\Controllers\Pages->index()
 7 SYSTEMPATH\CodeIgniter.php(509): CodeIgniter\CodeIgniter->runController(Object(App\Controllers\Pages))
 8 SYSTEMPATH\CodeIgniter.php(355): CodeIgniter\CodeIgniter->handleRequest(null, Object(Config\Cache), false)
 9 SYSTEMPATH\Boot.php(312): CodeIgniter\CodeIgniter->run()
10 SYSTEMPATH\Boot.php(67): CodeIgniter\Boot::runCodeIgniter(Object(CodeIgniter\CodeIgniter))
11 FCPATH\index.php(56): CodeIgniter\Boot::bootWeb(Object(Config\Paths))
12 SYSTEMPATH\Commands\Server\rewrite.php(49): require_once('C:\\Users\\solehudin1725\\Documents\\MATERI PERKULIAHAN SMT 6\\project_skincare_uniba\\public\\index.php')
INFO - 2024-06-04 16:27:22 --> CSRF token verified.
INFO - 2024-06-04 16:41:08 --> CSRF token verified.
INFO - 2024-06-04 16:45:09 --> CSRF token verified.
INFO - 2024-06-04 16:45:32 --> CSRF token verified.
WARNING - 2024-06-04 16:54:53 --> [DEPRECATED] number_format(): Passing null to parameter #1 ($num) of type float is deprecated in APPPATH\Views\pages\Home.php on line 162.
 1 APPPATH\Views\pages\Home.php(162): number_format(null, 0, ',', '.')
 2 SYSTEMPATH\View\View.php(234): include('C:\\Users\\solehudin1725\\Documents\\MATERI PERKULIAHAN SMT 6\\project_skincare_uniba\\app\\Views\\pages\\Home.php')
 3 SYSTEMPATH\View\View.php(237): CodeIgniter\View\View->CodeIgniter\View\{closure}()
 4 SYSTEMPATH\Common.php(1171): CodeIgniter\View\View->render('pages/Home', [], true)
 5 APPPATH\Controllers\Pages.php(24): view('pages/Home', [...])
 6 SYSTEMPATH\CodeIgniter.php(933): App\Controllers\Pages->index()
 7 SYSTEMPATH\CodeIgniter.php(509): CodeIgniter\CodeIgniter->runController(Object(App\Controllers\Pages))
 8 SYSTEMPATH\CodeIgniter.php(355): CodeIgniter\CodeIgniter->handleRequest(null, Object(Config\Cache), false)
 9 SYSTEMPATH\Boot.php(312): CodeIgniter\CodeIgniter->run()
10 SYSTEMPATH\Boot.php(67): CodeIgniter\Boot::runCodeIgniter(Object(CodeIgniter\CodeIgniter))
11 FCPATH\index.php(56): CodeIgniter\Boot::bootWeb(Object(Config\Paths))
12 SYSTEMPATH\Commands\Server\rewrite.php(49): require_once('C:\\Users\\solehudin1725\\Documents\\MATERI PERKULIAHAN SMT 6\\project_skincare_uniba\\public\\index.php')
WARNING - 2024-06-04 16:54:53 --> [DEPRECATED] number_format(): Passing null to parameter #1 ($num) of type float is deprecated in APPPATH\Views\pages\Home.php on line 162.
 1 APPPATH\Views\pages\Home.php(162): number_format(null, 0, ',', '.')
 2 SYSTEMPATH\View\View.php(234): include('C:\\Users\\solehudin1725\\Documents\\MATERI PERKULIAHAN SMT 6\\project_skincare_uniba\\app\\Views\\pages\\Home.php')
 3 SYSTEMPATH\View\View.php(237): CodeIgniter\View\View->CodeIgniter\View\{closure}()
 4 SYSTEMPATH\Common.php(1171): CodeIgniter\View\View->render('pages/Home', [], true)
 5 APPPATH\Controllers\Pages.php(24): view('pages/Home', [...])
 6 SYSTEMPATH\CodeIgniter.php(933): App\Controllers\Pages->index()
 7 SYSTEMPATH\CodeIgniter.php(509): CodeIgniter\CodeIgniter->runController(Object(App\Controllers\Pages))
 8 SYSTEMPATH\CodeIgniter.php(355): CodeIgniter\CodeIgniter->handleRequest(null, Object(Config\Cache), false)
 9 SYSTEMPATH\Boot.php(312): CodeIgniter\CodeIgniter->run()
10 SYSTEMPATH\Boot.php(67): CodeIgniter\Boot::runCodeIgniter(Object(CodeIgniter\CodeIgniter))
11 FCPATH\index.php(56): CodeIgniter\Boot::bootWeb(Object(Config\Paths))
12 SYSTEMPATH\Commands\Server\rewrite.php(49): require_once('C:\\Users\\solehudin1725\\Documents\\MATERI PERKULIAHAN SMT 6\\project_skincare_uniba\\public\\index.php')
CRITICAL - 2024-06-04 23:57:24 --> ErrorException: Undefined property: stdClass::$discount
[Method: GET, Route: /]
in APPPATH\Views\pages\Home.php on line 132.
 1 APPPATH\Views\pages\Home.php(132): CodeIgniter\Debug\Exceptions->errorHandler(2, 'Undefined property: stdClass::$discount', 'C:\\ProjectSkincareUniba\\project_skincare_uniba\\app\\Views\\pages\\Home.php', 132)
 2 SYSTEMPATH\View\View.php(234): include('C:\\ProjectSkincareUniba\\project_skincare_uniba\\app\\Views\\pages\\Home.php')
 3 SYSTEMPATH\View\View.php(237): CodeIgniter\View\View->CodeIgniter\View\{closure}()
 4 SYSTEMPATH\Common.php(1171): CodeIgniter\View\View->render('pages/Home', [], true)
 5 APPPATH\Controllers\Pages.php(24): view('pages/Home', [...])
 6 SYSTEMPATH\CodeIgniter.php(933): App\Controllers\Pages->index()
 7 SYSTEMPATH\CodeIgniter.php(509): CodeIgniter\CodeIgniter->runController(Object(App\Controllers\Pages))
 8 SYSTEMPATH\CodeIgniter.php(355): CodeIgniter\CodeIgniter->handleRequest(null, Object(Config\Cache), false)
 9 SYSTEMPATH\Boot.php(312): CodeIgniter\CodeIgniter->run()
10 SYSTEMPATH\Boot.php(67): CodeIgniter\Boot::runCodeIgniter(Object(CodeIgniter\CodeIgniter))
11 FCPATH\index.php(56): CodeIgniter\Boot::bootWeb(Object(Config\Paths))
12 SYSTEMPATH\Commands\Server\rewrite.php(49): require_once('C:\\ProjectSkincareUniba\\project_skincare_uniba\\public\\index.php')
