ERROR - 2024-05-29 04:59:22 --> Error connecting to the database: mysqli_sql_exception: No connection could be made because the target machine actively refused it in C:\Users\Admin\Desktop\project_skincare_uniba\vendor\codeigniter4\framework\system\Database\MySQLi\Connection.php:186
Stack trace:
#0 C:\Users\Admin\Desktop\project_skincare_uniba\vendor\codeigniter4\framework\system\Database\MySQLi\Connection.php(186): mysqli->real_connect('localhost', 'root', Object(SensitiveParameterValue), 'db_msglow', 3306, '', 0)
#1 C:\Users\Admin\Desktop\project_skincare_uniba\vendor\codeigniter4\framework\system\Database\BaseConnection.php(421): CodeIgniter\Database\MySQLi\Connection->connect(false)
#2 C:\Users\Admin\Desktop\project_skincare_uniba\vendor\codeigniter4\framework\system\Database\BaseConnection.php(604): CodeIgniter\Database\BaseConnection->initialize()
#3 C:\Users\Admin\Desktop\project_skincare_uniba\app\Models\ModelBuilder.php(98): CodeIgniter\Database\BaseConnection->query('SELECT * FROM (...')
#4 C:\Users\Admin\Desktop\project_skincare_uniba\app\Controllers\Pages.php(21): App\Models\ModelBuilder->fullJoin()
#5 C:\Users\Admin\Desktop\project_skincare_uniba\vendor\codeigniter4\framework\system\CodeIgniter.php(933): App\Controllers\Pages->index()
#6 C:\Users\Admin\Desktop\project_skincare_uniba\vendor\codeigniter4\framework\system\CodeIgniter.php(509): CodeIgniter\CodeIgniter->runController(Object(App\Controllers\Pages))
#7 C:\Users\Admin\Desktop\project_skincare_uniba\vendor\codeigniter4\framework\system\CodeIgniter.php(355): CodeIgniter\CodeIgniter->handleRequest(NULL, Object(Config\Cache), false)
#8 C:\Users\Admin\Desktop\project_skincare_uniba\vendor\codeigniter4\framework\system\Boot.php(312): CodeIgniter\CodeIgniter->run()
#9 C:\Users\Admin\Desktop\project_skincare_uniba\vendor\codeigniter4\framework\system\Boot.php(67): CodeIgniter\Boot::runCodeIgniter(Object(CodeIgniter\CodeIgniter))
#10 C:\Users\Admin\Desktop\project_skincare_uniba\public\index.php(56): CodeIgniter\Boot::bootWeb(Object(Config\Paths))
#11 C:\Users\Admin\Desktop\project_skincare_uniba\vendor\codeigniter4\framework\system\Commands\Server\rewrite.php(49): require_once('C:\\Users\\Admin\\...')
#12 {main}

Next CodeIgniter\Database\Exceptions\DatabaseException: No connection could be made because the target machine actively refused it in C:\Users\Admin\Desktop\project_skincare_uniba\vendor\codeigniter4\framework\system\Database\MySQLi\Connection.php:231
Stack trace:
#0 C:\Users\Admin\Desktop\project_skincare_uniba\vendor\codeigniter4\framework\system\Database\BaseConnection.php(421): CodeIgniter\Database\MySQLi\Connection->connect(false)
#1 C:\Users\Admin\Desktop\project_skincare_uniba\vendor\codeigniter4\framework\system\Database\BaseConnection.php(604): CodeIgniter\Database\BaseConnection->initialize()
#2 C:\Users\Admin\Desktop\project_skincare_uniba\app\Models\ModelBuilder.php(98): CodeIgniter\Database\BaseConnection->query('SELECT * FROM (...')
#3 C:\Users\Admin\Desktop\project_skincare_uniba\app\Controllers\Pages.php(21): App\Models\ModelBuilder->fullJoin()
#4 C:\Users\Admin\Desktop\project_skincare_uniba\vendor\codeigniter4\framework\system\CodeIgniter.php(933): App\Controllers\Pages->index()
#5 C:\Users\Admin\Desktop\project_skincare_uniba\vendor\codeigniter4\framework\system\CodeIgniter.php(509): CodeIgniter\CodeIgniter->runController(Object(App\Controllers\Pages))
#6 C:\Users\Admin\Desktop\project_skincare_uniba\vendor\codeigniter4\framework\system\CodeIgniter.php(355): CodeIgniter\CodeIgniter->handleRequest(NULL, Object(Config\Cache), false)
#7 C:\Users\Admin\Desktop\project_skincare_uniba\vendor\codeigniter4\framework\system\Boot.php(312): CodeIgniter\CodeIgniter->run()
#8 C:\Users\Admin\Desktop\project_skincare_uniba\vendor\codeigniter4\framework\system\Boot.php(67): CodeIgniter\Boot::runCodeIgniter(Object(CodeIgniter\CodeIgniter))
#9 C:\Users\Admin\Desktop\project_skincare_uniba\public\index.php(56): CodeIgniter\Boot::bootWeb(Object(Config\Paths))
#10 C:\Users\Admin\Desktop\project_skincare_uniba\vendor\codeigniter4\framework\system\Commands\Server\rewrite.php(49): require_once('C:\\Users\\Admin\\...')
#11 {main}
CRITICAL - 2024-05-29 04:59:22 --> CodeIgniter\Database\Exceptions\DatabaseException: Unable to connect to the database.
Main connection [MySQLi]: No connection could be made because the target machine actively refused it
[Method: GET, Route: /]
in SYSTEMPATH\Database\BaseConnection.php on line 457.
 1 SYSTEMPATH\Database\BaseConnection.php(604): CodeIgniter\Database\BaseConnection->initialize()
 2 APPPATH\Models\ModelBuilder.php(98): CodeIgniter\Database\BaseConnection->query('SELECT * FROM (SELECT `products`.`product_name`, `product_categories`.`category_name`, `products`.`category_id`, `product_details`.*
FROM `products`
LEFT JOIN `product_details` ON `products`.`id` = `product_details`.`id_product`
LEFT JOIN `product_categories` ON `products`.`category_id` = `product_categories`.`id` UNION SELECT `products`.`product_name`, `product_categories`.`category_name`, `products`.`category_id`, `product_details`.*
FROM `products`
RIGHT JOIN `product_details` ON `products`.`id` = `product_details`.`id_product`
RIGHT JOIN `product_categories` ON `products`.`category_id` = `product_categories`.`id`) as combined ')
 3 APPPATH\Controllers\Pages.php(21): App\Models\ModelBuilder->fullJoin()
 4 SYSTEMPATH\CodeIgniter.php(933): App\Controllers\Pages->index()
 5 SYSTEMPATH\CodeIgniter.php(509): CodeIgniter\CodeIgniter->runController(Object(App\Controllers\Pages))
 6 SYSTEMPATH\CodeIgniter.php(355): CodeIgniter\CodeIgniter->handleRequest(null, Object(Config\Cache), false)
 7 SYSTEMPATH\Boot.php(312): CodeIgniter\CodeIgniter->run()
 8 SYSTEMPATH\Boot.php(67): CodeIgniter\Boot::runCodeIgniter(Object(CodeIgniter\CodeIgniter))
 9 FCPATH\index.php(56): CodeIgniter\Boot::bootWeb(Object(Config\Paths))
10 SYSTEMPATH\Commands\Server\rewrite.php(49): require_once('C:\\Users\\Admin\\Desktop\\project_skincare_uniba\\public\\index.php')
ERROR - 2024-05-29 04:59:28 --> Error connecting to the database: mysqli_sql_exception: No connection could be made because the target machine actively refused it in C:\Users\Admin\Desktop\project_skincare_uniba\vendor\codeigniter4\framework\system\Database\MySQLi\Connection.php:186
Stack trace:
#0 C:\Users\Admin\Desktop\project_skincare_uniba\vendor\codeigniter4\framework\system\Database\MySQLi\Connection.php(186): mysqli->real_connect('localhost', 'root', Object(SensitiveParameterValue), 'db_msglow', 3306, '', 0)
#1 C:\Users\Admin\Desktop\project_skincare_uniba\vendor\codeigniter4\framework\system\Database\BaseConnection.php(421): CodeIgniter\Database\MySQLi\Connection->connect(false)
#2 C:\Users\Admin\Desktop\project_skincare_uniba\vendor\codeigniter4\framework\system\Database\BaseConnection.php(604): CodeIgniter\Database\BaseConnection->initialize()
#3 C:\Users\Admin\Desktop\project_skincare_uniba\app\Models\ModelBuilder.php(98): CodeIgniter\Database\BaseConnection->query('SELECT * FROM (...')
#4 C:\Users\Admin\Desktop\project_skincare_uniba\app\Controllers\Pages.php(21): App\Models\ModelBuilder->fullJoin()
#5 C:\Users\Admin\Desktop\project_skincare_uniba\vendor\codeigniter4\framework\system\CodeIgniter.php(933): App\Controllers\Pages->index()
#6 C:\Users\Admin\Desktop\project_skincare_uniba\vendor\codeigniter4\framework\system\CodeIgniter.php(509): CodeIgniter\CodeIgniter->runController(Object(App\Controllers\Pages))
#7 C:\Users\Admin\Desktop\project_skincare_uniba\vendor\codeigniter4\framework\system\CodeIgniter.php(355): CodeIgniter\CodeIgniter->handleRequest(NULL, Object(Config\Cache), false)
#8 C:\Users\Admin\Desktop\project_skincare_uniba\vendor\codeigniter4\framework\system\Boot.php(312): CodeIgniter\CodeIgniter->run()
#9 C:\Users\Admin\Desktop\project_skincare_uniba\vendor\codeigniter4\framework\system\Boot.php(67): CodeIgniter\Boot::runCodeIgniter(Object(CodeIgniter\CodeIgniter))
#10 C:\Users\Admin\Desktop\project_skincare_uniba\public\index.php(56): CodeIgniter\Boot::bootWeb(Object(Config\Paths))
#11 C:\Users\Admin\Desktop\project_skincare_uniba\vendor\codeigniter4\framework\system\Commands\Server\rewrite.php(49): require_once('C:\\Users\\Admin\\...')
#12 {main}

Next CodeIgniter\Database\Exceptions\DatabaseException: No connection could be made because the target machine actively refused it in C:\Users\Admin\Desktop\project_skincare_uniba\vendor\codeigniter4\framework\system\Database\MySQLi\Connection.php:231
Stack trace:
#0 C:\Users\Admin\Desktop\project_skincare_uniba\vendor\codeigniter4\framework\system\Database\BaseConnection.php(421): CodeIgniter\Database\MySQLi\Connection->connect(false)
#1 C:\Users\Admin\Desktop\project_skincare_uniba\vendor\codeigniter4\framework\system\Database\BaseConnection.php(604): CodeIgniter\Database\BaseConnection->initialize()
#2 C:\Users\Admin\Desktop\project_skincare_uniba\app\Models\ModelBuilder.php(98): CodeIgniter\Database\BaseConnection->query('SELECT * FROM (...')
#3 C:\Users\Admin\Desktop\project_skincare_uniba\app\Controllers\Pages.php(21): App\Models\ModelBuilder->fullJoin()
#4 C:\Users\Admin\Desktop\project_skincare_uniba\vendor\codeigniter4\framework\system\CodeIgniter.php(933): App\Controllers\Pages->index()
#5 C:\Users\Admin\Desktop\project_skincare_uniba\vendor\codeigniter4\framework\system\CodeIgniter.php(509): CodeIgniter\CodeIgniter->runController(Object(App\Controllers\Pages))
#6 C:\Users\Admin\Desktop\project_skincare_uniba\vendor\codeigniter4\framework\system\CodeIgniter.php(355): CodeIgniter\CodeIgniter->handleRequest(NULL, Object(Config\Cache), false)
#7 C:\Users\Admin\Desktop\project_skincare_uniba\vendor\codeigniter4\framework\system\Boot.php(312): CodeIgniter\CodeIgniter->run()
#8 C:\Users\Admin\Desktop\project_skincare_uniba\vendor\codeigniter4\framework\system\Boot.php(67): CodeIgniter\Boot::runCodeIgniter(Object(CodeIgniter\CodeIgniter))
#9 C:\Users\Admin\Desktop\project_skincare_uniba\public\index.php(56): CodeIgniter\Boot::bootWeb(Object(Config\Paths))
#10 C:\Users\Admin\Desktop\project_skincare_uniba\vendor\codeigniter4\framework\system\Commands\Server\rewrite.php(49): require_once('C:\\Users\\Admin\\...')
#11 {main}
CRITICAL - 2024-05-29 04:59:28 --> CodeIgniter\Database\Exceptions\DatabaseException: Unable to connect to the database.
Main connection [MySQLi]: No connection could be made because the target machine actively refused it
[Method: GET, Route: /]
in SYSTEMPATH\Database\BaseConnection.php on line 457.
 1 SYSTEMPATH\Database\BaseConnection.php(604): CodeIgniter\Database\BaseConnection->initialize()
 2 APPPATH\Models\ModelBuilder.php(98): CodeIgniter\Database\BaseConnection->query('SELECT * FROM (SELECT `products`.`product_name`, `product_categories`.`category_name`, `products`.`category_id`, `product_details`.*
FROM `products`
LEFT JOIN `product_details` ON `products`.`id` = `product_details`.`id_product`
LEFT JOIN `product_categories` ON `products`.`category_id` = `product_categories`.`id` UNION SELECT `products`.`product_name`, `product_categories`.`category_name`, `products`.`category_id`, `product_details`.*
FROM `products`
RIGHT JOIN `product_details` ON `products`.`id` = `product_details`.`id_product`
RIGHT JOIN `product_categories` ON `products`.`category_id` = `product_categories`.`id`) as combined ')
 3 APPPATH\Controllers\Pages.php(21): App\Models\ModelBuilder->fullJoin()
 4 SYSTEMPATH\CodeIgniter.php(933): App\Controllers\Pages->index()
 5 SYSTEMPATH\CodeIgniter.php(509): CodeIgniter\CodeIgniter->runController(Object(App\Controllers\Pages))
 6 SYSTEMPATH\CodeIgniter.php(355): CodeIgniter\CodeIgniter->handleRequest(null, Object(Config\Cache), false)
 7 SYSTEMPATH\Boot.php(312): CodeIgniter\CodeIgniter->run()
 8 SYSTEMPATH\Boot.php(67): CodeIgniter\Boot::runCodeIgniter(Object(CodeIgniter\CodeIgniter))
 9 FCPATH\index.php(56): CodeIgniter\Boot::bootWeb(Object(Config\Paths))
10 SYSTEMPATH\Commands\Server\rewrite.php(49): require_once('C:\\Users\\Admin\\Desktop\\project_skincare_uniba\\public\\index.php')
ERROR - 2024-05-29 04:59:32 --> Error connecting to the database: mysqli_sql_exception: No connection could be made because the target machine actively refused it in C:\Users\Admin\Desktop\project_skincare_uniba\vendor\codeigniter4\framework\system\Database\MySQLi\Connection.php:186
Stack trace:
#0 C:\Users\Admin\Desktop\project_skincare_uniba\vendor\codeigniter4\framework\system\Database\MySQLi\Connection.php(186): mysqli->real_connect('localhost', 'root', Object(SensitiveParameterValue), 'db_msglow', 3306, '', 0)
#1 C:\Users\Admin\Desktop\project_skincare_uniba\vendor\codeigniter4\framework\system\Database\BaseConnection.php(421): CodeIgniter\Database\MySQLi\Connection->connect(false)
#2 C:\Users\Admin\Desktop\project_skincare_uniba\vendor\codeigniter4\framework\system\Database\BaseConnection.php(604): CodeIgniter\Database\BaseConnection->initialize()
#3 C:\Users\Admin\Desktop\project_skincare_uniba\app\Models\ModelBuilder.php(98): CodeIgniter\Database\BaseConnection->query('SELECT * FROM (...')
#4 C:\Users\Admin\Desktop\project_skincare_uniba\app\Controllers\Pages.php(21): App\Models\ModelBuilder->fullJoin()
#5 C:\Users\Admin\Desktop\project_skincare_uniba\vendor\codeigniter4\framework\system\CodeIgniter.php(933): App\Controllers\Pages->index()
#6 C:\Users\Admin\Desktop\project_skincare_uniba\vendor\codeigniter4\framework\system\CodeIgniter.php(509): CodeIgniter\CodeIgniter->runController(Object(App\Controllers\Pages))
#7 C:\Users\Admin\Desktop\project_skincare_uniba\vendor\codeigniter4\framework\system\CodeIgniter.php(355): CodeIgniter\CodeIgniter->handleRequest(NULL, Object(Config\Cache), false)
#8 C:\Users\Admin\Desktop\project_skincare_uniba\vendor\codeigniter4\framework\system\Boot.php(312): CodeIgniter\CodeIgniter->run()
#9 C:\Users\Admin\Desktop\project_skincare_uniba\vendor\codeigniter4\framework\system\Boot.php(67): CodeIgniter\Boot::runCodeIgniter(Object(CodeIgniter\CodeIgniter))
#10 C:\Users\Admin\Desktop\project_skincare_uniba\public\index.php(56): CodeIgniter\Boot::bootWeb(Object(Config\Paths))
#11 C:\Users\Admin\Desktop\project_skincare_uniba\vendor\codeigniter4\framework\system\Commands\Server\rewrite.php(49): require_once('C:\\Users\\Admin\\...')
#12 {main}

Next CodeIgniter\Database\Exceptions\DatabaseException: No connection could be made because the target machine actively refused it in C:\Users\Admin\Desktop\project_skincare_uniba\vendor\codeigniter4\framework\system\Database\MySQLi\Connection.php:231
Stack trace:
#0 C:\Users\Admin\Desktop\project_skincare_uniba\vendor\codeigniter4\framework\system\Database\BaseConnection.php(421): CodeIgniter\Database\MySQLi\Connection->connect(false)
#1 C:\Users\Admin\Desktop\project_skincare_uniba\vendor\codeigniter4\framework\system\Database\BaseConnection.php(604): CodeIgniter\Database\BaseConnection->initialize()
#2 C:\Users\Admin\Desktop\project_skincare_uniba\app\Models\ModelBuilder.php(98): CodeIgniter\Database\BaseConnection->query('SELECT * FROM (...')
#3 C:\Users\Admin\Desktop\project_skincare_uniba\app\Controllers\Pages.php(21): App\Models\ModelBuilder->fullJoin()
#4 C:\Users\Admin\Desktop\project_skincare_uniba\vendor\codeigniter4\framework\system\CodeIgniter.php(933): App\Controllers\Pages->index()
#5 C:\Users\Admin\Desktop\project_skincare_uniba\vendor\codeigniter4\framework\system\CodeIgniter.php(509): CodeIgniter\CodeIgniter->runController(Object(App\Controllers\Pages))
#6 C:\Users\Admin\Desktop\project_skincare_uniba\vendor\codeigniter4\framework\system\CodeIgniter.php(355): CodeIgniter\CodeIgniter->handleRequest(NULL, Object(Config\Cache), false)
#7 C:\Users\Admin\Desktop\project_skincare_uniba\vendor\codeigniter4\framework\system\Boot.php(312): CodeIgniter\CodeIgniter->run()
#8 C:\Users\Admin\Desktop\project_skincare_uniba\vendor\codeigniter4\framework\system\Boot.php(67): CodeIgniter\Boot::runCodeIgniter(Object(CodeIgniter\CodeIgniter))
#9 C:\Users\Admin\Desktop\project_skincare_uniba\public\index.php(56): CodeIgniter\Boot::bootWeb(Object(Config\Paths))
#10 C:\Users\Admin\Desktop\project_skincare_uniba\vendor\codeigniter4\framework\system\Commands\Server\rewrite.php(49): require_once('C:\\Users\\Admin\\...')
#11 {main}
CRITICAL - 2024-05-29 04:59:32 --> CodeIgniter\Database\Exceptions\DatabaseException: Unable to connect to the database.
Main connection [MySQLi]: No connection could be made because the target machine actively refused it
[Method: GET, Route: /]
in SYSTEMPATH\Database\BaseConnection.php on line 457.
 1 SYSTEMPATH\Database\BaseConnection.php(604): CodeIgniter\Database\BaseConnection->initialize()
 2 APPPATH\Models\ModelBuilder.php(98): CodeIgniter\Database\BaseConnection->query('SELECT * FROM (SELECT `products`.`product_name`, `product_categories`.`category_name`, `products`.`category_id`, `product_details`.*
FROM `products`
LEFT JOIN `product_details` ON `products`.`id` = `product_details`.`id_product`
LEFT JOIN `product_categories` ON `products`.`category_id` = `product_categories`.`id` UNION SELECT `products`.`product_name`, `product_categories`.`category_name`, `products`.`category_id`, `product_details`.*
FROM `products`
RIGHT JOIN `product_details` ON `products`.`id` = `product_details`.`id_product`
RIGHT JOIN `product_categories` ON `products`.`category_id` = `product_categories`.`id`) as combined ')
 3 APPPATH\Controllers\Pages.php(21): App\Models\ModelBuilder->fullJoin()
 4 SYSTEMPATH\CodeIgniter.php(933): App\Controllers\Pages->index()
 5 SYSTEMPATH\CodeIgniter.php(509): CodeIgniter\CodeIgniter->runController(Object(App\Controllers\Pages))
 6 SYSTEMPATH\CodeIgniter.php(355): CodeIgniter\CodeIgniter->handleRequest(null, Object(Config\Cache), false)
 7 SYSTEMPATH\Boot.php(312): CodeIgniter\CodeIgniter->run()
 8 SYSTEMPATH\Boot.php(67): CodeIgniter\Boot::runCodeIgniter(Object(CodeIgniter\CodeIgniter))
 9 FCPATH\index.php(56): CodeIgniter\Boot::bootWeb(Object(Config\Paths))
10 SYSTEMPATH\Commands\Server\rewrite.php(49): require_once('C:\\Users\\Admin\\Desktop\\project_skincare_uniba\\public\\index.php')
ERROR - 2024-05-29 05:00:07 --> Error connecting to the database: mysqli_sql_exception: No connection could be made because the target machine actively refused it in C:\Users\Admin\Desktop\project_skincare_uniba\vendor\codeigniter4\framework\system\Database\MySQLi\Connection.php:186
Stack trace:
#0 C:\Users\Admin\Desktop\project_skincare_uniba\vendor\codeigniter4\framework\system\Database\MySQLi\Connection.php(186): mysqli->real_connect('localhost', 'root', Object(SensitiveParameterValue), 'db_msglow', 3306, '', 0)
#1 C:\Users\Admin\Desktop\project_skincare_uniba\vendor\codeigniter4\framework\system\Database\BaseConnection.php(421): CodeIgniter\Database\MySQLi\Connection->connect(false)
#2 C:\Users\Admin\Desktop\project_skincare_uniba\vendor\codeigniter4\framework\system\Database\BaseConnection.php(604): CodeIgniter\Database\BaseConnection->initialize()
#3 C:\Users\Admin\Desktop\project_skincare_uniba\vendor\codeigniter4\framework\system\Database\BaseConnection.php(1471): CodeIgniter\Database\BaseConnection->query('SHOW TABLES FRO...')
#4 C:\Users\Admin\Desktop\project_skincare_uniba\vendor\codeigniter4\framework\system\Database\BaseConnection.php(1490): CodeIgniter\Database\BaseConnection->listTables()
#5 C:\Users\Admin\Desktop\project_skincare_uniba\vendor\codeigniter4\framework\system\Database\MigrationRunner.php(759): CodeIgniter\Database\BaseConnection->tableExists('migrations')
#6 C:\Users\Admin\Desktop\project_skincare_uniba\vendor\codeigniter4\framework\system\Database\MigrationRunner.php(163): CodeIgniter\Database\MigrationRunner->ensureTable()
#7 C:\Users\Admin\Desktop\project_skincare_uniba\vendor\codeigniter4\framework\system\Commands\Database\Migrate.php(85): CodeIgniter\Database\MigrationRunner->latest(NULL)
#8 C:\Users\Admin\Desktop\project_skincare_uniba\vendor\codeigniter4\framework\system\CLI\Commands.php(70): CodeIgniter\Commands\Database\Migrate->run(Array)
#9 C:\Users\Admin\Desktop\project_skincare_uniba\vendor\codeigniter4\framework\system\CLI\Console.php(48): CodeIgniter\CLI\Commands->run('migrate', Array)
#10 C:\Users\Admin\Desktop\project_skincare_uniba\vendor\codeigniter4\framework\system\Boot.php(338): CodeIgniter\CLI\Console->run()
#11 C:\Users\Admin\Desktop\project_skincare_uniba\vendor\codeigniter4\framework\system\Boot.php(104): CodeIgniter\Boot::runCommand(Object(CodeIgniter\CLI\Console))
#12 C:\Users\Admin\Desktop\project_skincare_uniba\spark(84): CodeIgniter\Boot::bootSpark(Object(Config\Paths))
#13 {main}

Next CodeIgniter\Database\Exceptions\DatabaseException: No connection could be made because the target machine actively refused it in C:\Users\Admin\Desktop\project_skincare_uniba\vendor\codeigniter4\framework\system\Database\MySQLi\Connection.php:231
Stack trace:
#0 C:\Users\Admin\Desktop\project_skincare_uniba\vendor\codeigniter4\framework\system\Database\BaseConnection.php(421): CodeIgniter\Database\MySQLi\Connection->connect(false)
#1 C:\Users\Admin\Desktop\project_skincare_uniba\vendor\codeigniter4\framework\system\Database\BaseConnection.php(604): CodeIgniter\Database\BaseConnection->initialize()
#2 C:\Users\Admin\Desktop\project_skincare_uniba\vendor\codeigniter4\framework\system\Database\BaseConnection.php(1471): CodeIgniter\Database\BaseConnection->query('SHOW TABLES FRO...')
#3 C:\Users\Admin\Desktop\project_skincare_uniba\vendor\codeigniter4\framework\system\Database\BaseConnection.php(1490): CodeIgniter\Database\BaseConnection->listTables()
#4 C:\Users\Admin\Desktop\project_skincare_uniba\vendor\codeigniter4\framework\system\Database\MigrationRunner.php(759): CodeIgniter\Database\BaseConnection->tableExists('migrations')
#5 C:\Users\Admin\Desktop\project_skincare_uniba\vendor\codeigniter4\framework\system\Database\MigrationRunner.php(163): CodeIgniter\Database\MigrationRunner->ensureTable()
#6 C:\Users\Admin\Desktop\project_skincare_uniba\vendor\codeigniter4\framework\system\Commands\Database\Migrate.php(85): CodeIgniter\Database\MigrationRunner->latest(NULL)
#7 C:\Users\Admin\Desktop\project_skincare_uniba\vendor\codeigniter4\framework\system\CLI\Commands.php(70): CodeIgniter\Commands\Database\Migrate->run(Array)
#8 C:\Users\Admin\Desktop\project_skincare_uniba\vendor\codeigniter4\framework\system\CLI\Console.php(48): CodeIgniter\CLI\Commands->run('migrate', Array)
#9 C:\Users\Admin\Desktop\project_skincare_uniba\vendor\codeigniter4\framework\system\Boot.php(338): CodeIgniter\CLI\Console->run()
#10 C:\Users\Admin\Desktop\project_skincare_uniba\vendor\codeigniter4\framework\system\Boot.php(104): CodeIgniter\Boot::runCommand(Object(CodeIgniter\CLI\Console))
#11 C:\Users\Admin\Desktop\project_skincare_uniba\spark(84): CodeIgniter\Boot::bootSpark(Object(Config\Paths))
#12 {main}
ERROR - 2024-05-29 05:00:19 --> Error connecting to the database: mysqli_sql_exception: No connection could be made because the target machine actively refused it in C:\Users\Admin\Desktop\project_skincare_uniba\vendor\codeigniter4\framework\system\Database\MySQLi\Connection.php:186
Stack trace:
#0 C:\Users\Admin\Desktop\project_skincare_uniba\vendor\codeigniter4\framework\system\Database\MySQLi\Connection.php(186): mysqli->real_connect('localhost', 'root', Object(SensitiveParameterValue), 'db_msglow', 3306, '', 0)
#1 C:\Users\Admin\Desktop\project_skincare_uniba\vendor\codeigniter4\framework\system\Database\BaseConnection.php(421): CodeIgniter\Database\MySQLi\Connection->connect(false)
#2 C:\Users\Admin\Desktop\project_skincare_uniba\vendor\codeigniter4\framework\system\Database\BaseConnection.php(604): CodeIgniter\Database\BaseConnection->initialize()
#3 C:\Users\Admin\Desktop\project_skincare_uniba\vendor\codeigniter4\framework\system\Database\BaseConnection.php(1471): CodeIgniter\Database\BaseConnection->query('SHOW TABLES FRO...')
#4 C:\Users\Admin\Desktop\project_skincare_uniba\vendor\codeigniter4\framework\system\Database\BaseConnection.php(1490): CodeIgniter\Database\BaseConnection->listTables()
#5 C:\Users\Admin\Desktop\project_skincare_uniba\vendor\codeigniter4\framework\system\Database\MigrationRunner.php(759): CodeIgniter\Database\BaseConnection->tableExists('migrations')
#6 C:\Users\Admin\Desktop\project_skincare_uniba\vendor\codeigniter4\framework\system\Database\MigrationRunner.php(163): CodeIgniter\Database\MigrationRunner->ensureTable()
#7 C:\Users\Admin\Desktop\project_skincare_uniba\vendor\codeigniter4\framework\system\Commands\Database\Migrate.php(85): CodeIgniter\Database\MigrationRunner->latest(NULL)
#8 C:\Users\Admin\Desktop\project_skincare_uniba\vendor\codeigniter4\framework\system\CLI\Commands.php(70): CodeIgniter\Commands\Database\Migrate->run(Array)
#9 C:\Users\Admin\Desktop\project_skincare_uniba\vendor\codeigniter4\framework\system\CLI\Console.php(48): CodeIgniter\CLI\Commands->run('migrate', Array)
#10 C:\Users\Admin\Desktop\project_skincare_uniba\vendor\codeigniter4\framework\system\Boot.php(338): CodeIgniter\CLI\Console->run()
#11 C:\Users\Admin\Desktop\project_skincare_uniba\vendor\codeigniter4\framework\system\Boot.php(104): CodeIgniter\Boot::runCommand(Object(CodeIgniter\CLI\Console))
#12 C:\Users\Admin\Desktop\project_skincare_uniba\spark(84): CodeIgniter\Boot::bootSpark(Object(Config\Paths))
#13 {main}

Next CodeIgniter\Database\Exceptions\DatabaseException: No connection could be made because the target machine actively refused it in C:\Users\Admin\Desktop\project_skincare_uniba\vendor\codeigniter4\framework\system\Database\MySQLi\Connection.php:231
Stack trace:
#0 C:\Users\Admin\Desktop\project_skincare_uniba\vendor\codeigniter4\framework\system\Database\BaseConnection.php(421): CodeIgniter\Database\MySQLi\Connection->connect(false)
#1 C:\Users\Admin\Desktop\project_skincare_uniba\vendor\codeigniter4\framework\system\Database\BaseConnection.php(604): CodeIgniter\Database\BaseConnection->initialize()
#2 C:\Users\Admin\Desktop\project_skincare_uniba\vendor\codeigniter4\framework\system\Database\BaseConnection.php(1471): CodeIgniter\Database\BaseConnection->query('SHOW TABLES FRO...')
#3 C:\Users\Admin\Desktop\project_skincare_uniba\vendor\codeigniter4\framework\system\Database\BaseConnection.php(1490): CodeIgniter\Database\BaseConnection->listTables()
#4 C:\Users\Admin\Desktop\project_skincare_uniba\vendor\codeigniter4\framework\system\Database\MigrationRunner.php(759): CodeIgniter\Database\BaseConnection->tableExists('migrations')
#5 C:\Users\Admin\Desktop\project_skincare_uniba\vendor\codeigniter4\framework\system\Database\MigrationRunner.php(163): CodeIgniter\Database\MigrationRunner->ensureTable()
#6 C:\Users\Admin\Desktop\project_skincare_uniba\vendor\codeigniter4\framework\system\Commands\Database\Migrate.php(85): CodeIgniter\Database\MigrationRunner->latest(NULL)
#7 C:\Users\Admin\Desktop\project_skincare_uniba\vendor\codeigniter4\framework\system\CLI\Commands.php(70): CodeIgniter\Commands\Database\Migrate->run(Array)
#8 C:\Users\Admin\Desktop\project_skincare_uniba\vendor\codeigniter4\framework\system\CLI\Console.php(48): CodeIgniter\CLI\Commands->run('migrate', Array)
#9 C:\Users\Admin\Desktop\project_skincare_uniba\vendor\codeigniter4\framework\system\Boot.php(338): CodeIgniter\CLI\Console->run()
#10 C:\Users\Admin\Desktop\project_skincare_uniba\vendor\codeigniter4\framework\system\Boot.php(104): CodeIgniter\Boot::runCommand(Object(CodeIgniter\CLI\Console))
#11 C:\Users\Admin\Desktop\project_skincare_uniba\spark(84): CodeIgniter\Boot::bootSpark(Object(Config\Paths))
#12 {main}
ERROR - 2024-05-29 05:00:30 --> Error connecting to the database: mysqli_sql_exception: No connection could be made because the target machine actively refused it in C:\Users\Admin\Desktop\project_skincare_uniba\vendor\codeigniter4\framework\system\Database\MySQLi\Connection.php:186
Stack trace:
#0 C:\Users\Admin\Desktop\project_skincare_uniba\vendor\codeigniter4\framework\system\Database\MySQLi\Connection.php(186): mysqli->real_connect('localhost', 'root', Object(SensitiveParameterValue), 'db_msglow', 3306, '', 0)
#1 C:\Users\Admin\Desktop\project_skincare_uniba\vendor\codeigniter4\framework\system\Database\BaseConnection.php(421): CodeIgniter\Database\MySQLi\Connection->connect(false)
#2 C:\Users\Admin\Desktop\project_skincare_uniba\vendor\codeigniter4\framework\system\Database\BaseConnection.php(604): CodeIgniter\Database\BaseConnection->initialize()
#3 C:\Users\Admin\Desktop\project_skincare_uniba\app\Models\ModelBuilder.php(98): CodeIgniter\Database\BaseConnection->query('SELECT * FROM (...')
#4 C:\Users\Admin\Desktop\project_skincare_uniba\app\Controllers\Pages.php(21): App\Models\ModelBuilder->fullJoin()
#5 C:\Users\Admin\Desktop\project_skincare_uniba\vendor\codeigniter4\framework\system\CodeIgniter.php(933): App\Controllers\Pages->index()
#6 C:\Users\Admin\Desktop\project_skincare_uniba\vendor\codeigniter4\framework\system\CodeIgniter.php(509): CodeIgniter\CodeIgniter->runController(Object(App\Controllers\Pages))
#7 C:\Users\Admin\Desktop\project_skincare_uniba\vendor\codeigniter4\framework\system\CodeIgniter.php(355): CodeIgniter\CodeIgniter->handleRequest(NULL, Object(Config\Cache), false)
#8 C:\Users\Admin\Desktop\project_skincare_uniba\vendor\codeigniter4\framework\system\Boot.php(312): CodeIgniter\CodeIgniter->run()
#9 C:\Users\Admin\Desktop\project_skincare_uniba\vendor\codeigniter4\framework\system\Boot.php(67): CodeIgniter\Boot::runCodeIgniter(Object(CodeIgniter\CodeIgniter))
#10 C:\Users\Admin\Desktop\project_skincare_uniba\public\index.php(56): CodeIgniter\Boot::bootWeb(Object(Config\Paths))
#11 C:\Users\Admin\Desktop\project_skincare_uniba\vendor\codeigniter4\framework\system\Commands\Server\rewrite.php(49): require_once('C:\\Users\\Admin\\...')
#12 {main}

Next CodeIgniter\Database\Exceptions\DatabaseException: No connection could be made because the target machine actively refused it in C:\Users\Admin\Desktop\project_skincare_uniba\vendor\codeigniter4\framework\system\Database\MySQLi\Connection.php:231
Stack trace:
#0 C:\Users\Admin\Desktop\project_skincare_uniba\vendor\codeigniter4\framework\system\Database\BaseConnection.php(421): CodeIgniter\Database\MySQLi\Connection->connect(false)
#1 C:\Users\Admin\Desktop\project_skincare_uniba\vendor\codeigniter4\framework\system\Database\BaseConnection.php(604): CodeIgniter\Database\BaseConnection->initialize()
#2 C:\Users\Admin\Desktop\project_skincare_uniba\app\Models\ModelBuilder.php(98): CodeIgniter\Database\BaseConnection->query('SELECT * FROM (...')
#3 C:\Users\Admin\Desktop\project_skincare_uniba\app\Controllers\Pages.php(21): App\Models\ModelBuilder->fullJoin()
#4 C:\Users\Admin\Desktop\project_skincare_uniba\vendor\codeigniter4\framework\system\CodeIgniter.php(933): App\Controllers\Pages->index()
#5 C:\Users\Admin\Desktop\project_skincare_uniba\vendor\codeigniter4\framework\system\CodeIgniter.php(509): CodeIgniter\CodeIgniter->runController(Object(App\Controllers\Pages))
#6 C:\Users\Admin\Desktop\project_skincare_uniba\vendor\codeigniter4\framework\system\CodeIgniter.php(355): CodeIgniter\CodeIgniter->handleRequest(NULL, Object(Config\Cache), false)
#7 C:\Users\Admin\Desktop\project_skincare_uniba\vendor\codeigniter4\framework\system\Boot.php(312): CodeIgniter\CodeIgniter->run()
#8 C:\Users\Admin\Desktop\project_skincare_uniba\vendor\codeigniter4\framework\system\Boot.php(67): CodeIgniter\Boot::runCodeIgniter(Object(CodeIgniter\CodeIgniter))
#9 C:\Users\Admin\Desktop\project_skincare_uniba\public\index.php(56): CodeIgniter\Boot::bootWeb(Object(Config\Paths))
#10 C:\Users\Admin\Desktop\project_skincare_uniba\vendor\codeigniter4\framework\system\Commands\Server\rewrite.php(49): require_once('C:\\Users\\Admin\\...')
#11 {main}
CRITICAL - 2024-05-29 05:00:30 --> CodeIgniter\Database\Exceptions\DatabaseException: Unable to connect to the database.
Main connection [MySQLi]: No connection could be made because the target machine actively refused it
[Method: GET, Route: /]
in SYSTEMPATH\Database\BaseConnection.php on line 457.
 1 SYSTEMPATH\Database\BaseConnection.php(604): CodeIgniter\Database\BaseConnection->initialize()
 2 APPPATH\Models\ModelBuilder.php(98): CodeIgniter\Database\BaseConnection->query('SELECT * FROM (SELECT `products`.`product_name`, `product_categories`.`category_name`, `products`.`category_id`, `product_details`.*
FROM `products`
LEFT JOIN `product_details` ON `products`.`id` = `product_details`.`id_product`
LEFT JOIN `product_categories` ON `products`.`category_id` = `product_categories`.`id` UNION SELECT `products`.`product_name`, `product_categories`.`category_name`, `products`.`category_id`, `product_details`.*
FROM `products`
RIGHT JOIN `product_details` ON `products`.`id` = `product_details`.`id_product`
RIGHT JOIN `product_categories` ON `products`.`category_id` = `product_categories`.`id`) as combined ')
 3 APPPATH\Controllers\Pages.php(21): App\Models\ModelBuilder->fullJoin()
 4 SYSTEMPATH\CodeIgniter.php(933): App\Controllers\Pages->index()
 5 SYSTEMPATH\CodeIgniter.php(509): CodeIgniter\CodeIgniter->runController(Object(App\Controllers\Pages))
 6 SYSTEMPATH\CodeIgniter.php(355): CodeIgniter\CodeIgniter->handleRequest(null, Object(Config\Cache), false)
 7 SYSTEMPATH\Boot.php(312): CodeIgniter\CodeIgniter->run()
 8 SYSTEMPATH\Boot.php(67): CodeIgniter\Boot::runCodeIgniter(Object(CodeIgniter\CodeIgniter))
 9 FCPATH\index.php(56): CodeIgniter\Boot::bootWeb(Object(Config\Paths))
10 SYSTEMPATH\Commands\Server\rewrite.php(49): require_once('C:\\Users\\Admin\\Desktop\\project_skincare_uniba\\public\\index.php')
WARNING - 2024-05-29 05:05:51 --> [DEPRECATED] number_format(): Passing null to parameter #1 ($num) of type float is deprecated in APPPATH\Views\pages\Home.php on line 161.
 1 APPPATH\Views\pages\Home.php(161): number_format(null, 0, ',', '.')
 2 SYSTEMPATH\View\View.php(234): include('C:\\Users\\Admin\\Desktop\\project_skincare_uniba\\app\\Views\\pages\\Home.php')
 3 SYSTEMPATH\View\View.php(237): CodeIgniter\View\View->CodeIgniter\View\{closure}()
 4 SYSTEMPATH\Common.php(1171): CodeIgniter\View\View->render('pages/Home', [], true)
 5 APPPATH\Controllers\Pages.php(24): view('pages/Home', [...])
 6 SYSTEMPATH\CodeIgniter.php(933): App\Controllers\Pages->index()
 7 SYSTEMPATH\CodeIgniter.php(509): CodeIgniter\CodeIgniter->runController(Object(App\Controllers\Pages))
 8 SYSTEMPATH\CodeIgniter.php(355): CodeIgniter\CodeIgniter->handleRequest(null, Object(Config\Cache), false)
 9 SYSTEMPATH\Boot.php(312): CodeIgniter\CodeIgniter->run()
10 SYSTEMPATH\Boot.php(67): CodeIgniter\Boot::runCodeIgniter(Object(CodeIgniter\CodeIgniter))
11 FCPATH\index.php(56): CodeIgniter\Boot::bootWeb(Object(Config\Paths))
12 SYSTEMPATH\Commands\Server\rewrite.php(49): require_once('C:\\Users\\Admin\\Desktop\\project_skincare_uniba\\public\\index.php')
WARNING - 2024-05-29 05:05:51 --> [DEPRECATED] number_format(): Passing null to parameter #1 ($num) of type float is deprecated in APPPATH\Views\pages\Home.php on line 161.
 1 APPPATH\Views\pages\Home.php(161): number_format(null, 0, ',', '.')
 2 SYSTEMPATH\View\View.php(234): include('C:\\Users\\Admin\\Desktop\\project_skincare_uniba\\app\\Views\\pages\\Home.php')
 3 SYSTEMPATH\View\View.php(237): CodeIgniter\View\View->CodeIgniter\View\{closure}()
 4 SYSTEMPATH\Common.php(1171): CodeIgniter\View\View->render('pages/Home', [], true)
 5 APPPATH\Controllers\Pages.php(24): view('pages/Home', [...])
 6 SYSTEMPATH\CodeIgniter.php(933): App\Controllers\Pages->index()
 7 SYSTEMPATH\CodeIgniter.php(509): CodeIgniter\CodeIgniter->runController(Object(App\Controllers\Pages))
 8 SYSTEMPATH\CodeIgniter.php(355): CodeIgniter\CodeIgniter->handleRequest(null, Object(Config\Cache), false)
 9 SYSTEMPATH\Boot.php(312): CodeIgniter\CodeIgniter->run()
10 SYSTEMPATH\Boot.php(67): CodeIgniter\Boot::runCodeIgniter(Object(CodeIgniter\CodeIgniter))
11 FCPATH\index.php(56): CodeIgniter\Boot::bootWeb(Object(Config\Paths))
12 SYSTEMPATH\Commands\Server\rewrite.php(49): require_once('C:\\Users\\Admin\\Desktop\\project_skincare_uniba\\public\\index.php')
INFO - 2024-05-29 05:06:20 --> Session: Class initialized using 'CodeIgniter\Session\Handlers\FileHandler' driver.
CRITICAL - 2024-05-29 05:06:20 --> ErrorException: Undefined variable $produk
[Method: GET, Route: dashboard/produk]
in APPPATH\Views\produk\index.php on line 45.
 1 APPPATH\Views\produk\index.php(45): CodeIgniter\Debug\Exceptions->errorHandler(2, 'Undefined variable $produk', 'C:\\Users\\Admin\\Desktop\\project_skincare_uniba\\app\\Views\\produk\\index.php', 45)
 2 SYSTEMPATH\View\View.php(234): include('C:\\Users\\Admin\\Desktop\\project_skincare_uniba\\app\\Views\\produk\\index.php')
 3 SYSTEMPATH\View\View.php(237): CodeIgniter\View\View->CodeIgniter\View\{closure}()
 4 SYSTEMPATH\Common.php(1171): CodeIgniter\View\View->render('produk/index', [], true)
 5 APPPATH\Controllers\Dashboard.php(22): view('produk/index', [...])
 6 SYSTEMPATH\CodeIgniter.php(933): App\Controllers\Dashboard->produk()
 7 SYSTEMPATH\CodeIgniter.php(509): CodeIgniter\CodeIgniter->runController(Object(App\Controllers\Dashboard))
 8 SYSTEMPATH\CodeIgniter.php(355): CodeIgniter\CodeIgniter->handleRequest(null, Object(Config\Cache), false)
 9 SYSTEMPATH\Boot.php(312): CodeIgniter\CodeIgniter->run()
10 SYSTEMPATH\Boot.php(67): CodeIgniter\Boot::runCodeIgniter(Object(CodeIgniter\CodeIgniter))
11 FCPATH\index.php(56): CodeIgniter\Boot::bootWeb(Object(Config\Paths))
12 SYSTEMPATH\Commands\Server\rewrite.php(49): require_once('C:\\Users\\Admin\\Desktop\\project_skincare_uniba\\public\\index.php')
INFO - 2024-05-29 05:06:23 --> Session: Class initialized using 'CodeIgniter\Session\Handlers\FileHandler' driver.
CRITICAL - 2024-05-29 05:06:23 --> ErrorException: Undefined variable $produk
[Method: GET, Route: dashboard/produk]
in APPPATH\Views\produk\index.php on line 45.
 1 APPPATH\Views\produk\index.php(45): CodeIgniter\Debug\Exceptions->errorHandler(2, 'Undefined variable $produk', 'C:\\Users\\Admin\\Desktop\\project_skincare_uniba\\app\\Views\\produk\\index.php', 45)
 2 SYSTEMPATH\View\View.php(234): include('C:\\Users\\Admin\\Desktop\\project_skincare_uniba\\app\\Views\\produk\\index.php')
 3 SYSTEMPATH\View\View.php(237): CodeIgniter\View\View->CodeIgniter\View\{closure}()
 4 SYSTEMPATH\Common.php(1171): CodeIgniter\View\View->render('produk/index', [], true)
 5 APPPATH\Controllers\Dashboard.php(22): view('produk/index', [...])
 6 SYSTEMPATH\CodeIgniter.php(933): App\Controllers\Dashboard->produk()
 7 SYSTEMPATH\CodeIgniter.php(509): CodeIgniter\CodeIgniter->runController(Object(App\Controllers\Dashboard))
 8 SYSTEMPATH\CodeIgniter.php(355): CodeIgniter\CodeIgniter->handleRequest(null, Object(Config\Cache), false)
 9 SYSTEMPATH\Boot.php(312): CodeIgniter\CodeIgniter->run()
10 SYSTEMPATH\Boot.php(67): CodeIgniter\Boot::runCodeIgniter(Object(CodeIgniter\CodeIgniter))
11 FCPATH\index.php(56): CodeIgniter\Boot::bootWeb(Object(Config\Paths))
12 SYSTEMPATH\Commands\Server\rewrite.php(49): require_once('C:\\Users\\Admin\\Desktop\\project_skincare_uniba\\public\\index.php')
INFO - 2024-05-29 05:06:32 --> Session: Class initialized using 'CodeIgniter\Session\Handlers\FileHandler' driver.
CRITICAL - 2024-05-29 05:06:32 --> ErrorException: Undefined variable $produk
[Method: GET, Route: dashboard/produk]
in APPPATH\Views\produk\index.php on line 45.
 1 APPPATH\Views\produk\index.php(45): CodeIgniter\Debug\Exceptions->errorHandler(2, 'Undefined variable $produk', 'C:\\Users\\Admin\\Desktop\\project_skincare_uniba\\app\\Views\\produk\\index.php', 45)
 2 SYSTEMPATH\View\View.php(234): include('C:\\Users\\Admin\\Desktop\\project_skincare_uniba\\app\\Views\\produk\\index.php')
 3 SYSTEMPATH\View\View.php(237): CodeIgniter\View\View->CodeIgniter\View\{closure}()
 4 SYSTEMPATH\Common.php(1171): CodeIgniter\View\View->render('produk/index', [], true)
 5 APPPATH\Controllers\Dashboard.php(22): view('produk/index', [...])
 6 SYSTEMPATH\CodeIgniter.php(933): App\Controllers\Dashboard->produk()
 7 SYSTEMPATH\CodeIgniter.php(509): CodeIgniter\CodeIgniter->runController(Object(App\Controllers\Dashboard))
 8 SYSTEMPATH\CodeIgniter.php(355): CodeIgniter\CodeIgniter->handleRequest(null, Object(Config\Cache), false)
 9 SYSTEMPATH\Boot.php(312): CodeIgniter\CodeIgniter->run()
10 SYSTEMPATH\Boot.php(67): CodeIgniter\Boot::runCodeIgniter(Object(CodeIgniter\CodeIgniter))
11 FCPATH\index.php(56): CodeIgniter\Boot::bootWeb(Object(Config\Paths))
12 SYSTEMPATH\Commands\Server\rewrite.php(49): require_once('C:\\Users\\Admin\\Desktop\\project_skincare_uniba\\public\\index.php')
WARNING - 2024-05-29 05:06:42 --> [DEPRECATED] number_format(): Passing null to parameter #1 ($num) of type float is deprecated in APPPATH\Views\pages\Home.php on line 161.
 1 APPPATH\Views\pages\Home.php(161): number_format(null, 0, ',', '.')
 2 SYSTEMPATH\View\View.php(234): include('C:\\Users\\Admin\\Desktop\\project_skincare_uniba\\app\\Views\\pages\\Home.php')
 3 SYSTEMPATH\View\View.php(237): CodeIgniter\View\View->CodeIgniter\View\{closure}()
 4 SYSTEMPATH\Common.php(1171): CodeIgniter\View\View->render('pages/Home', [], true)
 5 APPPATH\Controllers\Pages.php(24): view('pages/Home', [...])
 6 SYSTEMPATH\CodeIgniter.php(933): App\Controllers\Pages->index()
 7 SYSTEMPATH\CodeIgniter.php(509): CodeIgniter\CodeIgniter->runController(Object(App\Controllers\Pages))
 8 SYSTEMPATH\CodeIgniter.php(355): CodeIgniter\CodeIgniter->handleRequest(null, Object(Config\Cache), false)
 9 SYSTEMPATH\Boot.php(312): CodeIgniter\CodeIgniter->run()
10 SYSTEMPATH\Boot.php(67): CodeIgniter\Boot::runCodeIgniter(Object(CodeIgniter\CodeIgniter))
11 FCPATH\index.php(56): CodeIgniter\Boot::bootWeb(Object(Config\Paths))
12 SYSTEMPATH\Commands\Server\rewrite.php(49): require_once('C:\\Users\\Admin\\Desktop\\project_skincare_uniba\\public\\index.php')
WARNING - 2024-05-29 05:06:42 --> [DEPRECATED] number_format(): Passing null to parameter #1 ($num) of type float is deprecated in APPPATH\Views\pages\Home.php on line 161.
 1 APPPATH\Views\pages\Home.php(161): number_format(null, 0, ',', '.')
 2 SYSTEMPATH\View\View.php(234): include('C:\\Users\\Admin\\Desktop\\project_skincare_uniba\\app\\Views\\pages\\Home.php')
 3 SYSTEMPATH\View\View.php(237): CodeIgniter\View\View->CodeIgniter\View\{closure}()
 4 SYSTEMPATH\Common.php(1171): CodeIgniter\View\View->render('pages/Home', [], true)
 5 APPPATH\Controllers\Pages.php(24): view('pages/Home', [...])
 6 SYSTEMPATH\CodeIgniter.php(933): App\Controllers\Pages->index()
 7 SYSTEMPATH\CodeIgniter.php(509): CodeIgniter\CodeIgniter->runController(Object(App\Controllers\Pages))
 8 SYSTEMPATH\CodeIgniter.php(355): CodeIgniter\CodeIgniter->handleRequest(null, Object(Config\Cache), false)
 9 SYSTEMPATH\Boot.php(312): CodeIgniter\CodeIgniter->run()
10 SYSTEMPATH\Boot.php(67): CodeIgniter\Boot::runCodeIgniter(Object(CodeIgniter\CodeIgniter))
11 FCPATH\index.php(56): CodeIgniter\Boot::bootWeb(Object(Config\Paths))
12 SYSTEMPATH\Commands\Server\rewrite.php(49): require_once('C:\\Users\\Admin\\Desktop\\project_skincare_uniba\\public\\index.php')
INFO - 2024-05-29 05:06:45 --> Session: Class initialized using 'CodeIgniter\Session\Handlers\FileHandler' driver.
INFO - 2024-05-29 05:10:13 --> Session: Class initialized using 'CodeIgniter\Session\Handlers\FileHandler' driver.
CRITICAL - 2024-05-29 05:10:13 --> ErrorException: Undefined variable $title
[Method: GET, Route: login]
in APPPATH\Views\auth\tamplate.php on line 12.
 1 APPPATH\Views\auth\tamplate.php(12): CodeIgniter\Debug\Exceptions->errorHandler(2, 'Undefined variable $title', 'C:\\Users\\Admin\\Desktop\\project_skincare_uniba\\app\\Views\\auth\\tamplate.php', 12)
 2 SYSTEMPATH\View\View.php(234): include('C:\\Users\\Admin\\Desktop\\project_skincare_uniba\\app\\Views\\auth\\tamplate.php')
 3 SYSTEMPATH\View\View.php(237): CodeIgniter\View\View->CodeIgniter\View\{closure}()
 4 SYSTEMPATH\View\View.php(250): CodeIgniter\View\View->render('auth/tamplate', [], true)
 5 SYSTEMPATH\Common.php(1171): CodeIgniter\View\View->render('App\\Views\\Auth\\login', [], true)
 6 VENDORPATH\myth\auth\src\Controllers\AuthController.php(412): view('App\\Views\\Auth\\login', [...])
 7 VENDORPATH\myth\auth\src\Controllers\AuthController.php(58): Myth\Auth\Controllers\AuthController->_render('App\\Views\\Auth\\login', [...])
 8 SYSTEMPATH\CodeIgniter.php(933): Myth\Auth\Controllers\AuthController->login()
 9 SYSTEMPATH\CodeIgniter.php(509): CodeIgniter\CodeIgniter->runController(Object(Myth\Auth\Controllers\AuthController))
10 SYSTEMPATH\CodeIgniter.php(355): CodeIgniter\CodeIgniter->handleRequest(null, Object(Config\Cache), false)
11 SYSTEMPATH\Boot.php(312): CodeIgniter\CodeIgniter->run()
12 SYSTEMPATH\Boot.php(67): CodeIgniter\Boot::runCodeIgniter(Object(CodeIgniter\CodeIgniter))
13 FCPATH\index.php(56): CodeIgniter\Boot::bootWeb(Object(Config\Paths))
14 SYSTEMPATH\Commands\Server\rewrite.php(49): require_once('C:\\Users\\Admin\\Desktop\\project_skincare_uniba\\public\\index.php')
INFO - 2024-05-29 05:10:16 --> Session: Class initialized using 'CodeIgniter\Session\Handlers\FileHandler' driver.
CRITICAL - 2024-05-29 05:10:16 --> ErrorException: Undefined variable $title
[Method: GET, Route: login]
in APPPATH\Views\auth\tamplate.php on line 12.
 1 APPPATH\Views\auth\tamplate.php(12): CodeIgniter\Debug\Exceptions->errorHandler(2, 'Undefined variable $title', 'C:\\Users\\Admin\\Desktop\\project_skincare_uniba\\app\\Views\\auth\\tamplate.php', 12)
 2 SYSTEMPATH\View\View.php(234): include('C:\\Users\\Admin\\Desktop\\project_skincare_uniba\\app\\Views\\auth\\tamplate.php')
 3 SYSTEMPATH\View\View.php(237): CodeIgniter\View\View->CodeIgniter\View\{closure}()
 4 SYSTEMPATH\View\View.php(250): CodeIgniter\View\View->render('auth/tamplate', [], true)
 5 SYSTEMPATH\Common.php(1171): CodeIgniter\View\View->render('App\\Views\\Auth\\login', [], true)
 6 VENDORPATH\myth\auth\src\Controllers\AuthController.php(412): view('App\\Views\\Auth\\login', [...])
 7 VENDORPATH\myth\auth\src\Controllers\AuthController.php(58): Myth\Auth\Controllers\AuthController->_render('App\\Views\\Auth\\login', [...])
 8 SYSTEMPATH\CodeIgniter.php(933): Myth\Auth\Controllers\AuthController->login()
 9 SYSTEMPATH\CodeIgniter.php(509): CodeIgniter\CodeIgniter->runController(Object(Myth\Auth\Controllers\AuthController))
10 SYSTEMPATH\CodeIgniter.php(355): CodeIgniter\CodeIgniter->handleRequest(null, Object(Config\Cache), false)
11 SYSTEMPATH\Boot.php(312): CodeIgniter\CodeIgniter->run()
12 SYSTEMPATH\Boot.php(67): CodeIgniter\Boot::runCodeIgniter(Object(CodeIgniter\CodeIgniter))
13 FCPATH\index.php(56): CodeIgniter\Boot::bootWeb(Object(Config\Paths))
14 SYSTEMPATH\Commands\Server\rewrite.php(49): require_once('C:\\Users\\Admin\\Desktop\\project_skincare_uniba\\public\\index.php')
WARNING - 2024-05-29 05:10:18 --> [DEPRECATED] number_format(): Passing null to parameter #1 ($num) of type float is deprecated in APPPATH\Views\pages\Home.php on line 161.
 1 APPPATH\Views\pages\Home.php(161): number_format(null, 0, ',', '.')
 2 SYSTEMPATH\View\View.php(234): include('C:\\Users\\Admin\\Desktop\\project_skincare_uniba\\app\\Views\\pages\\Home.php')
 3 SYSTEMPATH\View\View.php(237): CodeIgniter\View\View->CodeIgniter\View\{closure}()
 4 SYSTEMPATH\Common.php(1171): CodeIgniter\View\View->render('pages/Home', [], true)
 5 APPPATH\Controllers\Pages.php(24): view('pages/Home', [...])
 6 SYSTEMPATH\CodeIgniter.php(933): App\Controllers\Pages->index()
 7 SYSTEMPATH\CodeIgniter.php(509): CodeIgniter\CodeIgniter->runController(Object(App\Controllers\Pages))
 8 SYSTEMPATH\CodeIgniter.php(355): CodeIgniter\CodeIgniter->handleRequest(null, Object(Config\Cache), false)
 9 SYSTEMPATH\Boot.php(312): CodeIgniter\CodeIgniter->run()
10 SYSTEMPATH\Boot.php(67): CodeIgniter\Boot::runCodeIgniter(Object(CodeIgniter\CodeIgniter))
11 FCPATH\index.php(56): CodeIgniter\Boot::bootWeb(Object(Config\Paths))
12 SYSTEMPATH\Commands\Server\rewrite.php(49): require_once('C:\\Users\\Admin\\Desktop\\project_skincare_uniba\\public\\index.php')
WARNING - 2024-05-29 05:10:18 --> [DEPRECATED] number_format(): Passing null to parameter #1 ($num) of type float is deprecated in APPPATH\Views\pages\Home.php on line 161.
 1 APPPATH\Views\pages\Home.php(161): number_format(null, 0, ',', '.')
 2 SYSTEMPATH\View\View.php(234): include('C:\\Users\\Admin\\Desktop\\project_skincare_uniba\\app\\Views\\pages\\Home.php')
 3 SYSTEMPATH\View\View.php(237): CodeIgniter\View\View->CodeIgniter\View\{closure}()
 4 SYSTEMPATH\Common.php(1171): CodeIgniter\View\View->render('pages/Home', [], true)
 5 APPPATH\Controllers\Pages.php(24): view('pages/Home', [...])
 6 SYSTEMPATH\CodeIgniter.php(933): App\Controllers\Pages->index()
 7 SYSTEMPATH\CodeIgniter.php(509): CodeIgniter\CodeIgniter->runController(Object(App\Controllers\Pages))
 8 SYSTEMPATH\CodeIgniter.php(355): CodeIgniter\CodeIgniter->handleRequest(null, Object(Config\Cache), false)
 9 SYSTEMPATH\Boot.php(312): CodeIgniter\CodeIgniter->run()
10 SYSTEMPATH\Boot.php(67): CodeIgniter\Boot::runCodeIgniter(Object(CodeIgniter\CodeIgniter))
11 FCPATH\index.php(56): CodeIgniter\Boot::bootWeb(Object(Config\Paths))
12 SYSTEMPATH\Commands\Server\rewrite.php(49): require_once('C:\\Users\\Admin\\Desktop\\project_skincare_uniba\\public\\index.php')
WARNING - 2024-05-29 05:11:59 --> [DEPRECATED] number_format(): Passing null to parameter #1 ($num) of type float is deprecated in APPPATH\Views\pages\Home.php on line 161.
 1 APPPATH\Views\pages\Home.php(161): number_format(null, 0, ',', '.')
 2 SYSTEMPATH\View\View.php(234): include('C:\\Users\\Admin\\Desktop\\project_skincare_uniba\\app\\Views\\pages\\Home.php')
 3 SYSTEMPATH\View\View.php(237): CodeIgniter\View\View->CodeIgniter\View\{closure}()
 4 SYSTEMPATH\Common.php(1171): CodeIgniter\View\View->render('pages/Home', [], true)
 5 APPPATH\Controllers\Pages.php(24): view('pages/Home', [...])
 6 SYSTEMPATH\CodeIgniter.php(933): App\Controllers\Pages->index()
 7 SYSTEMPATH\CodeIgniter.php(509): CodeIgniter\CodeIgniter->runController(Object(App\Controllers\Pages))
 8 SYSTEMPATH\CodeIgniter.php(355): CodeIgniter\CodeIgniter->handleRequest(null, Object(Config\Cache), false)
 9 SYSTEMPATH\Boot.php(312): CodeIgniter\CodeIgniter->run()
10 SYSTEMPATH\Boot.php(67): CodeIgniter\Boot::runCodeIgniter(Object(CodeIgniter\CodeIgniter))
11 FCPATH\index.php(56): CodeIgniter\Boot::bootWeb(Object(Config\Paths))
12 SYSTEMPATH\Commands\Server\rewrite.php(49): require_once('C:\\Users\\Admin\\Desktop\\project_skincare_uniba\\public\\index.php')
WARNING - 2024-05-29 05:11:59 --> [DEPRECATED] number_format(): Passing null to parameter #1 ($num) of type float is deprecated in APPPATH\Views\pages\Home.php on line 161.
 1 APPPATH\Views\pages\Home.php(161): number_format(null, 0, ',', '.')
 2 SYSTEMPATH\View\View.php(234): include('C:\\Users\\Admin\\Desktop\\project_skincare_uniba\\app\\Views\\pages\\Home.php')
 3 SYSTEMPATH\View\View.php(237): CodeIgniter\View\View->CodeIgniter\View\{closure}()
 4 SYSTEMPATH\Common.php(1171): CodeIgniter\View\View->render('pages/Home', [], true)
 5 APPPATH\Controllers\Pages.php(24): view('pages/Home', [...])
 6 SYSTEMPATH\CodeIgniter.php(933): App\Controllers\Pages->index()
 7 SYSTEMPATH\CodeIgniter.php(509): CodeIgniter\CodeIgniter->runController(Object(App\Controllers\Pages))
 8 SYSTEMPATH\CodeIgniter.php(355): CodeIgniter\CodeIgniter->handleRequest(null, Object(Config\Cache), false)
 9 SYSTEMPATH\Boot.php(312): CodeIgniter\CodeIgniter->run()
10 SYSTEMPATH\Boot.php(67): CodeIgniter\Boot::runCodeIgniter(Object(CodeIgniter\CodeIgniter))
11 FCPATH\index.php(56): CodeIgniter\Boot::bootWeb(Object(Config\Paths))
12 SYSTEMPATH\Commands\Server\rewrite.php(49): require_once('C:\\Users\\Admin\\Desktop\\project_skincare_uniba\\public\\index.php')
WARNING - 2024-05-29 05:12:05 --> [DEPRECATED] number_format(): Passing null to parameter #1 ($num) of type float is deprecated in APPPATH\Views\pages\Home.php on line 161.
 1 APPPATH\Views\pages\Home.php(161): number_format(null, 0, ',', '.')
 2 SYSTEMPATH\View\View.php(234): include('C:\\Users\\Admin\\Desktop\\project_skincare_uniba\\app\\Views\\pages\\Home.php')
 3 SYSTEMPATH\View\View.php(237): CodeIgniter\View\View->CodeIgniter\View\{closure}()
 4 SYSTEMPATH\Common.php(1171): CodeIgniter\View\View->render('pages/Home', [], true)
 5 APPPATH\Controllers\Pages.php(24): view('pages/Home', [...])
 6 SYSTEMPATH\CodeIgniter.php(933): App\Controllers\Pages->index()
 7 SYSTEMPATH\CodeIgniter.php(509): CodeIgniter\CodeIgniter->runController(Object(App\Controllers\Pages))
 8 SYSTEMPATH\CodeIgniter.php(355): CodeIgniter\CodeIgniter->handleRequest(null, Object(Config\Cache), false)
 9 SYSTEMPATH\Boot.php(312): CodeIgniter\CodeIgniter->run()
10 SYSTEMPATH\Boot.php(67): CodeIgniter\Boot::runCodeIgniter(Object(CodeIgniter\CodeIgniter))
11 FCPATH\index.php(56): CodeIgniter\Boot::bootWeb(Object(Config\Paths))
12 SYSTEMPATH\Commands\Server\rewrite.php(49): require_once('C:\\Users\\Admin\\Desktop\\project_skincare_uniba\\public\\index.php')
WARNING - 2024-05-29 05:12:05 --> [DEPRECATED] number_format(): Passing null to parameter #1 ($num) of type float is deprecated in APPPATH\Views\pages\Home.php on line 161.
 1 APPPATH\Views\pages\Home.php(161): number_format(null, 0, ',', '.')
 2 SYSTEMPATH\View\View.php(234): include('C:\\Users\\Admin\\Desktop\\project_skincare_uniba\\app\\Views\\pages\\Home.php')
 3 SYSTEMPATH\View\View.php(237): CodeIgniter\View\View->CodeIgniter\View\{closure}()
 4 SYSTEMPATH\Common.php(1171): CodeIgniter\View\View->render('pages/Home', [], true)
 5 APPPATH\Controllers\Pages.php(24): view('pages/Home', [...])
 6 SYSTEMPATH\CodeIgniter.php(933): App\Controllers\Pages->index()
 7 SYSTEMPATH\CodeIgniter.php(509): CodeIgniter\CodeIgniter->runController(Object(App\Controllers\Pages))
 8 SYSTEMPATH\CodeIgniter.php(355): CodeIgniter\CodeIgniter->handleRequest(null, Object(Config\Cache), false)
 9 SYSTEMPATH\Boot.php(312): CodeIgniter\CodeIgniter->run()
10 SYSTEMPATH\Boot.php(67): CodeIgniter\Boot::runCodeIgniter(Object(CodeIgniter\CodeIgniter))
11 FCPATH\index.php(56): CodeIgniter\Boot::bootWeb(Object(Config\Paths))
12 SYSTEMPATH\Commands\Server\rewrite.php(49): require_once('C:\\Users\\Admin\\Desktop\\project_skincare_uniba\\public\\index.php')
INFO - 2024-05-29 05:12:08 --> Session: Class initialized using 'CodeIgniter\Session\Handlers\FileHandler' driver.
INFO - 2024-05-29 05:12:08 --> Session: Class initialized using 'CodeIgniter\Session\Handlers\FileHandler' driver.
CRITICAL - 2024-05-29 05:12:08 --> ErrorException: Undefined variable $title
[Method: GET, Route: login]
in APPPATH\Views\auth\tamplate.php on line 12.
 1 APPPATH\Views\auth\tamplate.php(12): CodeIgniter\Debug\Exceptions->errorHandler(2, 'Undefined variable $title', 'C:\\Users\\Admin\\Desktop\\project_skincare_uniba\\app\\Views\\auth\\tamplate.php', 12)
 2 SYSTEMPATH\View\View.php(234): include('C:\\Users\\Admin\\Desktop\\project_skincare_uniba\\app\\Views\\auth\\tamplate.php')
 3 SYSTEMPATH\View\View.php(237): CodeIgniter\View\View->CodeIgniter\View\{closure}()
 4 SYSTEMPATH\View\View.php(250): CodeIgniter\View\View->render('auth/tamplate', [], true)
 5 SYSTEMPATH\Common.php(1171): CodeIgniter\View\View->render('App\\Views\\Auth\\login', [], true)
 6 VENDORPATH\myth\auth\src\Controllers\AuthController.php(412): view('App\\Views\\Auth\\login', [...])
 7 VENDORPATH\myth\auth\src\Controllers\AuthController.php(58): Myth\Auth\Controllers\AuthController->_render('App\\Views\\Auth\\login', [...])
 8 SYSTEMPATH\CodeIgniter.php(933): Myth\Auth\Controllers\AuthController->login()
 9 SYSTEMPATH\CodeIgniter.php(509): CodeIgniter\CodeIgniter->runController(Object(Myth\Auth\Controllers\AuthController))
10 SYSTEMPATH\CodeIgniter.php(355): CodeIgniter\CodeIgniter->handleRequest(null, Object(Config\Cache), false)
11 SYSTEMPATH\Boot.php(312): CodeIgniter\CodeIgniter->run()
12 SYSTEMPATH\Boot.php(67): CodeIgniter\Boot::runCodeIgniter(Object(CodeIgniter\CodeIgniter))
13 FCPATH\index.php(56): CodeIgniter\Boot::bootWeb(Object(Config\Paths))
14 SYSTEMPATH\Commands\Server\rewrite.php(49): require_once('C:\\Users\\Admin\\Desktop\\project_skincare_uniba\\public\\index.php')
INFO - 2024-05-29 05:18:04 --> Session: Class initialized using 'CodeIgniter\Session\Handlers\FileHandler' driver.
CRITICAL - 2024-05-29 05:18:04 --> ErrorException: Undefined variable $title
[Method: GET, Route: login]
in APPPATH\Views\auth\tamplate.php on line 12.
 1 APPPATH\Views\auth\tamplate.php(12): CodeIgniter\Debug\Exceptions->errorHandler(2, 'Undefined variable $title', 'C:\\Users\\Admin\\Desktop\\project_skincare_uniba\\app\\Views\\auth\\tamplate.php', 12)
 2 SYSTEMPATH\View\View.php(234): include('C:\\Users\\Admin\\Desktop\\project_skincare_uniba\\app\\Views\\auth\\tamplate.php')
 3 SYSTEMPATH\View\View.php(237): CodeIgniter\View\View->CodeIgniter\View\{closure}()
 4 SYSTEMPATH\View\View.php(250): CodeIgniter\View\View->render('auth/tamplate', [], true)
 5 SYSTEMPATH\Common.php(1171): CodeIgniter\View\View->render('App\\Views\\Auth\\login', [], true)
 6 VENDORPATH\myth\auth\src\Controllers\AuthController.php(412): view('App\\Views\\Auth\\login', [...])
 7 VENDORPATH\myth\auth\src\Controllers\AuthController.php(58): Myth\Auth\Controllers\AuthController->_render('App\\Views\\Auth\\login', [...])
 8 SYSTEMPATH\CodeIgniter.php(933): Myth\Auth\Controllers\AuthController->login()
 9 SYSTEMPATH\CodeIgniter.php(509): CodeIgniter\CodeIgniter->runController(Object(Myth\Auth\Controllers\AuthController))
10 SYSTEMPATH\CodeIgniter.php(355): CodeIgniter\CodeIgniter->handleRequest(null, Object(Config\Cache), false)
11 SYSTEMPATH\Boot.php(312): CodeIgniter\CodeIgniter->run()
12 SYSTEMPATH\Boot.php(67): CodeIgniter\Boot::runCodeIgniter(Object(CodeIgniter\CodeIgniter))
13 FCPATH\index.php(56): CodeIgniter\Boot::bootWeb(Object(Config\Paths))
14 SYSTEMPATH\Commands\Server\rewrite.php(49): require_once('C:\\Users\\Admin\\Desktop\\project_skincare_uniba\\public\\index.php')
INFO - 2024-05-29 05:19:30 --> Session: Class initialized using 'CodeIgniter\Session\Handlers\FileHandler' driver.
INFO - 2024-05-29 05:19:41 --> CSRF token verified.
INFO - 2024-05-29 05:19:41 --> Session: Class initialized using 'CodeIgniter\Session\Handlers\FileHandler' driver.
INFO - 2024-05-29 05:19:41 --> Session: Class initialized using 'CodeIgniter\Session\Handlers\FileHandler' driver.
INFO - 2024-05-29 05:19:44 --> Session: Class initialized using 'CodeIgniter\Session\Handlers\FileHandler' driver.
INFO - 2024-05-29 05:19:47 --> Session: Class initialized using 'CodeIgniter\Session\Handlers\FileHandler' driver.
INFO - 2024-05-29 05:19:49 --> Session: Class initialized using 'CodeIgniter\Session\Handlers\FileHandler' driver.
CRITICAL - 2024-05-29 05:19:49 --> ErrorException: Undefined variable $title
[Method: GET, Route: register]
in APPPATH\Views\auth\tamplate.php on line 12.
 1 APPPATH\Views\auth\tamplate.php(12): CodeIgniter\Debug\Exceptions->errorHandler(2, 'Undefined variable $title', 'C:\\Users\\Admin\\Desktop\\project_skincare_uniba\\app\\Views\\auth\\tamplate.php', 12)
 2 SYSTEMPATH\View\View.php(234): include('C:\\Users\\Admin\\Desktop\\project_skincare_uniba\\app\\Views\\auth\\tamplate.php')
 3 SYSTEMPATH\View\View.php(237): CodeIgniter\View\View->CodeIgniter\View\{closure}()
 4 SYSTEMPATH\View\View.php(250): CodeIgniter\View\View->render('auth/tamplate', [], true)
 5 SYSTEMPATH\Common.php(1171): CodeIgniter\View\View->render('App\\Views\\Auth\\register', [], true)
 6 VENDORPATH\myth\auth\src\Controllers\AuthController.php(412): view('App\\Views\\Auth\\register', [...])
 7 VENDORPATH\myth\auth\src\Controllers\AuthController.php(133): Myth\Auth\Controllers\AuthController->_render('App\\Views\\Auth\\register', [...])
 8 SYSTEMPATH\CodeIgniter.php(933): Myth\Auth\Controllers\AuthController->register()
 9 SYSTEMPATH\CodeIgniter.php(509): CodeIgniter\CodeIgniter->runController(Object(Myth\Auth\Controllers\AuthController))
10 SYSTEMPATH\CodeIgniter.php(355): CodeIgniter\CodeIgniter->handleRequest(null, Object(Config\Cache), false)
11 SYSTEMPATH\Boot.php(312): CodeIgniter\CodeIgniter->run()
12 SYSTEMPATH\Boot.php(67): CodeIgniter\Boot::runCodeIgniter(Object(CodeIgniter\CodeIgniter))
13 FCPATH\index.php(56): CodeIgniter\Boot::bootWeb(Object(Config\Paths))
14 SYSTEMPATH\Commands\Server\rewrite.php(49): require_once('C:\\Users\\Admin\\Desktop\\project_skincare_uniba\\public\\index.php')
INFO - 2024-05-29 05:19:51 --> Session: Class initialized using 'CodeIgniter\Session\Handlers\FileHandler' driver.
INFO - 2024-05-29 05:20:31 --> Session: Class initialized using 'CodeIgniter\Session\Handlers\FileHandler' driver.
INFO - 2024-05-29 05:20:36 --> Session: Class initialized using 'CodeIgniter\Session\Handlers\FileHandler' driver.
INFO - 2024-05-29 05:20:56 --> CSRF token verified.
INFO - 2024-05-29 05:20:56 --> Session: Class initialized using 'CodeIgniter\Session\Handlers\FileHandler' driver.
CRITICAL - 2024-05-29 05:20:56 --> ErrorException: Could not check compatibility between Myth\Auth\Authentication\Passwords\CompositionValidator::check(string $password, ?CodeIgniter\Entity\Entity $user = null): bool and Myth\Auth\Authentication\Passwords\ValidatorInterface::check(string $password, ?CodeIgniter\Entity $user = null): bool, because class CodeIgniter\Entity is not available
[Method: POST, Route: register]
in VENDORPATH\myth\auth\src\Authentication\Passwords\CompositionValidator.php on line 28.
 1 [internal function]: CodeIgniter\Debug\Exceptions->shutdownHandler()
INFO - 2024-05-29 05:25:28 --> CSRF token verified.
INFO - 2024-05-29 05:25:28 --> Session: Class initialized using 'CodeIgniter\Session\Handlers\FileHandler' driver.
CRITICAL - 2024-05-29 05:25:29 --> ErrorException: Could not check compatibility between Myth\Auth\Authentication\Passwords\CompositionValidator::check(string $password, ?CodeIgniter\Entity\Entity $user = null): bool and Myth\Auth\Authentication\Passwords\ValidatorInterface::check(string $password, ?CodeIgniter\Entity $user = null): bool, because class CodeIgniter\Entity is not available
[Method: POST, Route: register]
in VENDORPATH\myth\auth\src\Authentication\Passwords\CompositionValidator.php on line 28.
 1 [internal function]: CodeIgniter\Debug\Exceptions->shutdownHandler()
INFO - 2024-05-29 05:26:30 --> CSRF token verified.
INFO - 2024-05-29 05:26:30 --> Session: Class initialized using 'CodeIgniter\Session\Handlers\FileHandler' driver.
CRITICAL - 2024-05-29 05:26:30 --> ErrorException: Could not check compatibility between Myth\Auth\Authentication\Passwords\CompositionValidator::check(string $password, ?CodeIgniter\Entity\Entity $user = null): bool and Myth\Auth\Authentication\Passwords\ValidatorInterface::check(string $password, ?CodeIgniter\Entity $user = null): bool, because class CodeIgniter\Entity is not available
[Method: POST, Route: register]
in VENDORPATH\myth\auth\src\Authentication\Passwords\CompositionValidator.php on line 28.
 1 [internal function]: CodeIgniter\Debug\Exceptions->shutdownHandler()
INFO - 2024-05-29 05:26:33 --> Session: Class initialized using 'CodeIgniter\Session\Handlers\FileHandler' driver.
INFO - 2024-05-29 05:26:35 --> CSRF token verified.
INFO - 2024-05-29 05:26:35 --> Session: Class initialized using 'CodeIgniter\Session\Handlers\FileHandler' driver.
INFO - 2024-05-29 05:26:35 --> Session: Class initialized using 'CodeIgniter\Session\Handlers\FileHandler' driver.
INFO - 2024-05-29 05:26:51 --> CSRF token verified.
INFO - 2024-05-29 05:26:51 --> Session: Class initialized using 'CodeIgniter\Session\Handlers\FileHandler' driver.
CRITICAL - 2024-05-29 05:26:52 --> ErrorException: Could not check compatibility between Myth\Auth\Authentication\Passwords\CompositionValidator::check(string $password, ?CodeIgniter\Entity\Entity $user = null): bool and Myth\Auth\Authentication\Passwords\ValidatorInterface::check(string $password, ?CodeIgniter\Entity $user = null): bool, because class CodeIgniter\Entity is not available
[Method: POST, Route: register]
in VENDORPATH\myth\auth\src\Authentication\Passwords\CompositionValidator.php on line 28.
 1 [internal function]: CodeIgniter\Debug\Exceptions->shutdownHandler()
INFO - 2024-05-29 05:36:25 --> CSRF token verified.
INFO - 2024-05-29 05:36:25 --> Session: Class initialized using 'CodeIgniter\Session\Handlers\FileHandler' driver.
CRITICAL - 2024-05-29 05:36:25 --> ParseError: syntax error, unexpected token ".", expecting "," or ";"
[Method: POST, Route: register]
in VENDORPATH\myth\auth\src\Authentication\Passwords\CompositionValidator.php on line 6.
 1 VENDORPATH\composer\ClassLoader.php(427): Composer\Autoload\{closure}('C:\\Users\\Admin\\Desktop\\project_skincare_uniba\\vendor\\composer/../myth/auth/src/Authentication/Passwords/CompositionValidator.php')
 2 VENDORPATH\myth\auth\src\Authentication\Passwords\PasswordValidator.php(43): Composer\Autoload\ClassLoader->loadClass('Myth\\Auth\\Authentication\\Passwords\\CompositionValidator')
 3 VENDORPATH\myth\auth\src\Authentication\Passwords\ValidationRules.php(42): Myth\Auth\Authentication\Passwords\PasswordValidator->check('eiji11223344', Object(Myth\Auth\Entities\User))
 4 SYSTEMPATH\Validation\Validation.php(335): Myth\Auth\Authentication\Passwords\ValidationRules->strong_password('eiji11223344', null)
 5 SYSTEMPATH\Validation\Validation.php(201): CodeIgniter\Validation\Validation->processRules('password', 'password', 'eiji11223344', [...], [...], 'password')
 6 SYSTEMPATH\Controller.php(137): CodeIgniter\Validation\Validation->run()
 7 VENDORPATH\myth\auth\src\Controllers\AuthController.php(164): CodeIgniter\Controller->validate([...])
 8 SYSTEMPATH\CodeIgniter.php(933): Myth\Auth\Controllers\AuthController->attemptRegister()
 9 SYSTEMPATH\CodeIgniter.php(509): CodeIgniter\CodeIgniter->runController(Object(Myth\Auth\Controllers\AuthController))
10 SYSTEMPATH\CodeIgniter.php(355): CodeIgniter\CodeIgniter->handleRequest(null, Object(Config\Cache), false)
11 SYSTEMPATH\Boot.php(312): CodeIgniter\CodeIgniter->run()
12 SYSTEMPATH\Boot.php(67): CodeIgniter\Boot::runCodeIgniter(Object(CodeIgniter\CodeIgniter))
13 FCPATH\index.php(56): CodeIgniter\Boot::bootWeb(Object(Config\Paths))
14 SYSTEMPATH\Commands\Server\rewrite.php(49): require_once('C:\\Users\\Admin\\Desktop\\project_skincare_uniba\\public\\index.php')
INFO - 2024-05-29 05:46:00 --> CSRF token verified.
INFO - 2024-05-29 05:46:00 --> Session: Class initialized using 'CodeIgniter\Session\Handlers\FileHandler' driver.
CRITICAL - 2024-05-29 05:46:00 --> ErrorException: Could not check compatibility between Myth\Auth\Authentication\Passwords\CompositionValidator::check(string $password, ?CodeIgniter\Entity\Entity $user = null): bool and Myth\Auth\Authentication\Passwords\ValidatorInterface::check(string $password, ?CodeIgniter\Entity $user = null): bool, because class CodeIgniter\Entity is not available
[Method: POST, Route: register]
in VENDORPATH\myth\auth\src\Authentication\Passwords\CompositionValidator.php on line 28.
 1 [internal function]: CodeIgniter\Debug\Exceptions->shutdownHandler()
INFO - 2024-05-29 05:48:08 --> CSRF token verified.
INFO - 2024-05-29 05:48:08 --> Session: Class initialized using 'CodeIgniter\Session\Handlers\FileHandler' driver.
CRITICAL - 2024-05-29 05:48:08 --> ErrorException: Could not check compatibility between Myth\Auth\Authentication\Passwords\CompositionValidator::check(string $password, ?CodeIgniter\Entity\Entity $user = null): bool and Myth\Auth\Authentication\Passwords\ValidatorInterface::check(string $password, ?CodeIgniter\Entity $user = null): bool, because class CodeIgniter\Entity is not available
[Method: POST, Route: register]
in VENDORPATH\myth\auth\src\Authentication\Passwords\CompositionValidator.php on line 28.
 1 [internal function]: CodeIgniter\Debug\Exceptions->shutdownHandler()
WARNING - 2024-05-29 05:48:16 --> [DEPRECATED] number_format(): Passing null to parameter #1 ($num) of type float is deprecated in APPPATH\Views\pages\Home.php on line 161.
 1 APPPATH\Views\pages\Home.php(161): number_format(null, 0, ',', '.')
 2 SYSTEMPATH\View\View.php(234): include('C:\\Users\\Admin\\Desktop\\project_skincare_uniba\\app\\Views\\pages\\Home.php')
 3 SYSTEMPATH\View\View.php(237): CodeIgniter\View\View->CodeIgniter\View\{closure}()
 4 SYSTEMPATH\Common.php(1171): CodeIgniter\View\View->render('pages/Home', [], true)
 5 APPPATH\Controllers\Pages.php(24): view('pages/Home', [...])
 6 SYSTEMPATH\CodeIgniter.php(933): App\Controllers\Pages->index()
 7 SYSTEMPATH\CodeIgniter.php(509): CodeIgniter\CodeIgniter->runController(Object(App\Controllers\Pages))
 8 SYSTEMPATH\CodeIgniter.php(355): CodeIgniter\CodeIgniter->handleRequest(null, Object(Config\Cache), false)
 9 SYSTEMPATH\Boot.php(312): CodeIgniter\CodeIgniter->run()
10 SYSTEMPATH\Boot.php(67): CodeIgniter\Boot::runCodeIgniter(Object(CodeIgniter\CodeIgniter))
11 FCPATH\index.php(56): CodeIgniter\Boot::bootWeb(Object(Config\Paths))
12 SYSTEMPATH\Commands\Server\rewrite.php(49): require_once('C:\\Users\\Admin\\Desktop\\project_skincare_uniba\\public\\index.php')
WARNING - 2024-05-29 05:48:16 --> [DEPRECATED] number_format(): Passing null to parameter #1 ($num) of type float is deprecated in APPPATH\Views\pages\Home.php on line 161.
 1 APPPATH\Views\pages\Home.php(161): number_format(null, 0, ',', '.')
 2 SYSTEMPATH\View\View.php(234): include('C:\\Users\\Admin\\Desktop\\project_skincare_uniba\\app\\Views\\pages\\Home.php')
 3 SYSTEMPATH\View\View.php(237): CodeIgniter\View\View->CodeIgniter\View\{closure}()
 4 SYSTEMPATH\Common.php(1171): CodeIgniter\View\View->render('pages/Home', [], true)
 5 APPPATH\Controllers\Pages.php(24): view('pages/Home', [...])
 6 SYSTEMPATH\CodeIgniter.php(933): App\Controllers\Pages->index()
 7 SYSTEMPATH\CodeIgniter.php(509): CodeIgniter\CodeIgniter->runController(Object(App\Controllers\Pages))
 8 SYSTEMPATH\CodeIgniter.php(355): CodeIgniter\CodeIgniter->handleRequest(null, Object(Config\Cache), false)
 9 SYSTEMPATH\Boot.php(312): CodeIgniter\CodeIgniter->run()
10 SYSTEMPATH\Boot.php(67): CodeIgniter\Boot::runCodeIgniter(Object(CodeIgniter\CodeIgniter))
11 FCPATH\index.php(56): CodeIgniter\Boot::bootWeb(Object(Config\Paths))
12 SYSTEMPATH\Commands\Server\rewrite.php(49): require_once('C:\\Users\\Admin\\Desktop\\project_skincare_uniba\\public\\index.php')
INFO - 2024-05-29 05:48:32 --> Session: Class initialized using 'CodeIgniter\Session\Handlers\FileHandler' driver.
INFO - 2024-05-29 05:48:32 --> Session: Class initialized using 'CodeIgniter\Session\Handlers\FileHandler' driver.
INFO - 2024-05-29 05:48:45 --> CSRF token verified.
INFO - 2024-05-29 05:48:45 --> Session: Class initialized using 'CodeIgniter\Session\Handlers\FileHandler' driver.
INFO - 2024-05-29 05:48:45 --> Session: Class initialized using 'CodeIgniter\Session\Handlers\FileHandler' driver.
INFO - 2024-05-29 05:48:51 --> Session: Class initialized using 'CodeIgniter\Session\Handlers\FileHandler' driver.
INFO - 2024-05-29 05:49:11 --> Session: Class initialized using 'CodeIgniter\Session\Handlers\FileHandler' driver.
INFO - 2024-05-29 05:49:13 --> CSRF token verified.
INFO - 2024-05-29 05:49:13 --> Session: Class initialized using 'CodeIgniter\Session\Handlers\FileHandler' driver.
INFO - 2024-05-29 05:49:13 --> Session: Class initialized using 'CodeIgniter\Session\Handlers\FileHandler' driver.
INFO - 2024-05-29 05:54:31 --> CSRF token verified.
INFO - 2024-05-29 05:54:31 --> Session: Class initialized using 'CodeIgniter\Session\Handlers\FileHandler' driver.
INFO - 2024-05-29 05:54:32 --> Session: Class initialized using 'CodeIgniter\Session\Handlers\FileHandler' driver.
INFO - 2024-05-29 05:54:35 --> Session: Class initialized using 'CodeIgniter\Session\Handlers\FileHandler' driver.
INFO - 2024-05-29 05:54:37 --> Session: Class initialized using 'CodeIgniter\Session\Handlers\FileHandler' driver.
INFO - 2024-05-29 05:54:39 --> Session: Class initialized using 'CodeIgniter\Session\Handlers\FileHandler' driver.
INFO - 2024-05-29 05:54:54 --> CSRF token verified.
INFO - 2024-05-29 05:54:54 --> Session: Class initialized using 'CodeIgniter\Session\Handlers\FileHandler' driver.
CRITICAL - 2024-05-29 05:54:54 --> ErrorException: Cannot declare class Myth\Auth\Authentication\Passwords\CompositionValidator, because the name is already in use
[Method: POST, Route: register]
in VENDORPATH\myth\auth\src\Authentication\Passwords\ValidatorInterface.php on line 8.
 1 [internal function]: CodeIgniter\Debug\Exceptions->shutdownHandler()
CRITICAL - 2024-05-29 07:24:55 --> CodeIgniter\Security\Exceptions\SecurityException: The action you requested is not allowed.
[Method: POST, Route: register]
in SYSTEMPATH\Security\Security.php on line 262.
 1 SYSTEMPATH\Security\Security.php(262): CodeIgniter\Security\Exceptions\SecurityException::forDisallowedAction()
 2 SYSTEMPATH\Filters\CSRF.php(57): CodeIgniter\Security\Security->verify(Object(CodeIgniter\HTTP\IncomingRequest))
 3 SYSTEMPATH\Filters\Filters.php(203): CodeIgniter\Filters\CSRF->before(Object(CodeIgniter\HTTP\IncomingRequest), null)
 4 SYSTEMPATH\Filters\Filters.php(184): CodeIgniter\Filters\Filters->runBefore([...])
 5 SYSTEMPATH\CodeIgniter.php(481): CodeIgniter\Filters\Filters->run('register', 'before')
 6 SYSTEMPATH\CodeIgniter.php(355): CodeIgniter\CodeIgniter->handleRequest(null, Object(Config\Cache), false)
 7 SYSTEMPATH\Boot.php(312): CodeIgniter\CodeIgniter->run()
 8 SYSTEMPATH\Boot.php(67): CodeIgniter\Boot::runCodeIgniter(Object(CodeIgniter\CodeIgniter))
 9 FCPATH\index.php(56): CodeIgniter\Boot::bootWeb(Object(Config\Paths))
10 SYSTEMPATH\Commands\Server\rewrite.php(49): require_once('C:\\Users\\Admin\\Desktop\\project_skincare_uniba\\public\\index.php')
CRITICAL - 2024-05-29 07:25:22 --> CodeIgniter\Security\Exceptions\SecurityException: The action you requested is not allowed.
[Method: POST, Route: register]
in SYSTEMPATH\Security\Security.php on line 262.
 1 SYSTEMPATH\Security\Security.php(262): CodeIgniter\Security\Exceptions\SecurityException::forDisallowedAction()
 2 SYSTEMPATH\Filters\CSRF.php(57): CodeIgniter\Security\Security->verify(Object(CodeIgniter\HTTP\IncomingRequest))
 3 SYSTEMPATH\Filters\Filters.php(203): CodeIgniter\Filters\CSRF->before(Object(CodeIgniter\HTTP\IncomingRequest), null)
 4 SYSTEMPATH\Filters\Filters.php(184): CodeIgniter\Filters\Filters->runBefore([...])
 5 SYSTEMPATH\CodeIgniter.php(481): CodeIgniter\Filters\Filters->run('register', 'before')
 6 SYSTEMPATH\CodeIgniter.php(355): CodeIgniter\CodeIgniter->handleRequest(null, Object(Config\Cache), false)
 7 SYSTEMPATH\Boot.php(312): CodeIgniter\CodeIgniter->run()
 8 SYSTEMPATH\Boot.php(67): CodeIgniter\Boot::runCodeIgniter(Object(CodeIgniter\CodeIgniter))
 9 FCPATH\index.php(56): CodeIgniter\Boot::bootWeb(Object(Config\Paths))
10 SYSTEMPATH\Commands\Server\rewrite.php(49): require_once('C:\\Users\\Admin\\Desktop\\project_skincare_uniba\\public\\index.php')
CRITICAL - 2024-05-29 07:25:40 --> CodeIgniter\Security\Exceptions\SecurityException: The action you requested is not allowed.
[Method: POST, Route: register]
in SYSTEMPATH\Security\Security.php on line 262.
 1 SYSTEMPATH\Security\Security.php(262): CodeIgniter\Security\Exceptions\SecurityException::forDisallowedAction()
 2 SYSTEMPATH\Filters\CSRF.php(57): CodeIgniter\Security\Security->verify(Object(CodeIgniter\HTTP\IncomingRequest))
 3 SYSTEMPATH\Filters\Filters.php(203): CodeIgniter\Filters\CSRF->before(Object(CodeIgniter\HTTP\IncomingRequest), null)
 4 SYSTEMPATH\Filters\Filters.php(184): CodeIgniter\Filters\Filters->runBefore([...])
 5 SYSTEMPATH\CodeIgniter.php(481): CodeIgniter\Filters\Filters->run('register', 'before')
 6 SYSTEMPATH\CodeIgniter.php(355): CodeIgniter\CodeIgniter->handleRequest(null, Object(Config\Cache), false)
 7 SYSTEMPATH\Boot.php(312): CodeIgniter\CodeIgniter->run()
 8 SYSTEMPATH\Boot.php(67): CodeIgniter\Boot::runCodeIgniter(Object(CodeIgniter\CodeIgniter))
 9 FCPATH\index.php(56): CodeIgniter\Boot::bootWeb(Object(Config\Paths))
10 SYSTEMPATH\Commands\Server\rewrite.php(49): require_once('C:\\Users\\Admin\\Desktop\\project_skincare_uniba\\public\\index.php')
CRITICAL - 2024-05-29 07:28:44 --> CodeIgniter\Security\Exceptions\SecurityException: The action you requested is not allowed.
[Method: POST, Route: register]
in SYSTEMPATH\Security\Security.php on line 262.
 1 SYSTEMPATH\Security\Security.php(262): CodeIgniter\Security\Exceptions\SecurityException::forDisallowedAction()
 2 SYSTEMPATH\Filters\CSRF.php(57): CodeIgniter\Security\Security->verify(Object(CodeIgniter\HTTP\IncomingRequest))
 3 SYSTEMPATH\Filters\Filters.php(203): CodeIgniter\Filters\CSRF->before(Object(CodeIgniter\HTTP\IncomingRequest), null)
 4 SYSTEMPATH\Filters\Filters.php(184): CodeIgniter\Filters\Filters->runBefore([...])
 5 SYSTEMPATH\CodeIgniter.php(481): CodeIgniter\Filters\Filters->run('register', 'before')
 6 SYSTEMPATH\CodeIgniter.php(355): CodeIgniter\CodeIgniter->handleRequest(null, Object(Config\Cache), false)
 7 SYSTEMPATH\Boot.php(312): CodeIgniter\CodeIgniter->run()
 8 SYSTEMPATH\Boot.php(67): CodeIgniter\Boot::runCodeIgniter(Object(CodeIgniter\CodeIgniter))
 9 FCPATH\index.php(56): CodeIgniter\Boot::bootWeb(Object(Config\Paths))
10 SYSTEMPATH\Commands\Server\rewrite.php(49): require_once('C:\\Users\\Admin\\Desktop\\project_skincare_uniba\\public\\index.php')
INFO - 2024-05-29 07:28:46 --> Session: Class initialized using 'CodeIgniter\Session\Handlers\FileHandler' driver.
INFO - 2024-05-29 07:28:56 --> CSRF token verified.
INFO - 2024-05-29 07:28:56 --> Session: Class initialized using 'CodeIgniter\Session\Handlers\FileHandler' driver.
CRITICAL - 2024-05-29 07:28:56 --> ErrorException: Could not check compatibility between Myth\Auth\Authentication\Passwords\CompositionValidator::check(string $password, ?CodeIgniter\Entity\Entity $user = null): bool and Myth\Auth\Authentication\Passwords\ValidatorInterface::check(string $password, ?CodeIgniter\Entity $user = null): bool, because class CodeIgniter\Entity is not available
[Method: POST, Route: register]
in VENDORPATH\myth\auth\src\Authentication\Passwords\CompositionValidator.php on line 28.
 1 [internal function]: CodeIgniter\Debug\Exceptions->shutdownHandler()
INFO - 2024-05-29 07:31:54 --> Session: Class initialized using 'CodeIgniter\Session\Handlers\FileHandler' driver.
INFO - 2024-05-29 07:32:08 --> CSRF token verified.
INFO - 2024-05-29 07:32:08 --> Session: Class initialized using 'CodeIgniter\Session\Handlers\FileHandler' driver.
CRITICAL - 2024-05-29 07:32:08 --> ErrorException: Could not check compatibility between Myth\Auth\Authentication\Passwords\CompositionValidator::check(string $password, ?CodeIgniter\Entity\Entity $user = null): bool and Myth\Auth\Authentication\Passwords\ValidatorInterface::check(string $password, ?CodeIgniter\Entity $user = null): bool, because class CodeIgniter\Entity is not available
[Method: POST, Route: register]
in VENDORPATH\myth\auth\src\Authentication\Passwords\CompositionValidator.php on line 28.
 1 [internal function]: CodeIgniter\Debug\Exceptions->shutdownHandler()
INFO - 2024-05-29 07:34:30 --> Session: Class initialized using 'CodeIgniter\Session\Handlers\FileHandler' driver.
INFO - 2024-05-29 07:34:45 --> CSRF token verified.
INFO - 2024-05-29 07:34:45 --> Session: Class initialized using 'CodeIgniter\Session\Handlers\FileHandler' driver.
CRITICAL - 2024-05-29 07:34:45 --> ErrorException: Could not check compatibility between Myth\Auth\Authentication\Passwords\CompositionValidator::check(string $password, ?CodeIgniter\Entity\Entity $user = null): bool and Myth\Auth\Authentication\Passwords\ValidatorInterface::check(string $password, ?CodeIgniter\Entity $user = null): bool, because class CodeIgniter\Entity is not available
[Method: POST, Route: register]
in VENDORPATH\myth\auth\src\Authentication\Passwords\CompositionValidator.php on line 28.
 1 [internal function]: CodeIgniter\Debug\Exceptions->shutdownHandler()
INFO - 2024-05-29 07:40:45 --> CSRF token verified.
INFO - 2024-05-29 07:40:45 --> Session: Class initialized using 'CodeIgniter\Session\Handlers\FileHandler' driver.
CRITICAL - 2024-05-29 07:40:45 --> ErrorException: Could not check compatibility between Myth\Auth\Authentication\Passwords\CompositionValidator::check(string $password, ?CodeIgniter\Entity\Entity $user = null): bool and Myth\Auth\Authentication\Passwords\ValidatorInterface::check(string $password, ?CodeIgniter\Entity $user = null): bool, because class CodeIgniter\Entity is not available
[Method: POST, Route: register]
in VENDORPATH\myth\auth\src\Authentication\Passwords\CompositionValidator.php on line 28.
 1 [internal function]: CodeIgniter\Debug\Exceptions->shutdownHandler()
INFO - 2024-05-29 07:40:47 --> Session: Class initialized using 'CodeIgniter\Session\Handlers\FileHandler' driver.
INFO - 2024-05-29 07:40:57 --> CSRF token verified.
INFO - 2024-05-29 07:40:57 --> Session: Class initialized using 'CodeIgniter\Session\Handlers\FileHandler' driver.
CRITICAL - 2024-05-29 07:40:57 --> ErrorException: Could not check compatibility between Myth\Auth\Authentication\Passwords\CompositionValidator::check(string $password, ?CodeIgniter\Entity\Entity $user = null): bool and Myth\Auth\Authentication\Passwords\ValidatorInterface::check(string $password, ?CodeIgniter\Entity $user = null): bool, because class CodeIgniter\Entity is not available
[Method: POST, Route: register]
in VENDORPATH\myth\auth\src\Authentication\Passwords\CompositionValidator.php on line 28.
 1 [internal function]: CodeIgniter\Debug\Exceptions->shutdownHandler()
INFO - 2024-05-29 07:43:12 --> CSRF token verified.
INFO - 2024-05-29 07:43:12 --> Session: Class initialized using 'CodeIgniter\Session\Handlers\FileHandler' driver.
CRITICAL - 2024-05-29 07:43:12 --> ErrorException: Could not check compatibility between Myth\Auth\Authentication\Passwords\CompositionValidator::check(string $password, ?CodeIgniter\Entity\Entity $user = null): bool and Myth\Auth\Authentication\Passwords\ValidatorInterface::check(string $password, ?CodeIgniter\Entity $user = null): bool, because class CodeIgniter\Entity is not available
[Method: POST, Route: register]
in VENDORPATH\myth\auth\src\Authentication\Passwords\CompositionValidator.php on line 28.
 1 [internal function]: CodeIgniter\Debug\Exceptions->shutdownHandler()
INFO - 2024-05-29 07:48:27 --> Session: Class initialized using 'CodeIgniter\Session\Handlers\FileHandler' driver.
INFO - 2024-05-29 07:48:32 --> Session: Class initialized using 'CodeIgniter\Session\Handlers\FileHandler' driver.
INFO - 2024-05-29 07:48:41 --> CSRF token verified.
INFO - 2024-05-29 07:48:41 --> Session: Class initialized using 'CodeIgniter\Session\Handlers\FileHandler' driver.
INFO - 2024-05-29 07:48:41 --> Session: Class initialized using 'CodeIgniter\Session\Handlers\FileHandler' driver.
INFO - 2024-05-29 07:49:50 --> Session: Class initialized using 'CodeIgniter\Session\Handlers\FileHandler' driver.
INFO - 2024-05-29 07:50:29 --> Session: Class initialized using 'CodeIgniter\Session\Handlers\FileHandler' driver.
INFO - 2024-05-29 07:50:34 --> Session: Class initialized using 'CodeIgniter\Session\Handlers\FileHandler' driver.
INFO - 2024-05-29 07:50:55 --> Session: Class initialized using 'CodeIgniter\Session\Handlers\FileHandler' driver.
INFO - 2024-05-29 07:51:30 --> Session: Class initialized using 'CodeIgniter\Session\Handlers\FileHandler' driver.
INFO - 2024-05-29 07:51:43 --> Session: Class initialized using 'CodeIgniter\Session\Handlers\FileHandler' driver.
INFO - 2024-05-29 07:51:47 --> CSRF token verified.
INFO - 2024-05-29 07:51:47 --> Session: Class initialized using 'CodeIgniter\Session\Handlers\FileHandler' driver.
INFO - 2024-05-29 07:51:47 --> Session: Class initialized using 'CodeIgniter\Session\Handlers\FileHandler' driver.
INFO - 2024-05-29 07:52:42 --> Session: Class initialized using 'CodeIgniter\Session\Handlers\FileHandler' driver.
INFO - 2024-05-29 07:52:52 --> Session: Class initialized using 'CodeIgniter\Session\Handlers\FileHandler' driver.
INFO - 2024-05-29 07:52:53 --> Session: Class initialized using 'CodeIgniter\Session\Handlers\FileHandler' driver.
INFO - 2024-05-29 07:59:29 --> CSRF token verified.
INFO - 2024-05-29 07:59:29 --> Session: Class initialized using 'CodeIgniter\Session\Handlers\FileHandler' driver.
INFO - 2024-05-29 07:59:29 --> Session: Class initialized using 'CodeIgniter\Session\Handlers\FileHandler' driver.
INFO - 2024-05-29 07:59:33 --> Session: Class initialized using 'CodeIgniter\Session\Handlers\FileHandler' driver.
INFO - 2024-05-29 07:59:40 --> CSRF token verified.
INFO - 2024-05-29 07:59:40 --> Session: Class initialized using 'CodeIgniter\Session\Handlers\FileHandler' driver.
INFO - 2024-05-29 07:59:40 --> Session: Class initialized using 'CodeIgniter\Session\Handlers\FileHandler' driver.
INFO - 2024-05-29 07:59:43 --> CSRF token verified.
INFO - 2024-05-29 07:59:43 --> Session: Class initialized using 'CodeIgniter\Session\Handlers\FileHandler' driver.
INFO - 2024-05-29 07:59:43 --> Session: Class initialized using 'CodeIgniter\Session\Handlers\FileHandler' driver.
INFO - 2024-05-29 07:59:49 --> CSRF token verified.
INFO - 2024-05-29 07:59:49 --> Session: Class initialized using 'CodeIgniter\Session\Handlers\FileHandler' driver.
INFO - 2024-05-29 07:59:50 --> Session: Class initialized using 'CodeIgniter\Session\Handlers\FileHandler' driver.
INFO - 2024-05-29 08:00:04 --> CSRF token verified.
INFO - 2024-05-29 08:00:04 --> Session: Class initialized using 'CodeIgniter\Session\Handlers\FileHandler' driver.
CRITICAL - 2024-05-29 08:00:05 --> ErrorException: Could not check compatibility between Myth\Auth\Authentication\Passwords\CompositionValidator::check(string $password, ?CodeIgniter\Entity\Entity $user = null): bool and Myth\Auth\Authentication\Passwords\ValidatorInterface::check(string $password, ?CodeIgniter\Entity $user = null): bool, because class CodeIgniter\Entity is not available
[Method: POST, Route: register]
in VENDORPATH\myth\auth\src\Authentication\Passwords\CompositionValidator.php on line 28.
 1 [internal function]: CodeIgniter\Debug\Exceptions->shutdownHandler()
INFO - 2024-05-29 08:06:53 --> CSRF token verified.
INFO - 2024-05-29 08:06:53 --> Session: Class initialized using 'CodeIgniter\Session\Handlers\FileHandler' driver.
CRITICAL - 2024-05-29 08:06:53 --> ErrorException: Could not check compatibility between Myth\Auth\Authentication\Passwords\CompositionValidator::check(string $password, ?CodeIgniter\Entity\Entity $user = null): bool and Myth\Auth\Authentication\Passwords\ValidatorInterface::check(string $password, ?CodeIgniter\Entity $user = null): bool, because class CodeIgniter\Entity is not available
[Method: POST, Route: register]
in VENDORPATH\myth\auth\src\Authentication\Passwords\CompositionValidator.php on line 28.
 1 [internal function]: CodeIgniter\Debug\Exceptions->shutdownHandler()
INFO - 2024-05-29 08:08:12 --> CSRF token verified.
INFO - 2024-05-29 08:08:12 --> Session: Class initialized using 'CodeIgniter\Session\Handlers\FileHandler' driver.
CRITICAL - 2024-05-29 08:08:12 --> ErrorException: Could not check compatibility between Myth\Auth\Authentication\Passwords\CompositionValidator::check(string $password, ?CodeIgniter\Entity\Entity $user = null): bool and Myth\Auth\Authentication\Passwords\ValidatorInterface::check(string $password, ?CodeIgniter\Entity $user = null): bool, because class CodeIgniter\Entity is not available
[Method: POST, Route: register]
in VENDORPATH\myth\auth\src\Authentication\Passwords\CompositionValidator.php on line 28.
 1 [internal function]: CodeIgniter\Debug\Exceptions->shutdownHandler()
INFO - 2024-05-29 08:08:16 --> Session: Class initialized using 'CodeIgniter\Session\Handlers\FileHandler' driver.
INFO - 2024-05-29 08:08:25 --> CSRF token verified.
INFO - 2024-05-29 08:08:25 --> Session: Class initialized using 'CodeIgniter\Session\Handlers\FileHandler' driver.
CRITICAL - 2024-05-29 08:08:25 --> ErrorException: Could not check compatibility between Myth\Auth\Authentication\Passwords\CompositionValidator::check(string $password, ?CodeIgniter\Entity\Entity $user = null): bool and Myth\Auth\Authentication\Passwords\ValidatorInterface::check(string $password, ?CodeIgniter\Entity $user = null): bool, because class CodeIgniter\Entity is not available
[Method: POST, Route: register]
in VENDORPATH\myth\auth\src\Authentication\Passwords\CompositionValidator.php on line 28.
 1 [internal function]: CodeIgniter\Debug\Exceptions->shutdownHandler()
INFO - 2024-05-29 08:10:10 --> CSRF token verified.
INFO - 2024-05-29 08:10:10 --> Session: Class initialized using 'CodeIgniter\Session\Handlers\FileHandler' driver.
CRITICAL - 2024-05-29 08:10:10 --> ErrorException: Could not check compatibility between Myth\Auth\Authentication\Passwords\CompositionValidator::check(string $password, ?CodeIgniter\Entity\Entity $user = null): bool and Myth\Auth\Authentication\Passwords\ValidatorInterface::check(string $password, ?CodeIgniter\Entity $user = null): bool, because class CodeIgniter\Entity is not available
[Method: POST, Route: register]
in VENDORPATH\myth\auth\src\Authentication\Passwords\CompositionValidator.php on line 28.
 1 [internal function]: CodeIgniter\Debug\Exceptions->shutdownHandler()
