INFO - 2024-05-14 11:45:46 --> Session: Class initialized using 'CodeIgniter\Session\Handlers\FileHandler' driver.
INFO - 2024-05-14 12:40:31 --> Session: Class initialized using 'CodeIgniter\Session\Handlers\FileHandler' driver.
CRITICAL - 2024-05-14 12:40:33 --> ArgumentCountError: Too few arguments to function App\Controllers\ProdukKategori::detail(), 0 passed in C:\Users\solehudin1725\Documents\MATERI PERKULIAHAN SMT 6\project_skincare_uniba\vendor\codeigniter4\framework\system\CodeIgniter.php on line 933 and exactly 1 expected
[Method: GET, Route: detail/loose-powder]
in APPPATH\Controllers\ProdukKategori.php on line 30.
 1 SYSTEMPATH\CodeIgniter.php(933): App\Controllers\ProdukKategori->detail()
 2 SYSTEMPATH\CodeIgniter.php(509): CodeIgniter\CodeIgniter->runController(Object(App\Controllers\ProdukKategori))
 3 SYSTEMPATH\CodeIgniter.php(355): CodeIgniter\CodeIgniter->handleRequest(null, Object(Config\Cache), false)
 4 SYSTEMPATH\Boot.php(312): CodeIgniter\CodeIgniter->run()
 5 SYSTEMPATH\Boot.php(67): CodeIgniter\Boot::runCodeIgniter(Object(CodeIgniter\CodeIgniter))
 6 FCPATH\index.php(56): CodeIgniter\Boot::bootWeb(Object(Config\Paths))
 7 SYSTEMPATH\Commands\Server\rewrite.php(49): require_once('C:\\Users\\solehudin1725\\Documents\\MATERI PERKULIAHAN SMT 6\\project_skincare_uniba\\public\\index.php')
INFO - 2024-05-14 12:41:17 --> Session: Class initialized using 'CodeIgniter\Session\Handlers\FileHandler' driver.
CRITICAL - 2024-05-14 12:41:20 --> ErrorException: Undefined array key "image"
[Method: GET, Route: detail/loose-powder]
in APPPATH\Views\produk\detail.php on line 10.
 1 APPPATH\Views\produk\detail.php(10): CodeIgniter\Debug\Exceptions->errorHandler(2, 'Undefined array key "image"', 'C:\\Users\\solehudin1725\\Documents\\MATERI PERKULIAHAN SMT 6\\project_skincare_uniba\\app\\Views\\produk\\detail.php', 10)
 2 SYSTEMPATH\View\View.php(234): include('C:\\Users\\solehudin1725\\Documents\\MATERI PERKULIAHAN SMT 6\\project_skincare_uniba\\app\\Views\\produk\\detail.php')
 3 SYSTEMPATH\View\View.php(237): CodeIgniter\View\View->CodeIgniter\View\{closure}()
 4 SYSTEMPATH\Common.php(1171): CodeIgniter\View\View->render('produk/detail', [], true)
 5 APPPATH\Controllers\ProdukKategori.php(38): view('produk/detail', [...])
 6 SYSTEMPATH\CodeIgniter.php(933): App\Controllers\ProdukKategori->detail('loose-powder')
 7 SYSTEMPATH\CodeIgniter.php(509): CodeIgniter\CodeIgniter->runController(Object(App\Controllers\ProdukKategori))
 8 SYSTEMPATH\CodeIgniter.php(355): CodeIgniter\CodeIgniter->handleRequest(null, Object(Config\Cache), false)
 9 SYSTEMPATH\Boot.php(312): CodeIgniter\CodeIgniter->run()
10 SYSTEMPATH\Boot.php(67): CodeIgniter\Boot::runCodeIgniter(Object(CodeIgniter\CodeIgniter))
11 FCPATH\index.php(56): CodeIgniter\Boot::bootWeb(Object(Config\Paths))
12 SYSTEMPATH\Commands\Server\rewrite.php(49): require_once('C:\\Users\\solehudin1725\\Documents\\MATERI PERKULIAHAN SMT 6\\project_skincare_uniba\\public\\index.php')
CRITICAL - 2024-05-14 12:41:58 --> ErrorException: Undefined array key "nama"
[Method: GET, Route: detail/loose-powder]
in APPPATH\Views\produk\detail.php on line 11.
 1 APPPATH\Views\produk\detail.php(11): CodeIgniter\Debug\Exceptions->errorHandler(2, 'Undefined array key "nama"', 'C:\\Users\\solehudin1725\\Documents\\MATERI PERKULIAHAN SMT 6\\project_skincare_uniba\\app\\Views\\produk\\detail.php', 11)
 2 SYSTEMPATH\View\View.php(234): include('C:\\Users\\solehudin1725\\Documents\\MATERI PERKULIAHAN SMT 6\\project_skincare_uniba\\app\\Views\\produk\\detail.php')
 3 SYSTEMPATH\View\View.php(237): CodeIgniter\View\View->CodeIgniter\View\{closure}()
 4 SYSTEMPATH\Common.php(1171): CodeIgniter\View\View->render('produk/detail', [], true)
 5 APPPATH\Controllers\ProdukKategori.php(38): view('produk/detail', [...])
 6 SYSTEMPATH\CodeIgniter.php(933): App\Controllers\ProdukKategori->detail('loose-powder')
 7 SYSTEMPATH\CodeIgniter.php(509): CodeIgniter\CodeIgniter->runController(Object(App\Controllers\ProdukKategori))
 8 SYSTEMPATH\CodeIgniter.php(355): CodeIgniter\CodeIgniter->handleRequest(null, Object(Config\Cache), false)
 9 SYSTEMPATH\Boot.php(312): CodeIgniter\CodeIgniter->run()
10 SYSTEMPATH\Boot.php(67): CodeIgniter\Boot::runCodeIgniter(Object(CodeIgniter\CodeIgniter))
11 FCPATH\index.php(56): CodeIgniter\Boot::bootWeb(Object(Config\Paths))
12 SYSTEMPATH\Commands\Server\rewrite.php(49): require_once('C:\\Users\\solehudin1725\\Documents\\MATERI PERKULIAHAN SMT 6\\project_skincare_uniba\\public\\index.php')
CRITICAL - 2024-05-14 12:42:23 --> ErrorException: Attempt to read property "nama" on array
[Method: GET, Route: detail/loose-powder]
in APPPATH\Views\produk\detail.php on line 11.
 1 APPPATH\Views\produk\detail.php(11): CodeIgniter\Debug\Exceptions->errorHandler(2, 'Attempt to read property "nama" on array', 'C:\\Users\\solehudin1725\\Documents\\MATERI PERKULIAHAN SMT 6\\project_skincare_uniba\\app\\Views\\produk\\detail.php', 11)
 2 SYSTEMPATH\View\View.php(234): include('C:\\Users\\solehudin1725\\Documents\\MATERI PERKULIAHAN SMT 6\\project_skincare_uniba\\app\\Views\\produk\\detail.php')
 3 SYSTEMPATH\View\View.php(237): CodeIgniter\View\View->CodeIgniter\View\{closure}()
 4 SYSTEMPATH\Common.php(1171): CodeIgniter\View\View->render('produk/detail', [], true)
 5 APPPATH\Controllers\ProdukKategori.php(38): view('produk/detail', [...])
 6 SYSTEMPATH\CodeIgniter.php(933): App\Controllers\ProdukKategori->detail('loose-powder')
 7 SYSTEMPATH\CodeIgniter.php(509): CodeIgniter\CodeIgniter->runController(Object(App\Controllers\ProdukKategori))
 8 SYSTEMPATH\CodeIgniter.php(355): CodeIgniter\CodeIgniter->handleRequest(null, Object(Config\Cache), false)
 9 SYSTEMPATH\Boot.php(312): CodeIgniter\CodeIgniter->run()
10 SYSTEMPATH\Boot.php(67): CodeIgniter\Boot::runCodeIgniter(Object(CodeIgniter\CodeIgniter))
11 FCPATH\index.php(56): CodeIgniter\Boot::bootWeb(Object(Config\Paths))
12 SYSTEMPATH\Commands\Server\rewrite.php(49): require_once('C:\\Users\\solehudin1725\\Documents\\MATERI PERKULIAHAN SMT 6\\project_skincare_uniba\\public\\index.php')
INFO - 2024-05-14 12:43:22 --> Session: Class initialized using 'CodeIgniter\Session\Handlers\FileHandler' driver.
INFO - 2024-05-14 12:44:34 --> Session: Class initialized using 'CodeIgniter\Session\Handlers\FileHandler' driver.
INFO - 2024-05-14 12:45:25 --> Session: Class initialized using 'CodeIgniter\Session\Handlers\FileHandler' driver.
INFO - 2024-05-14 12:45:30 --> Session: Class initialized using 'CodeIgniter\Session\Handlers\FileHandler' driver.
INFO - 2024-05-14 12:45:37 --> Session: Class initialized using 'CodeIgniter\Session\Handlers\FileHandler' driver.
INFO - 2024-05-14 14:08:54 --> Session: Class initialized using 'CodeIgniter\Session\Handlers\FileHandler' driver.
CRITICAL - 2024-05-14 14:08:56 --> Error: Cannot use object of type mysqli as array
[Method: GET, Route: detail/loose-powder]
in APPPATH\Views\produk\detail.php on line 7.
 1 SYSTEMPATH\View\View.php(234): include()
 2 SYSTEMPATH\View\View.php(237): CodeIgniter\View\View->CodeIgniter\View\{closure}()
 3 SYSTEMPATH\Common.php(1171): CodeIgniter\View\View->render('produk/detail', [], true)
 4 APPPATH\Controllers\ProdukKategori.php(38): view('produk/detail', [...])
 5 SYSTEMPATH\CodeIgniter.php(933): App\Controllers\ProdukKategori->detail('loose-powder')
 6 SYSTEMPATH\CodeIgniter.php(509): CodeIgniter\CodeIgniter->runController(Object(App\Controllers\ProdukKategori))
 7 SYSTEMPATH\CodeIgniter.php(355): CodeIgniter\CodeIgniter->handleRequest(null, Object(Config\Cache), false)
 8 SYSTEMPATH\Boot.php(312): CodeIgniter\CodeIgniter->run()
 9 SYSTEMPATH\Boot.php(67): CodeIgniter\Boot::runCodeIgniter(Object(CodeIgniter\CodeIgniter))
10 FCPATH\index.php(56): CodeIgniter\Boot::bootWeb(Object(Config\Paths))
11 SYSTEMPATH\Commands\Server\rewrite.php(49): require_once('C:\\Users\\solehudin1725\\Documents\\MATERI PERKULIAHAN SMT 6\\project_skincare_uniba\\public\\index.php')
INFO - 2024-05-14 14:09:24 --> Session: Class initialized using 'CodeIgniter\Session\Handlers\FileHandler' driver.
CRITICAL - 2024-05-14 14:09:28 --> ErrorException: Undefined property: mysqli::$nama
[Method: GET, Route: detail/loose-powder]
in APPPATH\Views\produk\detail.php on line 7.
 1 APPPATH\Views\produk\detail.php(7): CodeIgniter\Debug\Exceptions->errorHandler(2, 'Undefined property: mysqli::$nama', 'C:\\Users\\solehudin1725\\Documents\\MATERI PERKULIAHAN SMT 6\\project_skincare_uniba\\app\\Views\\produk\\detail.php', 7)
 2 SYSTEMPATH\View\View.php(234): include('C:\\Users\\solehudin1725\\Documents\\MATERI PERKULIAHAN SMT 6\\project_skincare_uniba\\app\\Views\\produk\\detail.php')
 3 SYSTEMPATH\View\View.php(237): CodeIgniter\View\View->CodeIgniter\View\{closure}()
 4 SYSTEMPATH\Common.php(1171): CodeIgniter\View\View->render('produk/detail', [], true)
 5 APPPATH\Controllers\ProdukKategori.php(38): view('produk/detail', [...])
 6 SYSTEMPATH\CodeIgniter.php(933): App\Controllers\ProdukKategori->detail('loose-powder')
 7 SYSTEMPATH\CodeIgniter.php(509): CodeIgniter\CodeIgniter->runController(Object(App\Controllers\ProdukKategori))
 8 SYSTEMPATH\CodeIgniter.php(355): CodeIgniter\CodeIgniter->handleRequest(null, Object(Config\Cache), false)
 9 SYSTEMPATH\Boot.php(312): CodeIgniter\CodeIgniter->run()
10 SYSTEMPATH\Boot.php(67): CodeIgniter\Boot::runCodeIgniter(Object(CodeIgniter\CodeIgniter))
11 FCPATH\index.php(56): CodeIgniter\Boot::bootWeb(Object(Config\Paths))
12 SYSTEMPATH\Commands\Server\rewrite.php(49): require_once('C:\\Users\\solehudin1725\\Documents\\MATERI PERKULIAHAN SMT 6\\project_skincare_uniba\\public\\index.php')
INFO - 2024-05-14 14:10:18 --> Session: Class initialized using 'CodeIgniter\Session\Handlers\FileHandler' driver.
CRITICAL - 2024-05-14 14:10:19 --> ErrorException: Undefined property: mysqli::$product_name
[Method: GET, Route: detail/loose-powder]
in APPPATH\Views\produk\detail.php on line 7.
 1 APPPATH\Views\produk\detail.php(7): CodeIgniter\Debug\Exceptions->errorHandler(2, 'Undefined property: mysqli::$product_name', 'C:\\Users\\solehudin1725\\Documents\\MATERI PERKULIAHAN SMT 6\\project_skincare_uniba\\app\\Views\\produk\\detail.php', 7)
 2 SYSTEMPATH\View\View.php(234): include('C:\\Users\\solehudin1725\\Documents\\MATERI PERKULIAHAN SMT 6\\project_skincare_uniba\\app\\Views\\produk\\detail.php')
 3 SYSTEMPATH\View\View.php(237): CodeIgniter\View\View->CodeIgniter\View\{closure}()
 4 SYSTEMPATH\Common.php(1171): CodeIgniter\View\View->render('produk/detail', [], true)
 5 APPPATH\Controllers\ProdukKategori.php(38): view('produk/detail', [...])
 6 SYSTEMPATH\CodeIgniter.php(933): App\Controllers\ProdukKategori->detail('loose-powder')
 7 SYSTEMPATH\CodeIgniter.php(509): CodeIgniter\CodeIgniter->runController(Object(App\Controllers\ProdukKategori))
 8 SYSTEMPATH\CodeIgniter.php(355): CodeIgniter\CodeIgniter->handleRequest(null, Object(Config\Cache), false)
 9 SYSTEMPATH\Boot.php(312): CodeIgniter\CodeIgniter->run()
10 SYSTEMPATH\Boot.php(67): CodeIgniter\Boot::runCodeIgniter(Object(CodeIgniter\CodeIgniter))
11 FCPATH\index.php(56): CodeIgniter\Boot::bootWeb(Object(Config\Paths))
12 SYSTEMPATH\Commands\Server\rewrite.php(49): require_once('C:\\Users\\solehudin1725\\Documents\\MATERI PERKULIAHAN SMT 6\\project_skincare_uniba\\public\\index.php')
INFO - 2024-05-14 14:10:36 --> Session: Class initialized using 'CodeIgniter\Session\Handlers\FileHandler' driver.
CRITICAL - 2024-05-14 14:10:38 --> Error: Cannot use object of type mysqli as array
[Method: GET, Route: detail/loose-powder]
in APPPATH\Views\produk\detail.php on line 7.
 1 SYSTEMPATH\View\View.php(234): include()
 2 SYSTEMPATH\View\View.php(237): CodeIgniter\View\View->CodeIgniter\View\{closure}()
 3 SYSTEMPATH\Common.php(1171): CodeIgniter\View\View->render('produk/detail', [], true)
 4 APPPATH\Controllers\ProdukKategori.php(38): view('produk/detail', [...])
 5 SYSTEMPATH\CodeIgniter.php(933): App\Controllers\ProdukKategori->detail('loose-powder')
 6 SYSTEMPATH\CodeIgniter.php(509): CodeIgniter\CodeIgniter->runController(Object(App\Controllers\ProdukKategori))
 7 SYSTEMPATH\CodeIgniter.php(355): CodeIgniter\CodeIgniter->handleRequest(null, Object(Config\Cache), false)
 8 SYSTEMPATH\Boot.php(312): CodeIgniter\CodeIgniter->run()
 9 SYSTEMPATH\Boot.php(67): CodeIgniter\Boot::runCodeIgniter(Object(CodeIgniter\CodeIgniter))
10 FCPATH\index.php(56): CodeIgniter\Boot::bootWeb(Object(Config\Paths))
11 SYSTEMPATH\Commands\Server\rewrite.php(49): require_once('C:\\Users\\solehudin1725\\Documents\\MATERI PERKULIAHAN SMT 6\\project_skincare_uniba\\public\\index.php')
INFO - 2024-05-14 14:14:06 --> Session: Class initialized using 'CodeIgniter\Session\Handlers\FileHandler' driver.
INFO - 2024-05-14 14:14:50 --> Session: Class initialized using 'CodeIgniter\Session\Handlers\FileHandler' driver.
CRITICAL - 2024-05-14 14:14:52 --> ErrorException: Undefined array key "product_name"
[Method: GET, Route: detail/loose-powder]
in APPPATH\Views\produk\detail.php on line 7.
 1 APPPATH\Views\produk\detail.php(7): CodeIgniter\Debug\Exceptions->errorHandler(2, 'Undefined array key "product_name"', 'C:\\Users\\solehudin1725\\Documents\\MATERI PERKULIAHAN SMT 6\\project_skincare_uniba\\app\\Views\\produk\\detail.php', 7)
 2 SYSTEMPATH\View\View.php(234): include('C:\\Users\\solehudin1725\\Documents\\MATERI PERKULIAHAN SMT 6\\project_skincare_uniba\\app\\Views\\produk\\detail.php')
 3 SYSTEMPATH\View\View.php(237): CodeIgniter\View\View->CodeIgniter\View\{closure}()
 4 SYSTEMPATH\Common.php(1171): CodeIgniter\View\View->render('produk/detail', [], true)
 5 APPPATH\Controllers\ProdukKategori.php(38): view('produk/detail', [...])
 6 SYSTEMPATH\CodeIgniter.php(933): App\Controllers\ProdukKategori->detail('loose-powder')
 7 SYSTEMPATH\CodeIgniter.php(509): CodeIgniter\CodeIgniter->runController(Object(App\Controllers\ProdukKategori))
 8 SYSTEMPATH\CodeIgniter.php(355): CodeIgniter\CodeIgniter->handleRequest(null, Object(Config\Cache), false)
 9 SYSTEMPATH\Boot.php(312): CodeIgniter\CodeIgniter->run()
10 SYSTEMPATH\Boot.php(67): CodeIgniter\Boot::runCodeIgniter(Object(CodeIgniter\CodeIgniter))
11 FCPATH\index.php(56): CodeIgniter\Boot::bootWeb(Object(Config\Paths))
12 SYSTEMPATH\Commands\Server\rewrite.php(49): require_once('C:\\Users\\solehudin1725\\Documents\\MATERI PERKULIAHAN SMT 6\\project_skincare_uniba\\public\\index.php')
INFO - 2024-05-14 14:15:33 --> Session: Class initialized using 'CodeIgniter\Session\Handlers\FileHandler' driver.
CRITICAL - 2024-05-14 14:15:34 --> ErrorException: Attempt to read property "product_name" on array
[Method: GET, Route: detail/loose-powder]
in APPPATH\Views\produk\detail.php on line 7.
 1 APPPATH\Views\produk\detail.php(7): CodeIgniter\Debug\Exceptions->errorHandler(2, 'Attempt to read property "product_name" on array', 'C:\\Users\\solehudin1725\\Documents\\MATERI PERKULIAHAN SMT 6\\project_skincare_uniba\\app\\Views\\produk\\detail.php', 7)
 2 SYSTEMPATH\View\View.php(234): include('C:\\Users\\solehudin1725\\Documents\\MATERI PERKULIAHAN SMT 6\\project_skincare_uniba\\app\\Views\\produk\\detail.php')
 3 SYSTEMPATH\View\View.php(237): CodeIgniter\View\View->CodeIgniter\View\{closure}()
 4 SYSTEMPATH\Common.php(1171): CodeIgniter\View\View->render('produk/detail', [], true)
 5 APPPATH\Controllers\ProdukKategori.php(38): view('produk/detail', [...])
 6 SYSTEMPATH\CodeIgniter.php(933): App\Controllers\ProdukKategori->detail('loose-powder')
 7 SYSTEMPATH\CodeIgniter.php(509): CodeIgniter\CodeIgniter->runController(Object(App\Controllers\ProdukKategori))
 8 SYSTEMPATH\CodeIgniter.php(355): CodeIgniter\CodeIgniter->handleRequest(null, Object(Config\Cache), false)
 9 SYSTEMPATH\Boot.php(312): CodeIgniter\CodeIgniter->run()
10 SYSTEMPATH\Boot.php(67): CodeIgniter\Boot::runCodeIgniter(Object(CodeIgniter\CodeIgniter))
11 FCPATH\index.php(56): CodeIgniter\Boot::bootWeb(Object(Config\Paths))
12 SYSTEMPATH\Commands\Server\rewrite.php(49): require_once('C:\\Users\\solehudin1725\\Documents\\MATERI PERKULIAHAN SMT 6\\project_skincare_uniba\\public\\index.php')
INFO - 2024-05-14 14:19:12 --> Session: Class initialized using 'CodeIgniter\Session\Handlers\FileHandler' driver.
CRITICAL - 2024-05-14 14:19:15 --> ErrorException: Undefined property: mysqli::$product_name
[Method: GET, Route: detail/loose-powder]
in APPPATH\Views\produk\detail.php on line 7.
 1 APPPATH\Views\produk\detail.php(7): CodeIgniter\Debug\Exceptions->errorHandler(2, 'Undefined property: mysqli::$product_name', 'C:\\Users\\solehudin1725\\Documents\\MATERI PERKULIAHAN SMT 6\\project_skincare_uniba\\app\\Views\\produk\\detail.php', 7)
 2 SYSTEMPATH\View\View.php(234): include('C:\\Users\\solehudin1725\\Documents\\MATERI PERKULIAHAN SMT 6\\project_skincare_uniba\\app\\Views\\produk\\detail.php')
 3 SYSTEMPATH\View\View.php(237): CodeIgniter\View\View->CodeIgniter\View\{closure}()
 4 SYSTEMPATH\Common.php(1171): CodeIgniter\View\View->render('produk/detail', [], true)
 5 APPPATH\Controllers\ProdukKategori.php(38): view('produk/detail', [...])
 6 SYSTEMPATH\CodeIgniter.php(933): App\Controllers\ProdukKategori->detail('loose-powder')
 7 SYSTEMPATH\CodeIgniter.php(509): CodeIgniter\CodeIgniter->runController(Object(App\Controllers\ProdukKategori))
 8 SYSTEMPATH\CodeIgniter.php(355): CodeIgniter\CodeIgniter->handleRequest(null, Object(Config\Cache), false)
 9 SYSTEMPATH\Boot.php(312): CodeIgniter\CodeIgniter->run()
10 SYSTEMPATH\Boot.php(67): CodeIgniter\Boot::runCodeIgniter(Object(CodeIgniter\CodeIgniter))
11 FCPATH\index.php(56): CodeIgniter\Boot::bootWeb(Object(Config\Paths))
12 SYSTEMPATH\Commands\Server\rewrite.php(49): require_once('C:\\Users\\solehudin1725\\Documents\\MATERI PERKULIAHAN SMT 6\\project_skincare_uniba\\public\\index.php')
INFO - 2024-05-14 14:19:36 --> Session: Class initialized using 'CodeIgniter\Session\Handlers\FileHandler' driver.
CRITICAL - 2024-05-14 14:19:40 --> Error: Cannot use object of type mysqli as array
[Method: GET, Route: detail/loose-powder]
in APPPATH\Views\produk\detail.php on line 7.
 1 SYSTEMPATH\View\View.php(234): include()
 2 SYSTEMPATH\View\View.php(237): CodeIgniter\View\View->CodeIgniter\View\{closure}()
 3 SYSTEMPATH\Common.php(1171): CodeIgniter\View\View->render('produk/detail', [], true)
 4 APPPATH\Controllers\ProdukKategori.php(38): view('produk/detail', [...])
 5 SYSTEMPATH\CodeIgniter.php(933): App\Controllers\ProdukKategori->detail('loose-powder')
 6 SYSTEMPATH\CodeIgniter.php(509): CodeIgniter\CodeIgniter->runController(Object(App\Controllers\ProdukKategori))
 7 SYSTEMPATH\CodeIgniter.php(355): CodeIgniter\CodeIgniter->handleRequest(null, Object(Config\Cache), false)
 8 SYSTEMPATH\Boot.php(312): CodeIgniter\CodeIgniter->run()
 9 SYSTEMPATH\Boot.php(67): CodeIgniter\Boot::runCodeIgniter(Object(CodeIgniter\CodeIgniter))
10 FCPATH\index.php(56): CodeIgniter\Boot::bootWeb(Object(Config\Paths))
11 SYSTEMPATH\Commands\Server\rewrite.php(49): require_once('C:\\Users\\solehudin1725\\Documents\\MATERI PERKULIAHAN SMT 6\\project_skincare_uniba\\public\\index.php')
INFO - 2024-05-14 14:20:01 --> Session: Class initialized using 'CodeIgniter\Session\Handlers\FileHandler' driver.
CRITICAL - 2024-05-14 14:20:03 --> Error: Cannot use object of type mysqli as array
[Method: GET, Route: detail/loose-powder]
in APPPATH\Views\produk\detail.php on line 7.
 1 SYSTEMPATH\View\View.php(234): include()
 2 SYSTEMPATH\View\View.php(237): CodeIgniter\View\View->CodeIgniter\View\{closure}()
 3 SYSTEMPATH\Common.php(1171): CodeIgniter\View\View->render('produk/detail', [], true)
 4 APPPATH\Controllers\ProdukKategori.php(38): view('produk/detail', [...])
 5 SYSTEMPATH\CodeIgniter.php(933): App\Controllers\ProdukKategori->detail('loose-powder')
 6 SYSTEMPATH\CodeIgniter.php(509): CodeIgniter\CodeIgniter->runController(Object(App\Controllers\ProdukKategori))
 7 SYSTEMPATH\CodeIgniter.php(355): CodeIgniter\CodeIgniter->handleRequest(null, Object(Config\Cache), false)
 8 SYSTEMPATH\Boot.php(312): CodeIgniter\CodeIgniter->run()
 9 SYSTEMPATH\Boot.php(67): CodeIgniter\Boot::runCodeIgniter(Object(CodeIgniter\CodeIgniter))
10 FCPATH\index.php(56): CodeIgniter\Boot::bootWeb(Object(Config\Paths))
11 SYSTEMPATH\Commands\Server\rewrite.php(49): require_once('C:\\Users\\solehudin1725\\Documents\\MATERI PERKULIAHAN SMT 6\\project_skincare_uniba\\public\\index.php')
INFO - 2024-05-14 14:30:46 --> Session: Class initialized using 'CodeIgniter\Session\Handlers\FileHandler' driver.
CRITICAL - 2024-05-14 14:30:49 --> Error: Cannot use object of type mysqli as array
[Method: GET, Route: detail/loose-powder]
in APPPATH\Views\produk\detail.php on line 7.
 1 SYSTEMPATH\View\View.php(234): include()
 2 SYSTEMPATH\View\View.php(237): CodeIgniter\View\View->CodeIgniter\View\{closure}()
 3 SYSTEMPATH\Common.php(1171): CodeIgniter\View\View->render('produk/detail', [], true)
 4 APPPATH\Controllers\ProdukKategori.php(38): view('produk/detail', [...])
 5 SYSTEMPATH\CodeIgniter.php(933): App\Controllers\ProdukKategori->detail('loose-powder')
 6 SYSTEMPATH\CodeIgniter.php(509): CodeIgniter\CodeIgniter->runController(Object(App\Controllers\ProdukKategori))
 7 SYSTEMPATH\CodeIgniter.php(355): CodeIgniter\CodeIgniter->handleRequest(null, Object(Config\Cache), false)
 8 SYSTEMPATH\Boot.php(312): CodeIgniter\CodeIgniter->run()
 9 SYSTEMPATH\Boot.php(67): CodeIgniter\Boot::runCodeIgniter(Object(CodeIgniter\CodeIgniter))
10 FCPATH\index.php(56): CodeIgniter\Boot::bootWeb(Object(Config\Paths))
11 SYSTEMPATH\Commands\Server\rewrite.php(49): require_once('C:\\Users\\solehudin1725\\Documents\\MATERI PERKULIAHAN SMT 6\\project_skincare_uniba\\public\\index.php')
INFO - 2024-05-14 14:32:04 --> Session: Class initialized using 'CodeIgniter\Session\Handlers\FileHandler' driver.
CRITICAL - 2024-05-14 14:32:07 --> Error: Cannot use object of type mysqli as array
[Method: GET, Route: detail/loose-powder]
in APPPATH\Views\produk\detail.php on line 7.
 1 SYSTEMPATH\View\View.php(234): include()
 2 SYSTEMPATH\View\View.php(237): CodeIgniter\View\View->CodeIgniter\View\{closure}()
 3 SYSTEMPATH\Common.php(1171): CodeIgniter\View\View->render('produk/detail', [], true)
 4 APPPATH\Controllers\ProdukKategori.php(38): view('produk/detail', [...])
 5 SYSTEMPATH\CodeIgniter.php(933): App\Controllers\ProdukKategori->detail('loose-powder')
 6 SYSTEMPATH\CodeIgniter.php(509): CodeIgniter\CodeIgniter->runController(Object(App\Controllers\ProdukKategori))
 7 SYSTEMPATH\CodeIgniter.php(355): CodeIgniter\CodeIgniter->handleRequest(null, Object(Config\Cache), false)
 8 SYSTEMPATH\Boot.php(312): CodeIgniter\CodeIgniter->run()
 9 SYSTEMPATH\Boot.php(67): CodeIgniter\Boot::runCodeIgniter(Object(CodeIgniter\CodeIgniter))
10 FCPATH\index.php(56): CodeIgniter\Boot::bootWeb(Object(Config\Paths))
11 SYSTEMPATH\Commands\Server\rewrite.php(49): require_once('C:\\Users\\solehudin1725\\Documents\\MATERI PERKULIAHAN SMT 6\\project_skincare_uniba\\public\\index.php')
INFO - 2024-05-14 14:37:32 --> Session: Class initialized using 'CodeIgniter\Session\Handlers\FileHandler' driver.
CRITICAL - 2024-05-14 14:37:34 --> Error: Cannot use object of type stdClass as array
[Method: GET, Route: detail/loose-powder]
in APPPATH\Views\produk\detail.php on line 7.
 1 SYSTEMPATH\View\View.php(234): include()
 2 SYSTEMPATH\View\View.php(237): CodeIgniter\View\View->CodeIgniter\View\{closure}()
 3 SYSTEMPATH\Common.php(1171): CodeIgniter\View\View->render('produk/detail', [], true)
 4 APPPATH\Controllers\ProdukKategori.php(38): view('produk/detail', [...])
 5 SYSTEMPATH\CodeIgniter.php(933): App\Controllers\ProdukKategori->detail('loose-powder')
 6 SYSTEMPATH\CodeIgniter.php(509): CodeIgniter\CodeIgniter->runController(Object(App\Controllers\ProdukKategori))
 7 SYSTEMPATH\CodeIgniter.php(355): CodeIgniter\CodeIgniter->handleRequest(null, Object(Config\Cache), false)
 8 SYSTEMPATH\Boot.php(312): CodeIgniter\CodeIgniter->run()
 9 SYSTEMPATH\Boot.php(67): CodeIgniter\Boot::runCodeIgniter(Object(CodeIgniter\CodeIgniter))
10 FCPATH\index.php(56): CodeIgniter\Boot::bootWeb(Object(Config\Paths))
11 SYSTEMPATH\Commands\Server\rewrite.php(49): require_once('C:\\Users\\solehudin1725\\Documents\\MATERI PERKULIAHAN SMT 6\\project_skincare_uniba\\public\\index.php')
INFO - 2024-05-14 14:40:33 --> Session: Class initialized using 'CodeIgniter\Session\Handlers\FileHandler' driver.
CRITICAL - 2024-05-14 14:40:35 --> Error: Cannot use object of type stdClass as array
[Method: GET, Route: detail/loose-powder]
in APPPATH\Views\produk\detail.php on line 7.
 1 SYSTEMPATH\View\View.php(234): include()
 2 SYSTEMPATH\View\View.php(237): CodeIgniter\View\View->CodeIgniter\View\{closure}()
 3 SYSTEMPATH\Common.php(1171): CodeIgniter\View\View->render('produk/detail', [], true)
 4 APPPATH\Controllers\ProdukKategori.php(38): view('produk/detail', [...])
 5 SYSTEMPATH\CodeIgniter.php(933): App\Controllers\ProdukKategori->detail('loose-powder')
 6 SYSTEMPATH\CodeIgniter.php(509): CodeIgniter\CodeIgniter->runController(Object(App\Controllers\ProdukKategori))
 7 SYSTEMPATH\CodeIgniter.php(355): CodeIgniter\CodeIgniter->handleRequest(null, Object(Config\Cache), false)
 8 SYSTEMPATH\Boot.php(312): CodeIgniter\CodeIgniter->run()
 9 SYSTEMPATH\Boot.php(67): CodeIgniter\Boot::runCodeIgniter(Object(CodeIgniter\CodeIgniter))
10 FCPATH\index.php(56): CodeIgniter\Boot::bootWeb(Object(Config\Paths))
11 SYSTEMPATH\Commands\Server\rewrite.php(49): require_once('C:\\Users\\solehudin1725\\Documents\\MATERI PERKULIAHAN SMT 6\\project_skincare_uniba\\public\\index.php')
INFO - 2024-05-14 14:43:21 --> Session: Class initialized using 'CodeIgniter\Session\Handlers\FileHandler' driver.
CRITICAL - 2024-05-14 14:43:23 --> Error: Cannot use object of type stdClass as array
[Method: GET, Route: detail/loose-powder]
in APPPATH\Views\produk\detail.php on line 7.
 1 SYSTEMPATH\View\View.php(234): include()
 2 SYSTEMPATH\View\View.php(237): CodeIgniter\View\View->CodeIgniter\View\{closure}()
 3 SYSTEMPATH\Common.php(1171): CodeIgniter\View\View->render('produk/detail', [], true)
 4 APPPATH\Controllers\ProdukKategori.php(38): view('produk/detail', [...])
 5 SYSTEMPATH\CodeIgniter.php(933): App\Controllers\ProdukKategori->detail('loose-powder')
 6 SYSTEMPATH\CodeIgniter.php(509): CodeIgniter\CodeIgniter->runController(Object(App\Controllers\ProdukKategori))
 7 SYSTEMPATH\CodeIgniter.php(355): CodeIgniter\CodeIgniter->handleRequest(null, Object(Config\Cache), false)
 8 SYSTEMPATH\Boot.php(312): CodeIgniter\CodeIgniter->run()
 9 SYSTEMPATH\Boot.php(67): CodeIgniter\Boot::runCodeIgniter(Object(CodeIgniter\CodeIgniter))
10 FCPATH\index.php(56): CodeIgniter\Boot::bootWeb(Object(Config\Paths))
11 SYSTEMPATH\Commands\Server\rewrite.php(49): require_once('C:\\Users\\solehudin1725\\Documents\\MATERI PERKULIAHAN SMT 6\\project_skincare_uniba\\public\\index.php')
INFO - 2024-05-14 14:54:40 --> Session: Class initialized using 'CodeIgniter\Session\Handlers\FileHandler' driver.
